[+] Containers:
 |- [+] Container: /Game/Sam/SamLevel
 |   |- [+] ActorDescs:
 |   |   |- Guid:0BA08CC740F9D09B5CF0E9AE92B21634 BaseClass: NativeClass:/Script/Engine.ExponentialHeightFog Name:ExponentialHeightFog_0 Label:ExponentialHeightFog SpatiallyLoaded:0 Bounds:IsValid=true, Min=(X=-5600.000 Y=-50.000 Z=-6850.000), Max=(X=-5600.000 Y=-50.000 Z=-6850.000) RuntimeGrid:None EditorOnly:0 RuntimeOnly:0 HLODRelevant:0 ListedInSceneOutliner:1 IsMainWorldOnly:0 FolderPath:Lighting FolderGuid:963EC3EB4002CCE9759E2EBA541A873A
 |   |   |- Guid:0CF4DD1A431E2434EB5598BCD7B5D2F3 BaseClass: NativeClass:/Script/Engine.StaticMeshActor Name:StaticMeshActor_UAID_C87F5417DB322C2E02_1859769822 Label:SM_Cube6 SpatiallyLoaded:1 Bounds:IsValid=true, Min=(X=4760.000 Y=1260.000 Z=-50.000), Max=(X=5260.000 Y=1610.000 Z=0.000) RuntimeGrid:None EditorOnly:0 RuntimeOnly:0 HLODRelevant:1 ListedInSceneOutliner:1 IsMainWorldOnly:0 FolderPath:Playground FolderGuid:C73F09FC4215536B1DCE2A9E0A830C70
 |   |   |- Guid:14EF88454ECA3B4F46701B885DA2A9BB BaseClass: NativeClass:/Script/Engine.StaticMeshActor Name:StaticMeshActor_UAID_A4AE111137DC5EFB00_1110535423 Label:SM_SkySphere SpatiallyLoaded:0 Bounds:IsValid=true, Min=(X=-1638410.000 Y=-1638410.000 Z=-1638400.000), Max=(X=1638390.000 Y=1638390.000 Z=1638400.000) RuntimeGrid:None EditorOnly:0 RuntimeOnly:0 HLODRelevant:1 ListedInSceneOutliner:1 IsMainWorldOnly:0 FolderPath:Lighting FolderGuid:963EC3EB4002CCE9759E2EBA541A873A
 |   |   |- Guid:3026D4984A7178F32090EB84BA6EB60D BaseClass:/Game/Sam/BP_Trigger.BP_Trigger_C NativeClass:/Script/Engine.Actor Name:BP_Trigger_C_UAID_2C58B90CFE56F33002_1502354051 Label:BP_Trigger SpatiallyLoaded:1 Bounds:IsValid=true, Min=(X=3130.000 Y=-1690.000 Z=90.000), Max=(X=3730.000 Y=-1090.000 Z=190.000) RuntimeGrid:None EditorOnly:0 RuntimeOnly:0 HLODRelevant:0 ListedInSceneOutliner:1 IsMainWorldOnly:0
 |   |   |- Guid:30B5CF274C816EFE713F27A42DBBF244 BaseClass: NativeClass:/Script/Engine.SkyLight Name:SkyLight_1 Label:SkyLight SpatiallyLoaded:0 Bounds:IsValid=true, Min=(X=0.000 Y=0.000 Z=690.000), Max=(X=0.000 Y=0.000 Z=690.000) RuntimeGrid:None EditorOnly:0 RuntimeOnly:0 HLODRelevant:0 ListedInSceneOutliner:1 IsMainWorldOnly:0 FolderPath:Lighting FolderGuid:963EC3EB4002CCE9759E2EBA541A873A
 |   |   |- Guid:366818BE4ECBDE0530963188E866A4FF BaseClass:/Game/BP_Door.BP_Door_C NativeClass:/Script/Engine.Actor Name:BP_Door_C_UAID_C87F5417DB322C2E02_1791608820 Label:BP_Door SpatiallyLoaded:1 Bounds:IsValid=true, Min=(X=4700.000 Y=1255.000 Z=9.236), Max=(X=4780.000 Y=1605.000 Z=359.236) RuntimeGrid:None EditorOnly:0 RuntimeOnly:0 HLODRelevant:0 ListedInSceneOutliner:1 IsMainWorldOnly:0
 |   |   |- Guid:36A7BEA84562A20A650DFB9D199C83AF BaseClass: NativeClass:/Script/Engine.StaticMeshActor Name:StaticMeshActor_UAID_644ED76ADAC6F42502_1848459518 Label:Invisible5 SpatiallyLoaded:1 Bounds:IsValid=true, Min=(X=9540.000 Y=7570.000 Z=-280.000), Max=(X=11715.000 Y=7620.000 Z=20.000) RuntimeGrid:None EditorOnly:0 RuntimeOnly:0 HLODRelevant:1 ListedInSceneOutliner:1 IsMainWorldOnly:0 FolderPath:Playground FolderGuid:C73F09FC4215536B1DCE2A9E0A830C70
 |   |   |- Guid:53C36C1E48302C66825EA48B87303767 BaseClass: NativeClass:/Script/Engine.VolumetricCloud Name:VolumetricCloud_0 Label:VolumetricCloud SpatiallyLoaded:0 Bounds:IsValid=true, Min=(X=0.000 Y=0.000 Z=820.000), Max=(X=0.000 Y=0.000 Z=820.000) RuntimeGrid:None EditorOnly:0 RuntimeOnly:0 HLODRelevant:0 ListedInSceneOutliner:1 IsMainWorldOnly:0 FolderPath:Lighting FolderGuid:963EC3EB4002CCE9759E2EBA541A873A
 |   |   |- Guid:5FADEAED4A9D63BB6301A087D1B92699 BaseClass: NativeClass:/Script/Engine.StaticMeshActor Name:StaticMeshActor_UAID_644ED76ADAC6F42502_1506885515 Label:Invisible2 SpatiallyLoaded:1 Bounds:IsValid=true, Min=(X=11750.000 Y=4880.000 Z=-50.000), Max=(X=11800.000 Y=7580.000 Z=1950.000) RuntimeGrid:None EditorOnly:0 RuntimeOnly:0 HLODRelevant:1 ListedInSceneOutliner:1 IsMainWorldOnly:0 FolderPath:Playground FolderGuid:C73F09FC4215536B1DCE2A9E0A830C70
 |   |   |- Guid:60BB29884B966DE5B1EF5294BB245FD2 BaseClass: NativeClass:/Script/Engine.WorldDataLayers Name:WorldDataLayers Label:WorldDataLayers SpatiallyLoaded:0 Bounds:Invalid RuntimeGrid:None EditorOnly:0 RuntimeOnly:0 HLODRelevant:0 ListedInSceneOutliner:1 IsMainWorldOnly:1
 |   |   |- Guid:74DDCC2044A9469D817AC6B7B278BC5F BaseClass: NativeClass:/Script/Engine.StaticMeshActor Name:StaticMeshActor_UAID_2C58B90D0505782202_1133291519 Label:SM_Cube4 SpatiallyLoaded:1 Bounds:IsValid=true, Min=(X=2310.000 Y=-300.000 Z=-50.000), Max=(X=4810.000 Y=2200.000 Z=0.000) RuntimeGrid:None EditorOnly:0 RuntimeOnly:0 HLODRelevant:1 ListedInSceneOutliner:1 IsMainWorldOnly:0 FolderPath:Playground FolderGuid:C73F09FC4215536B1DCE2A9E0A830C70
 |   |   |- Guid:761ADB5E495271C6823FF5A37A3171B9 BaseClass: NativeClass:/Script/Engine.PlayerStart Name:PlayerStart_0 Label:PlayerStart SpatiallyLoaded:0 Bounds:IsValid=true, Min=(X=2540.000 Y=800.000 Z=90.013), Max=(X=2620.000 Y=880.000 Z=274.013) RuntimeGrid:None EditorOnly:0 RuntimeOnly:0 HLODRelevant:0 ListedInSceneOutliner:1 IsMainWorldOnly:0
 |   |   |- Guid:778023B04C4F561C4EE002A855905B91 BaseClass:/Game/Sam/BP_Tilt_Demo.BP_Tilt_Demo_C NativeClass:/Script/Engine.Actor Name:BP_Tilt_Demo_C_UAID_2C58B90CFE56E53002_1715762487 Label:BP_Tilt_Demo SpatiallyLoaded:1 Bounds:IsValid=true, Min=(X=3089.167 Y=569.167 Z=-10.000), Max=(X=3930.833 Y=1411.667 Z=145.000) RuntimeGrid:None EditorOnly:0 RuntimeOnly:0 HLODRelevant:0 ListedInSceneOutliner:1 IsMainWorldOnly:0
 |   |   |- Guid:791EBCFE482A7FA359A5F4A5EB14560E BaseClass:/Game/Sam/BP_Trigger.BP_Trigger_C NativeClass:/Script/Engine.Actor Name:BP_Trigger_C_UAID_2C58B90CFE56F33002_1505108052 Label:BP_Trigger2 SpatiallyLoaded:1 Bounds:IsValid=true, Min=(X=5660.000 Y=1130.000 Z=60.000), Max=(X=6260.000 Y=1730.000 Z=160.000) RuntimeGrid:None EditorOnly:0 RuntimeOnly:0 HLODRelevant:0 ListedInSceneOutliner:1 IsMainWorldOnly:0
 |   |   |- Guid:7B7BD70C4FC19B769FD649A83E321877 BaseClass:/Game/BP_Door.BP_Door_C NativeClass:/Script/Engine.Actor Name:BP_Door_C_UAID_2C58B90CFE56F23002_1611884826 Label:BP_Door2 SpatiallyLoaded:1 Bounds:IsValid=true, Min=(X=3285.000 Y=-310.000 Z=-0.764), Max=(X=3635.000 Y=-230.000 Z=349.236) RuntimeGrid:None EditorOnly:0 RuntimeOnly:0 HLODRelevant:0 ListedInSceneOutliner:1 IsMainWorldOnly:0
 |   |   |- Guid:829C1AD94DC85EABB6C391A5B9502A95 BaseClass: NativeClass:/Script/Engine.StaticMeshActor Name:StaticMeshActor_UAID_644ED76ADAC6F42502_1280279514 Label:Invisible3 SpatiallyLoaded:1 Bounds:IsValid=true, Min=(X=7650.000 Y=4870.000 Z=-100.000), Max=(X=9650.000 Y=7570.000 Z=-50.000) RuntimeGrid:None EditorOnly:0 RuntimeOnly:0 HLODRelevant:1 ListedInSceneOutliner:1 IsMainWorldOnly:0 FolderPath:Playground FolderGuid:C73F09FC4215536B1DCE2A9E0A830C70
 |   |   |- Guid:85A16D814FE837ABED7F85BD4A4FB7DC BaseClass: NativeClass:/Script/Engine.StaticMeshActor Name:StaticMeshActor_UAID_2C58B90CFE56F23002_1748607850 Label:SM_Cube8 SpatiallyLoaded:1 Bounds:IsValid=true, Min=(X=2420.000 Y=-2035.000 Z=-50.000), Max=(X=4670.000 Y=-760.000 Z=0.000) RuntimeGrid:None EditorOnly:0 RuntimeOnly:0 HLODRelevant:1 ListedInSceneOutliner:1 IsMainWorldOnly:0 FolderPath:Playground FolderGuid:C73F09FC4215536B1DCE2A9E0A830C70
 |   |   |- Guid:9A036ED5402236B226BF1282A9767B07 BaseClass: NativeClass:/Script/Engine.StaticMeshActor Name:StaticMeshActor_UAID_644ED76ADAC6F42502_1868143519 Label:Invisible4 SpatiallyLoaded:1 Bounds:IsValid=true, Min=(X=9690.000 Y=4820.000 Z=-260.000), Max=(X=9740.000 Y=7720.000 Z=40.000) RuntimeGrid:None EditorOnly:0 RuntimeOnly:0 HLODRelevant:1 ListedInSceneOutliner:1 IsMainWorldOnly:0 FolderPath:Playground FolderGuid:C73F09FC4215536B1DCE2A9E0A830C70
 |   |   |- Guid:A0E153674F64AD44D736DABA01F740A7 BaseClass: NativeClass:/Script/Engine.DirectionalLight Name:DirectionalLight_0 Label:DirectionalLight SpatiallyLoaded:0 Bounds:IsValid=true, Min=(X=-4398046511104.000 Y=-4398046511104.000 Z=-4398046511104.000), Max=(X=4398046511104.000 Y=4398046511104.000 Z=4398046511104.000) RuntimeGrid:None EditorOnly:0 RuntimeOnly:0 HLODRelevant:0 ListedInSceneOutliner:1 IsMainWorldOnly:0 FolderPath:Lighting FolderGuid:963EC3EB4002CCE9759E2EBA541A873A
 |   |   |- Guid:BFA4DC45487D036EEBFDF7A37031376B BaseClass: NativeClass:/Script/Engine.PostProcessVolume Name:PostProcessVolume_0 Label:PostProcessVolume SpatiallyLoaded:0 Bounds:IsValid=true, Min=(X=0.000 Y=0.000 Z=400.000), Max=(X=200.000 Y=200.000 Z=600.000) RuntimeGrid:None EditorOnly:0 RuntimeOnly:0 HLODRelevant:0 ListedInSceneOutliner:1 IsMainWorldOnly:0 FolderPath:Lighting FolderGuid:963EC3EB4002CCE9759E2EBA541A873A
 |   |   |- Guid:C03FB49844E658F37A0E16AEFD3234B2 BaseClass: NativeClass:/Script/Engine.StaticMeshActor Name:StaticMeshActor_UAID_644ED76ADAC6F42502_1530119517 Label:Invisible6 SpatiallyLoaded:1 Bounds:IsValid=true, Min=(X=9430.000 Y=7560.000 Z=-100.000), Max=(X=12130.000 Y=9560.000 Z=-50.000) RuntimeGrid:None EditorOnly:0 RuntimeOnly:0 HLODRelevant:1 ListedInSceneOutliner:1 IsMainWorldOnly:0 FolderPath:Playground FolderGuid:C73F09FC4215536B1DCE2A9E0A830C70
 |   |   |- Guid:C8A7A5004533DD6B0D3BDF92927EBF63 BaseClass: NativeClass:/Script/Engine.StaticMeshActor Name:StaticMeshActor_UAID_644ED76AD861952702_1440859903 Label:Door_Test SpatiallyLoaded:1 Bounds:IsValid=true, Min=(X=4700.000 Y=680.000 Z=430.000), Max=(X=4700.000 Y=680.000 Z=430.000) RuntimeGrid:None EditorOnly:0 RuntimeOnly:0 HLODRelevant:0 ListedInSceneOutliner:1 IsMainWorldOnly:0
 |   |   |- Guid:C93632E94F6CAB9F9174B4BA17B47C62 BaseClass: NativeClass:/Script/Engine.StaticMeshActor Name:StaticMeshActor_UAID_644ED76ADAC6F42502_1518024516 Label:Invisible SpatiallyLoaded:1 Bounds:IsValid=true, Min=(X=9420.000 Y=4820.000 Z=-50.000), Max=(X=12120.000 Y=4870.000 Z=1950.000) RuntimeGrid:None EditorOnly:0 RuntimeOnly:0 HLODRelevant:1 ListedInSceneOutliner:1 IsMainWorldOnly:0 FolderPath:Playground FolderGuid:C73F09FC4215536B1DCE2A9E0A830C70
 |   |   |- Guid:E50E572F4BFBFE8D2831DBAEEC823D4F BaseClass: NativeClass:/Script/Engine.StaticMeshActor Name:StaticMeshActor_UAID_2C58B90CFE56F23002_1714775849 Label:SM_Cube7 SpatiallyLoaded:1 Bounds:IsValid=true, Min=(X=3280.000 Y=-800.000 Z=-50.000), Max=(X=3630.000 Y=-300.000 Z=0.000) RuntimeGrid:None EditorOnly:0 RuntimeOnly:0 HLODRelevant:1 ListedInSceneOutliner:1 IsMainWorldOnly:0 FolderPath:Playground FolderGuid:C73F09FC4215536B1DCE2A9E0A830C70
 |   |   |- Guid:EECA79C542127D0BA9BC6CB8E5E8242A BaseClass: NativeClass:/Script/Engine.SkyAtmosphere Name:SkyAtmosphere_0 Label:SkyAtmosphere SpatiallyLoaded:0 Bounds:IsValid=true, Min=(X=0.000 Y=0.000 Z=1020.000), Max=(X=0.000 Y=0.000 Z=1020.000) RuntimeGrid:None EditorOnly:0 RuntimeOnly:0 HLODRelevant:0 ListedInSceneOutliner:1 IsMainWorldOnly:0 FolderPath:Lighting FolderGuid:963EC3EB4002CCE9759E2EBA541A873A
 |   |   |- Guid:F2107B7B4B7F5AAF023B2EB2BF738A97 BaseClass: NativeClass:/Script/Engine.StaticMeshActor Name:StaticMeshActor_UAID_C87F5417DB322C2E02_1834939821 Label:SM_Cube5 SpatiallyLoaded:1 Bounds:IsValid=true, Min=(X=5240.000 Y=380.000 Z=-50.000), Max=(X=6515.000 Y=2630.000 Z=0.000) RuntimeGrid:None EditorOnly:0 RuntimeOnly:0 HLODRelevant:1 ListedInSceneOutliner:1 IsMainWorldOnly:0 FolderPath:Playground FolderGuid:C73F09FC4215536B1DCE2A9E0A830C70
 |   |- [+] Clusters:
 |   |   |- [+] [  0]
 |   |   |   |- Guid:0BA08CC740F9D09B5CF0E9AE92B21634 BaseClass: NativeClass:/Script/Engine.ExponentialHeightFog Name:ExponentialHeightFog_0 Label:ExponentialHeightFog SpatiallyLoaded:0 Bounds:IsValid=true, Min=(X=-5600.000 Y=-50.000 Z=-6850.000), Max=(X=-5600.000 Y=-50.000 Z=-6850.000) RuntimeGrid:None EditorOnly:0 RuntimeOnly:0 HLODRelevant:0 ListedInSceneOutliner:1 IsMainWorldOnly:0 FolderPath:Lighting FolderGuid:963EC3EB4002CCE9759E2EBA541A873A
 |   |   |- [+] [  1]
 |   |   |   |- Guid:0CF4DD1A431E2434EB5598BCD7B5D2F3 BaseClass: NativeClass:/Script/Engine.StaticMeshActor Name:StaticMeshActor_UAID_C87F5417DB322C2E02_1859769822 Label:SM_Cube6 SpatiallyLoaded:1 Bounds:IsValid=true, Min=(X=4760.000 Y=1260.000 Z=-50.000), Max=(X=5260.000 Y=1610.000 Z=0.000) RuntimeGrid:None EditorOnly:0 RuntimeOnly:0 HLODRelevant:1 ListedInSceneOutliner:1 IsMainWorldOnly:0 FolderPath:Playground FolderGuid:C73F09FC4215536B1DCE2A9E0A830C70
 |   |   |- [+] [  2]
 |   |   |   |- Guid:14EF88454ECA3B4F46701B885DA2A9BB BaseClass: NativeClass:/Script/Engine.StaticMeshActor Name:StaticMeshActor_UAID_A4AE111137DC5EFB00_1110535423 Label:SM_SkySphere SpatiallyLoaded:0 Bounds:IsValid=true, Min=(X=-1638410.000 Y=-1638410.000 Z=-1638400.000), Max=(X=1638390.000 Y=1638390.000 Z=1638400.000) RuntimeGrid:None EditorOnly:0 RuntimeOnly:0 HLODRelevant:1 ListedInSceneOutliner:1 IsMainWorldOnly:0 FolderPath:Lighting FolderGuid:963EC3EB4002CCE9759E2EBA541A873A
 |   |   |- [+] [  3]
 |   |   |   |- Guid:3026D4984A7178F32090EB84BA6EB60D BaseClass:/Game/Sam/BP_Trigger.BP_Trigger_C NativeClass:/Script/Engine.Actor Name:BP_Trigger_C_UAID_2C58B90CFE56F33002_1502354051 Label:BP_Trigger SpatiallyLoaded:1 Bounds:IsValid=true, Min=(X=3130.000 Y=-1690.000 Z=90.000), Max=(X=3730.000 Y=-1090.000 Z=190.000) RuntimeGrid:None EditorOnly:0 RuntimeOnly:0 HLODRelevant:0 ListedInSceneOutliner:1 IsMainWorldOnly:0
 |   |   |- [+] [  4]
 |   |   |   |- Guid:30B5CF274C816EFE713F27A42DBBF244 BaseClass: NativeClass:/Script/Engine.SkyLight Name:SkyLight_1 Label:SkyLight SpatiallyLoaded:0 Bounds:IsValid=true, Min=(X=0.000 Y=0.000 Z=690.000), Max=(X=0.000 Y=0.000 Z=690.000) RuntimeGrid:None EditorOnly:0 RuntimeOnly:0 HLODRelevant:0 ListedInSceneOutliner:1 IsMainWorldOnly:0 FolderPath:Lighting FolderGuid:963EC3EB4002CCE9759E2EBA541A873A
 |   |   |- [+] [  5]
 |   |   |   |- Guid:366818BE4ECBDE0530963188E866A4FF BaseClass:/Game/BP_Door.BP_Door_C NativeClass:/Script/Engine.Actor Name:BP_Door_C_UAID_C87F5417DB322C2E02_1791608820 Label:BP_Door SpatiallyLoaded:1 Bounds:IsValid=true, Min=(X=4700.000 Y=1255.000 Z=9.236), Max=(X=4780.000 Y=1605.000 Z=359.236) RuntimeGrid:None EditorOnly:0 RuntimeOnly:0 HLODRelevant:0 ListedInSceneOutliner:1 IsMainWorldOnly:0
 |   |   |   |- Guid:778023B04C4F561C4EE002A855905B91 BaseClass:/Game/Sam/BP_Tilt_Demo.BP_Tilt_Demo_C NativeClass:/Script/Engine.Actor Name:BP_Tilt_Demo_C_UAID_2C58B90CFE56E53002_1715762487 Label:BP_Tilt_Demo SpatiallyLoaded:1 Bounds:IsValid=true, Min=(X=3089.167 Y=569.167 Z=-10.000), Max=(X=3930.833 Y=1411.667 Z=145.000) RuntimeGrid:None EditorOnly:0 RuntimeOnly:0 HLODRelevant:0 ListedInSceneOutliner:1 IsMainWorldOnly:0
 |   |   |   |- Guid:7B7BD70C4FC19B769FD649A83E321877 BaseClass:/Game/BP_Door.BP_Door_C NativeClass:/Script/Engine.Actor Name:BP_Door_C_UAID_2C58B90CFE56F23002_1611884826 Label:BP_Door2 SpatiallyLoaded:1 Bounds:IsValid=true, Min=(X=3285.000 Y=-310.000 Z=-0.764), Max=(X=3635.000 Y=-230.000 Z=349.236) RuntimeGrid:None EditorOnly:0 RuntimeOnly:0 HLODRelevant:0 ListedInSceneOutliner:1 IsMainWorldOnly:0
 |   |   |- [+] [  6]
 |   |   |   |- Guid:36A7BEA84562A20A650DFB9D199C83AF BaseClass: NativeClass:/Script/Engine.StaticMeshActor Name:StaticMeshActor_UAID_644ED76ADAC6F42502_1848459518 Label:Invisible5 SpatiallyLoaded:1 Bounds:IsValid=true, Min=(X=9540.000 Y=7570.000 Z=-280.000), Max=(X=11715.000 Y=7620.000 Z=20.000) RuntimeGrid:None EditorOnly:0 RuntimeOnly:0 HLODRelevant:1 ListedInSceneOutliner:1 IsMainWorldOnly:0 FolderPath:Playground FolderGuid:C73F09FC4215536B1DCE2A9E0A830C70
 |   |   |- [+] [  7]
 |   |   |   |- Guid:53C36C1E48302C66825EA48B87303767 BaseClass: NativeClass:/Script/Engine.VolumetricCloud Name:VolumetricCloud_0 Label:VolumetricCloud SpatiallyLoaded:0 Bounds:IsValid=true, Min=(X=0.000 Y=0.000 Z=820.000), Max=(X=0.000 Y=0.000 Z=820.000) RuntimeGrid:None EditorOnly:0 RuntimeOnly:0 HLODRelevant:0 ListedInSceneOutliner:1 IsMainWorldOnly:0 FolderPath:Lighting FolderGuid:963EC3EB4002CCE9759E2EBA541A873A
 |   |   |- [+] [  8]
 |   |   |   |- Guid:5FADEAED4A9D63BB6301A087D1B92699 BaseClass: NativeClass:/Script/Engine.StaticMeshActor Name:StaticMeshActor_UAID_644ED76ADAC6F42502_1506885515 Label:Invisible2 SpatiallyLoaded:1 Bounds:IsValid=true, Min=(X=11750.000 Y=4880.000 Z=-50.000), Max=(X=11800.000 Y=7580.000 Z=1950.000) RuntimeGrid:None EditorOnly:0 RuntimeOnly:0 HLODRelevant:1 ListedInSceneOutliner:1 IsMainWorldOnly:0 FolderPath:Playground FolderGuid:C73F09FC4215536B1DCE2A9E0A830C70
 |   |   |- [+] [  9]
 |   |   |   |- Guid:60BB29884B966DE5B1EF5294BB245FD2 BaseClass: NativeClass:/Script/Engine.WorldDataLayers Name:WorldDataLayers Label:WorldDataLayers SpatiallyLoaded:0 Bounds:Invalid RuntimeGrid:None EditorOnly:0 RuntimeOnly:0 HLODRelevant:0 ListedInSceneOutliner:1 IsMainWorldOnly:1
 |   |   |- [+] [ 10]
 |   |   |   |- Guid:74DDCC2044A9469D817AC6B7B278BC5F BaseClass: NativeClass:/Script/Engine.StaticMeshActor Name:StaticMeshActor_UAID_2C58B90D0505782202_1133291519 Label:SM_Cube4 SpatiallyLoaded:1 Bounds:IsValid=true, Min=(X=2310.000 Y=-300.000 Z=-50.000), Max=(X=4810.000 Y=2200.000 Z=0.000) RuntimeGrid:None EditorOnly:0 RuntimeOnly:0 HLODRelevant:1 ListedInSceneOutliner:1 IsMainWorldOnly:0 FolderPath:Playground FolderGuid:C73F09FC4215536B1DCE2A9E0A830C70
 |   |   |- [+] [ 11]
 |   |   |   |- Guid:761ADB5E495271C6823FF5A37A3171B9 BaseClass: NativeClass:/Script/Engine.PlayerStart Name:PlayerStart_0 Label:PlayerStart SpatiallyLoaded:0 Bounds:IsValid=true, Min=(X=2540.000 Y=800.000 Z=90.013), Max=(X=2620.000 Y=880.000 Z=274.013) RuntimeGrid:None EditorOnly:0 RuntimeOnly:0 HLODRelevant:0 ListedInSceneOutliner:1 IsMainWorldOnly:0
 |   |   |- [+] [ 12]
 |   |   |   |- Guid:791EBCFE482A7FA359A5F4A5EB14560E BaseClass:/Game/Sam/BP_Trigger.BP_Trigger_C NativeClass:/Script/Engine.Actor Name:BP_Trigger_C_UAID_2C58B90CFE56F33002_1505108052 Label:BP_Trigger2 SpatiallyLoaded:1 Bounds:IsValid=true, Min=(X=5660.000 Y=1130.000 Z=60.000), Max=(X=6260.000 Y=1730.000 Z=160.000) RuntimeGrid:None EditorOnly:0 RuntimeOnly:0 HLODRelevant:0 ListedInSceneOutliner:1 IsMainWorldOnly:0
 |   |   |- [+] [ 13]
 |   |   |   |- Guid:829C1AD94DC85EABB6C391A5B9502A95 BaseClass: NativeClass:/Script/Engine.StaticMeshActor Name:StaticMeshActor_UAID_644ED76ADAC6F42502_1280279514 Label:Invisible3 SpatiallyLoaded:1 Bounds:IsValid=true, Min=(X=7650.000 Y=4870.000 Z=-100.000), Max=(X=9650.000 Y=7570.000 Z=-50.000) RuntimeGrid:None EditorOnly:0 RuntimeOnly:0 HLODRelevant:1 ListedInSceneOutliner:1 IsMainWorldOnly:0 FolderPath:Playground FolderGuid:C73F09FC4215536B1DCE2A9E0A830C70
 |   |   |- [+] [ 14]
 |   |   |   |- Guid:85A16D814FE837ABED7F85BD4A4FB7DC BaseClass: NativeClass:/Script/Engine.StaticMeshActor Name:StaticMeshActor_UAID_2C58B90CFE56F23002_1748607850 Label:SM_Cube8 SpatiallyLoaded:1 Bounds:IsValid=true, Min=(X=2420.000 Y=-2035.000 Z=-50.000), Max=(X=4670.000 Y=-760.000 Z=0.000) RuntimeGrid:None EditorOnly:0 RuntimeOnly:0 HLODRelevant:1 ListedInSceneOutliner:1 IsMainWorldOnly:0 FolderPath:Playground FolderGuid:C73F09FC4215536B1DCE2A9E0A830C70
 |   |   |- [+] [ 15]
 |   |   |   |- Guid:9A036ED5402236B226BF1282A9767B07 BaseClass: NativeClass:/Script/Engine.StaticMeshActor Name:StaticMeshActor_UAID_644ED76ADAC6F42502_1868143519 Label:Invisible4 SpatiallyLoaded:1 Bounds:IsValid=true, Min=(X=9690.000 Y=4820.000 Z=-260.000), Max=(X=9740.000 Y=7720.000 Z=40.000) RuntimeGrid:None EditorOnly:0 RuntimeOnly:0 HLODRelevant:1 ListedInSceneOutliner:1 IsMainWorldOnly:0 FolderPath:Playground FolderGuid:C73F09FC4215536B1DCE2A9E0A830C70
 |   |   |- [+] [ 16]
 |   |   |   |- Guid:A0E153674F64AD44D736DABA01F740A7 BaseClass: NativeClass:/Script/Engine.DirectionalLight Name:DirectionalLight_0 Label:DirectionalLight SpatiallyLoaded:0 Bounds:IsValid=true, Min=(X=-4398046511104.000 Y=-4398046511104.000 Z=-4398046511104.000), Max=(X=4398046511104.000 Y=4398046511104.000 Z=4398046511104.000) RuntimeGrid:None EditorOnly:0 RuntimeOnly:0 HLODRelevant:0 ListedInSceneOutliner:1 IsMainWorldOnly:0 FolderPath:Lighting FolderGuid:963EC3EB4002CCE9759E2EBA541A873A
 |   |   |- [+] [ 17]
 |   |   |   |- Guid:BFA4DC45487D036EEBFDF7A37031376B BaseClass: NativeClass:/Script/Engine.PostProcessVolume Name:PostProcessVolume_0 Label:PostProcessVolume SpatiallyLoaded:0 Bounds:IsValid=true, Min=(X=0.000 Y=0.000 Z=400.000), Max=(X=200.000 Y=200.000 Z=600.000) RuntimeGrid:None EditorOnly:0 RuntimeOnly:0 HLODRelevant:0 ListedInSceneOutliner:1 IsMainWorldOnly:0 FolderPath:Lighting FolderGuid:963EC3EB4002CCE9759E2EBA541A873A
 |   |   |- [+] [ 18]
 |   |   |   |- Guid:C03FB49844E658F37A0E16AEFD3234B2 BaseClass: NativeClass:/Script/Engine.StaticMeshActor Name:StaticMeshActor_UAID_644ED76ADAC6F42502_1530119517 Label:Invisible6 SpatiallyLoaded:1 Bounds:IsValid=true, Min=(X=9430.000 Y=7560.000 Z=-100.000), Max=(X=12130.000 Y=9560.000 Z=-50.000) RuntimeGrid:None EditorOnly:0 RuntimeOnly:0 HLODRelevant:1 ListedInSceneOutliner:1 IsMainWorldOnly:0 FolderPath:Playground FolderGuid:C73F09FC4215536B1DCE2A9E0A830C70
 |   |   |- [+] [ 19]
 |   |   |   |- Guid:C8A7A5004533DD6B0D3BDF92927EBF63 BaseClass: NativeClass:/Script/Engine.StaticMeshActor Name:StaticMeshActor_UAID_644ED76AD861952702_1440859903 Label:Door_Test SpatiallyLoaded:1 Bounds:IsValid=true, Min=(X=4700.000 Y=680.000 Z=430.000), Max=(X=4700.000 Y=680.000 Z=430.000) RuntimeGrid:None EditorOnly:0 RuntimeOnly:0 HLODRelevant:0 ListedInSceneOutliner:1 IsMainWorldOnly:0
 |   |   |- [+] [ 20]
 |   |   |   |- Guid:C93632E94F6CAB9F9174B4BA17B47C62 BaseClass: NativeClass:/Script/Engine.StaticMeshActor Name:StaticMeshActor_UAID_644ED76ADAC6F42502_1518024516 Label:Invisible SpatiallyLoaded:1 Bounds:IsValid=true, Min=(X=9420.000 Y=4820.000 Z=-50.000), Max=(X=12120.000 Y=4870.000 Z=1950.000) RuntimeGrid:None EditorOnly:0 RuntimeOnly:0 HLODRelevant:1 ListedInSceneOutliner:1 IsMainWorldOnly:0 FolderPath:Playground FolderGuid:C73F09FC4215536B1DCE2A9E0A830C70
 |   |   |- [+] [ 21]
 |   |   |   |- Guid:E50E572F4BFBFE8D2831DBAEEC823D4F BaseClass: NativeClass:/Script/Engine.StaticMeshActor Name:StaticMeshActor_UAID_2C58B90CFE56F23002_1714775849 Label:SM_Cube7 SpatiallyLoaded:1 Bounds:IsValid=true, Min=(X=3280.000 Y=-800.000 Z=-50.000), Max=(X=3630.000 Y=-300.000 Z=0.000) RuntimeGrid:None EditorOnly:0 RuntimeOnly:0 HLODRelevant:1 ListedInSceneOutliner:1 IsMainWorldOnly:0 FolderPath:Playground FolderGuid:C73F09FC4215536B1DCE2A9E0A830C70
 |   |   |- [+] [ 22]
 |   |   |   |- Guid:EECA79C542127D0BA9BC6CB8E5E8242A BaseClass: NativeClass:/Script/Engine.SkyAtmosphere Name:SkyAtmosphere_0 Label:SkyAtmosphere SpatiallyLoaded:0 Bounds:IsValid=true, Min=(X=0.000 Y=0.000 Z=1020.000), Max=(X=0.000 Y=0.000 Z=1020.000) RuntimeGrid:None EditorOnly:0 RuntimeOnly:0 HLODRelevant:0 ListedInSceneOutliner:1 IsMainWorldOnly:0 FolderPath:Lighting FolderGuid:963EC3EB4002CCE9759E2EBA541A873A
 |   |   |- [+] [ 23]
 |   |   |   |- Guid:F2107B7B4B7F5AAF023B2EB2BF738A97 BaseClass: NativeClass:/Script/Engine.StaticMeshActor Name:StaticMeshActor_UAID_C87F5417DB322C2E02_1834939821 Label:SM_Cube5 SpatiallyLoaded:1 Bounds:IsValid=true, Min=(X=5240.000 Y=380.000 Z=-50.000), Max=(X=6515.000 Y=2630.000 Z=0.000) RuntimeGrid:None EditorOnly:0 RuntimeOnly:0 HLODRelevant:1 ListedInSceneOutliner:1 IsMainWorldOnly:0 FolderPath:Playground FolderGuid:C73F09FC4215536B1DCE2A9E0A830C70
 |- ContainerInstances:
 |- [+] MainContainer:
 |   |-        ID: 00000000000000000000000000000000
 |   |-  ParentID: 00000000000000000000000000000000
 |   |-    Bounds: IsValid=false, Min=(X=0.000 Y=0.000 Z=0.000), Max=(X=0.000 Y=0.000 Z=0.000)
 |   |- Transform: 0.000000,0.000000,0.000000|0.000000,0.000000,-0.000000|1.000000,1.000000,1.000000
 |   |- Container: /Game/Sam/SamLevel
----------------------------------------------------------------------------------------------------------------
SamLevel - Persistent Level
----------------------------------------------------------------------------------------------------------------
[+] Content of SamLevel Persistent Level
 |- Always loaded Actor Count: 34 
 |- Actor Path: /Game/Sam/SamLevel.SamLevel:PersistentLevel.AbstractNavData-Default
 |- Actor Package: /Game/Sam/SamLevel
 |- Actor Path: /Game/Sam/SamLevel.SamLevel:PersistentLevel.BenJosh_C_1
 |- Actor Package: /Game/Sam/SamLevel
 |- Actor Path: /Game/Sam/SamLevel.SamLevel:PersistentLevel.BP_Disc_GEN_VARIABLE_BP_Disc_C_CAT_UAID_2C58B90CFE56F13002_1869315602
 |- Actor Package: /Game/__ExternalActors__/Sam/SamLevel/8/AX/WAR2NPAU2RD3HT2XBG36HS
 |- Actor Path: /Game/Sam/SamLevel.SamLevel:PersistentLevel.BP_Door_C_UAID_2C58B90CFE56F23002_1611884826
 |- Actor Package: /Game/__ExternalActors__/Sam/SamLevel/2/GB/0TMM5470QK5A5SCJTXFJZC
 |- Actor Path: /Game/Sam/SamLevel.SamLevel:PersistentLevel.BP_Door_C_UAID_C87F5417DB322C2E02_1791608820
 |- Actor Package: /Game/__ExternalActors__/Sam/SamLevel/4/NK/8Y1UNRRYYO3Q3KH2GAUMN2
 |- Actor Path: /Game/Sam/SamLevel.SamLevel:PersistentLevel.BP_Tilt_Demo_C_UAID_2C58B90CFE56E53002_1715762487
 |- Actor Package: /Game/__ExternalActors__/Sam/SamLevel/8/AX/WAR2NPAU2RD3HT2XBG36HS
 |- Actor Path: /Game/Sam/SamLevel.SamLevel:PersistentLevel.BP_Trigger_C_UAID_2C58B90CFE56F33002_1502354051
 |- Actor Package: /Game/__ExternalActors__/Sam/SamLevel/6/C1/GLT7EGS9XX4URD102NQE5W
 |- Actor Path: /Game/Sam/SamLevel.SamLevel:PersistentLevel.BP_Trigger_C_UAID_2C58B90CFE56F33002_1505108052
 |- Actor Package: /Game/__ExternalActors__/Sam/SamLevel/4/N9/077GD6RMVA9M9JU81HWP6M
 |- Actor Path: /Game/Sam/SamLevel.SamLevel:PersistentLevel.Brush_0
 |- Actor Package: /Game/Sam/SamLevel
 |- Actor Path: /Game/Sam/SamLevel.SamLevel:PersistentLevel.DefaultPhysicsVolume_0
 |- Actor Package: /Game/Sam/SamLevel
 |- Actor Path: /Game/Sam/SamLevel.SamLevel:PersistentLevel.DirectionalLight_0
 |- Actor Package: /Game/__ExternalActors__/Sam/SamLevel/5/UW/35KFHNQJVYI2KGT1CJ7KUG
 |- Actor Path: /Game/Sam/SamLevel.SamLevel:PersistentLevel.ExponentialHeightFog_0
 |- Actor Package: /Game/__ExternalActors__/Sam/SamLevel/7/WW/LL3RGW9Q84LAHFXQVOUUDR
 |- Actor Path: /Game/Sam/SamLevel.SamLevel:PersistentLevel.GameplayDebuggerPlayerManager_0
 |- Actor Package: /Game/Sam/SamLevel
 |- Actor Path: /Game/Sam/SamLevel.SamLevel:PersistentLevel.PlayerStart_0
 |- Actor Package: /Game/__ExternalActors__/Sam/SamLevel/7/PO/7C06D2EOLQARW2D4IEFKK6
 |- Actor Path: /Game/Sam/SamLevel.SamLevel:PersistentLevel.PostProcessVolume_0
 |- Actor Package: /Game/__ExternalActors__/Sam/SamLevel/E/VN/ONEDBBIUBCAR7C6JD9W36S
 |- Actor Path: /Game/Sam/SamLevel.SamLevel:PersistentLevel.SkyAtmosphere_0
 |- Actor Package: /Game/__ExternalActors__/Sam/SamLevel/0/MU/3J4KC96U8OIZX8WI65WHBZ
 |- Actor Path: /Game/Sam/SamLevel.SamLevel:PersistentLevel.SkyLight_1
 |- Actor Package: /Game/__ExternalActors__/Sam/SamLevel/B/NB/97IZ0J5CSBFUJMKD0XEWG1
 |- Actor Path: /Game/Sam/SamLevel.SamLevel:PersistentLevel.StaticMeshActor_UAID_2C58B90CFE56F23002_1714775849
 |- Actor Package: /Game/__ExternalActors__/Sam/SamLevel/B/WV/A7E5UXUWMGFBCOG9NR6FYT
 |- Actor Path: /Game/Sam/SamLevel.SamLevel:PersistentLevel.StaticMeshActor_UAID_2C58B90CFE56F23002_1748607850
 |- Actor Package: /Game/__ExternalActors__/Sam/SamLevel/3/DS/EN2M7NLVLPSKJ49G5Z62O8
 |- Actor Path: /Game/Sam/SamLevel.SamLevel:PersistentLevel.StaticMeshActor_UAID_2C58B90D0505782202_1133291519
 |- Actor Package: /Game/__ExternalActors__/Sam/SamLevel/B/TW/LV5HYESJABKSXYXIZ5F70N
 |- Actor Path: /Game/Sam/SamLevel.SamLevel:PersistentLevel.StaticMeshActor_UAID_644ED76AD861952702_1440859903
 |- Actor Package: /Game/__ExternalActors__/Sam/SamLevel/6/1K/DCY39PLLJZCRXQS8V8ADC3
 |- Actor Path: /Game/Sam/SamLevel.SamLevel:PersistentLevel.StaticMeshActor_UAID_644ED76ADAC6F42502_1280279514
 |- Actor Package: /Game/__ExternalActors__/Sam/SamLevel/5/6W/8QQLBY9VRO9T5YE97L6QQI
 |- Actor Path: /Game/Sam/SamLevel.SamLevel:PersistentLevel.StaticMeshActor_UAID_644ED76ADAC6F42502_1506885515
 |- Actor Package: /Game/__ExternalActors__/Sam/SamLevel/8/JQ/30DFSLF7PH7GYE0OIGC29B
 |- Actor Path: /Game/Sam/SamLevel.SamLevel:PersistentLevel.StaticMeshActor_UAID_644ED76ADAC6F42502_1518024516
 |- Actor Package: /Game/__ExternalActors__/Sam/SamLevel/A/AP/R43QHI42HFPG68AVRZOK93
 |- Actor Path: /Game/Sam/SamLevel.SamLevel:PersistentLevel.StaticMeshActor_UAID_644ED76ADAC6F42502_1530119517
 |- Actor Package: /Game/__ExternalActors__/Sam/SamLevel/C/7O/6Q9PWXZBJAXWD1K18RMVHF
 |- Actor Path: /Game/Sam/SamLevel.SamLevel:PersistentLevel.StaticMeshActor_UAID_644ED76ADAC6F42502_1848459518
 |- Actor Package: /Game/__ExternalActors__/Sam/SamLevel/3/ZK/R0ORSCXHOD47P29SPY26LK
 |- Actor Path: /Game/Sam/SamLevel.SamLevel:PersistentLevel.StaticMeshActor_UAID_644ED76ADAC6F42502_1868143519
 |- Actor Package: /Game/__ExternalActors__/Sam/SamLevel/D/YZ/M9KNYDFGVE2XJDKM79DN6W
 |- Actor Path: /Game/Sam/SamLevel.SamLevel:PersistentLevel.StaticMeshActor_UAID_A4AE111137DC5EFB00_1110535423
 |- Actor Package: /Game/__ExternalActors__/Sam/SamLevel/9/SF/3OTVJ8X1WLDR6KRXLNQXEJ
 |- Actor Path: /Game/Sam/SamLevel.SamLevel:PersistentLevel.StaticMeshActor_UAID_C87F5417DB322C2E02_1834939821
 |- Actor Package: /Game/__ExternalActors__/Sam/SamLevel/2/CL/J1TGIW1CY6Z27C08G1JG8T
 |- Actor Path: /Game/Sam/SamLevel.SamLevel:PersistentLevel.StaticMeshActor_UAID_C87F5417DB322C2E02_1859769822
 |- Actor Package: /Game/__ExternalActors__/Sam/SamLevel/B/LY/YLFW2JNA5QH218IUPXX8Z5
 |- Actor Path: /Game/Sam/SamLevel.SamLevel:PersistentLevel.VolumetricCloud_0
 |- Actor Package: /Game/__ExternalActors__/Sam/SamLevel/8/QC/2J2AYAUBB6KVF7CNVFEBH6
 |- Actor Path: /Game/Sam/SamLevel.SamLevel:PersistentLevel.WorldDataLayers
 |- Actor Package: /Game/__ExternalActors__/Sam/SamLevel/1/T2/ZYB0VZ1GULJ6I5LRXDVS6I
 |- Actor Path: /Game/Sam/SamLevel.SamLevel:PersistentLevel.WorldInfo_0
 |- Actor Package: /Game/Sam/SamLevel
 |- Actor Path: /Game/Sam/SamLevel.SamLevel:PersistentLevel.WorldPartitionMiniMap_0
 |- Actor Package: /Game/__ExternalActors__/Sam/SamLevel/7/OF/NCJX0KK3OER5P0W4QZZYOM

----------------------------------------------------------------------------------------------------------------
SamLevel - Runtime Spatial Hash - Streaming Grid - MainGrid
----------------------------------------------------------------------------------------------------------------
            Origin: X=0.000 Y=0.000 Z=0.000
         Cell Size: 12800
      World Bounds: IsValid=false, Min=(X=0.000 Y=0.000 Z=0.000), Max=(X=0.000 Y=0.000 Z=0.000)
     Loading Range: 25600.00
Block Slow Loading: No
 ClientOnlyVisible: No
            Origin: X=0.000 Y=0.000 Z=0.000

[+] Grid Levels: 1
 |- Level  0: Cell Count    0 | Cell Size   12800 | Actor Count    0 (0.0%)

[+] Content of Grid Level 0

