[+] Containers:
 |- [+] Container: /Game/Levels/NewPuzzlesYay
 |   |- [+] ActorDescs:
 |   |   |- Guid:01EE874D4788EFA83027D7B4640D7E07 BaseClass: NativeClass:/Script/Engine.SkyAtmosphere Name:SkyAtmosphere_0 Label:SkyAtmosphere SpatiallyLoaded:0 Bounds:IsValid=true, Min=(X=0.000 Y=0.000 Z=1020.000), Max=(X=0.000 Y=0.000 Z=1020.000) RuntimeGrid:None EditorOnly:0 RuntimeOnly:0 HLODRelevant:0 ListedInSceneOutliner:1 IsMainWorldOnly:0 FolderPath:Lighting FolderGuid:963EC3EB4002CCE9759E2EBA541A873A
 |   |   |- Guid:0A905D37462DA6A36C68E6A3AB52CF59 BaseClass:/Game/Blueprints/PuzzleObjects/BP_ActivateStatue.BP_ActivateStatue_C NativeClass:/Script/Engine.Actor Name:BP_ActivateStatue_C_UAID_644ED76AD82D5D4B02_1980136066 Label:BP_ActivateStatue2 SpatiallyLoaded:1 Bounds:IsValid=true, Min=(X=3475.000 Y=-13205.000 Z=2866.001), Max=(X=3625.000 Y=-13055.000 Z=2933.999) RuntimeGrid:None EditorOnly:0 RuntimeOnly:0 HLODRelevant:0 ListedInSceneOutliner:1 IsMainWorldOnly:0
 |   |   |- Guid:111CDFB04EB854D0EE256A83210FBF43 BaseClass: NativeClass:/Script/Engine.StaticMeshActor Name:StaticMeshActor_UAID_089798BF50FF105502_1089201072 Label:CubeGridToolOutput4 SpatiallyLoaded:1 Bounds:IsValid=true, Min=(X=-5000.000 Y=-4119.239 Z=-0.000), Max=(X=-2878.680 Y=-1997.918 Z=1000.000) RuntimeGrid:None EditorOnly:0 RuntimeOnly:0 HLODRelevant:1 ListedInSceneOutliner:1 IsMainWorldOnly:0
 |   |   |- Guid:23E315154346CCC59489B292918E025F BaseClass: NativeClass:/Script/Engine.StaticMeshActor Name:StaticMeshActor_UAID_089798BF50FFB93502_1115668043 Label:CubeGridToolOutput2 SpatiallyLoaded:1 Bounds:IsValid=true, Min=(X=3400.000 Y=-1700.000 Z=-20.000), Max=(X=4400.000 Y=-600.000 Z=80.000) RuntimeGrid:None EditorOnly:0 RuntimeOnly:0 HLODRelevant:1 ListedInSceneOutliner:1 IsMainWorldOnly:0
 |   |   |- Guid:28A4B44643412446EC09E4851418F0F6 BaseClass:/Game/Blueprints/PuzzleObjects/BP_Pushable.BP_Pushable_C NativeClass:/Script/Engine.Actor Name:BP_Pushable_C_UAID_089798BF50FFB73502_1458292690 Label:BP_Pushable5 SpatiallyLoaded:1 Bounds:IsValid=true, Min=(X=3200.000 Y=-3000.000 Z=480.000), Max=(X=3400.000 Y=-2800.000 Z=680.000) RuntimeGrid:None EditorOnly:0 RuntimeOnly:0 HLODRelevant:0 ListedInSceneOutliner:1 IsMainWorldOnly:0
 |   |   |- Guid:2B22AF504DD9AA9E02E63AB8E0EB8B93 BaseClass:/Game/Blueprints/RelicPuzzle2/BP_CodeCrystal.BP_CodeCrystal_C NativeClass:/Script/Engine.Actor Name:BP_CodeCrystal_C_UAID_089798BF50FFDB5202_1214430637 Label:BP_CodeCrystal5 SpatiallyLoaded:1 Bounds:IsValid=true, Min=(X=12288.000 Y=-319.293 Z=97.500), Max=(X=12418.000 Y=-185.000 Z=277.398) RuntimeGrid:None EditorOnly:0 RuntimeOnly:0 HLODRelevant:0 ListedInSceneOutliner:1 IsMainWorldOnly:0
 |   |   |- Guid:369AC69F4636E989EBE324A23A58F2E1 BaseClass:/Game/Blueprints/PuzzleObjects/BP_Pushable.BP_Pushable_C NativeClass:/Script/Engine.Actor Name:BP_Pushable_C_UAID_089798BF50FFE54602_1341871720 Label:BP_Pushable9 SpatiallyLoaded:1 Bounds:IsValid=true, Min=(X=3400.000 Y=-8400.000 Z=2080.000), Max=(X=3600.000 Y=-8200.000 Z=2280.000) RuntimeGrid:None EditorOnly:0 RuntimeOnly:0 HLODRelevant:0 ListedInSceneOutliner:1 IsMainWorldOnly:0
 |   |   |- Guid:381BA6DE4C10C0625390E68D2A659C2A BaseClass: NativeClass:/Script/Engine.PostProcessVolume Name:PostProcessVolume_0 Label:PostProcessVolume SpatiallyLoaded:0 Bounds:IsValid=true, Min=(X=0.000 Y=0.000 Z=400.000), Max=(X=200.000 Y=200.000 Z=600.000) RuntimeGrid:None EditorOnly:0 RuntimeOnly:0 HLODRelevant:0 ListedInSceneOutliner:1 IsMainWorldOnly:0 FolderPath:Lighting FolderGuid:963EC3EB4002CCE9759E2EBA541A873A
 |   |   |- Guid:3BDBB0EA4A9CCF00BFA50C92F476E080 BaseClass:/Game/Blueprints/PuzzleObjects/BP_ActivateStatue.BP_ActivateStatue_C NativeClass:/Script/Engine.Actor Name:BP_ActivateStatue_C_UAID_644ED76AD82D5C4B02_1801873887 Label:BP_ActivateStatue SpatiallyLoaded:1 Bounds:IsValid=true, Min=(X=3475.000 Y=-12530.000 Z=2866.001), Max=(X=3625.000 Y=-12380.000 Z=2933.999) RuntimeGrid:None EditorOnly:0 RuntimeOnly:0 HLODRelevant:0 ListedInSceneOutliner:1 IsMainWorldOnly:0
 |   |   |- Guid:4704B0254473D945A077D4B511BD7CF2 BaseClass:/Game/Blueprints/BoulderChase/BP_ZoomOutCam.BP_ZoomOutCam_C NativeClass:/Script/Engine.Actor Name:BP_ZoomOutCam_C_UAID_089798BF50FF105502_1163464073 Label:BP_ZoomOutCam SpatiallyLoaded:1 Bounds:IsValid=true, Min=(X=-4523.000 Y=-3499.000 Z=494.000), Max=(X=-3511.000 Y=-2487.000 Z=1506.000) RuntimeGrid:None EditorOnly:0 RuntimeOnly:0 HLODRelevant:0 ListedInSceneOutliner:1 IsMainWorldOnly:0
 |   |   |- Guid:49AFD9244FF138419C6EF6818F5B14EE BaseClass:/Game/Blueprints/PuzzleObjects/BP_HammerButton.BP_HammerButton_C NativeClass:/Script/Engine.Actor Name:BP_HammerButton_C_UAID_089798BF50FFBC3502_2069618576 Label:BP_HammerButton2 SpatiallyLoaded:1 Bounds:IsValid=true, Min=(X=4700.000 Y=-3800.000 Z=890.000), Max=(X=4800.000 Y=-3700.000 Z=990.000) RuntimeGrid:None EditorOnly:0 RuntimeOnly:0 HLODRelevant:0 ListedInSceneOutliner:1 IsMainWorldOnly:0
 |   |   |- Guid:4AD03B5846F173AD254A799CA81F4CE4 BaseClass:/Game/Blueprints/PuzzleObjects/BP_HammerButton.BP_HammerButton_C NativeClass:/Script/Engine.Actor Name:BP_HammerButton_C_UAID_089798BF50FFD43702_1593660888 Label:BP_HammerButton3 SpatiallyLoaded:1 Bounds:IsValid=true, Min=(X=3850.000 Y=-7050.000 Z=1990.000), Max=(X=3950.000 Y=-6950.000 Z=2090.000) RuntimeGrid:None EditorOnly:0 RuntimeOnly:0 HLODRelevant:0 ListedInSceneOutliner:1 IsMainWorldOnly:0
 |   |   |- Guid:5141B3D14F67FBE688555D8B86FCAF5D BaseClass:/Game/Blueprints/PuzzleObjects/BP_Bumper.BP_Bumper_C NativeClass:/Script/Engine.Actor Name:BP_Bumper_C_UAID_089798BF50FFB93502_1727335045 Label:BP_Bumper SpatiallyLoaded:1 Bounds:IsValid=true, Min=(X=3700.000 Y=-4900.000 Z=-581.383), Max=(X=4100.000 Y=-4500.000 Z=878.594) RuntimeGrid:None EditorOnly:0 RuntimeOnly:0 HLODRelevant:0 ListedInSceneOutliner:1 IsMainWorldOnly:0
 |   |   |- Guid:5496B4E2442B7098473223A686A899A6 BaseClass:/Game/Blueprints/RelicPuzzle2/BP_CodeCrystal.BP_CodeCrystal_C NativeClass:/Script/Engine.Actor Name:BP_CodeCrystal_C_UAID_089798BF50FFDB5202_1200512635 Label:BP_CodeCrystal3 SpatiallyLoaded:1 Bounds:IsValid=true, Min=(X=12689.000 Y=-713.293 Z=97.500), Max=(X=12819.000 Y=-579.000 Z=277.398) RuntimeGrid:None EditorOnly:0 RuntimeOnly:0 HLODRelevant:0 ListedInSceneOutliner:1 IsMainWorldOnly:0
 |   |   |- Guid:58D59DA44DF67C0E02C936BBD230448C BaseClass: NativeClass:/Script/Engine.SkyLight Name:SkyLight_1 Label:SkyLight SpatiallyLoaded:0 Bounds:IsValid=true, Min=(X=0.000 Y=0.000 Z=690.000), Max=(X=0.000 Y=0.000 Z=690.000) RuntimeGrid:None EditorOnly:0 RuntimeOnly:0 HLODRelevant:0 ListedInSceneOutliner:1 IsMainWorldOnly:0 FolderPath:Lighting FolderGuid:963EC3EB4002CCE9759E2EBA541A873A
 |   |   |- Guid:5B6733024D58EEAA30AD4E90495C0A99 BaseClass:/Game/Blueprints/RelicPuzzle2/BP_CodeCrystal.BP_CodeCrystal_C NativeClass:/Script/Engine.Actor Name:BP_CodeCrystal_C_UAID_089798BF50FFDB5202_1187931633 Label:BP_CodeCrystal SpatiallyLoaded:1 Bounds:IsValid=true, Min=(X=12688.000 Y=88.707 Z=97.500), Max=(X=12818.000 Y=223.000 Z=277.398) RuntimeGrid:None EditorOnly:0 RuntimeOnly:0 HLODRelevant:0 ListedInSceneOutliner:1 IsMainWorldOnly:0
 |   |   |- Guid:5D5AE45B4135B365B97952BE8DFEFB8A BaseClass:/Game/Blueprints/PuzzleObjects/BP_Pushable.BP_Pushable_C NativeClass:/Script/Engine.Actor Name:BP_Pushable_C_UAID_089798BF50FFB63502_1956223510 Label:BP_Pushable4 SpatiallyLoaded:1 Bounds:IsValid=true, Min=(X=3500.000 Y=-1000.000 Z=80.000), Max=(X=3700.000 Y=-800.000 Z=280.000) RuntimeGrid:None EditorOnly:0 RuntimeOnly:0 HLODRelevant:0 ListedInSceneOutliner:1 IsMainWorldOnly:0
 |   |   |- Guid:5E685CF24DB1FFBF8C53E9A473569A47 BaseClass: NativeClass:/Script/Engine.StaticMeshActor Name:StaticMeshActor_UAID_089798BF50FFB93502_1255720044 Label:CubeGridToolOutput3 SpatiallyLoaded:1 Bounds:IsValid=true, Min=(X=3000.000 Y=-11600.000 Z=380.000), Max=(X=4800.000 Y=-2000.000 Z=2480.000) RuntimeGrid:None EditorOnly:0 RuntimeOnly:0 HLODRelevant:1 ListedInSceneOutliner:1 IsMainWorldOnly:0
 |   |   |- Guid:6267EFC3418BC929F7329F8BD3867F6A BaseClass:/Game/Blueprints/RelicPuzzle2/BP_CodeCrystal.BP_CodeCrystal_C NativeClass:/Script/Engine.Actor Name:BP_CodeCrystal_C_UAID_089798BF50FFDB5202_1208025636 Label:BP_CodeCrystal4 SpatiallyLoaded:1 Bounds:IsValid=true, Min=(X=11880.000 Y=-718.293 Z=97.500), Max=(X=12010.000 Y=-584.000 Z=277.398) RuntimeGrid:None EditorOnly:0 RuntimeOnly:0 HLODRelevant:0 ListedInSceneOutliner:1 IsMainWorldOnly:0
 |   |   |- Guid:7353617044D32FAA1BB7AF90FC52EB09 BaseClass:/Game/Blueprints/PuzzleObjects/BP_FalseHammerHitWhenPlayerHit.BP_FalseHammerHitWhenPlayerHit_C NativeClass:/Script/Engine.Actor Name:BP_FalseHammerHitWhenPlayerHit_C_UAID_644ED76AD82D5D4B02_1980134065 Label:BP_FalseHammerHitWhenPlayerHit3 SpatiallyLoaded:1 Bounds:IsValid=true, Min=(X=3843.000 Y=-13092.000 Z=2886.000), Max=(X=4043.000 Y=-12992.000 Z=3058.500) RuntimeGrid:None EditorOnly:0 RuntimeOnly:0 HLODRelevant:0 ListedInSceneOutliner:1 IsMainWorldOnly:0
 |   |   |- Guid:7700A97B4BA6B1BD147D4E87722F0350 BaseClass: NativeClass:/Script/Engine.StaticMeshActor Name:StaticMeshActor_UAID_A4AE111137DC5EFB00_1110535423 Label:SM_SkySphere SpatiallyLoaded:0 Bounds:IsValid=true, Min=(X=-1638410.000 Y=-1638600.000 Z=-1638360.000), Max=(X=1638390.000 Y=1638200.000 Z=1638440.000) RuntimeGrid:None EditorOnly:0 RuntimeOnly:0 HLODRelevant:1 ListedInSceneOutliner:1 IsMainWorldOnly:0 FolderPath:Lighting FolderGuid:963EC3EB4002CCE9759E2EBA541A873A
 |   |   |- Guid:7A64072C45CDCDFF51BAE19FDD664CD5 BaseClass:/Game/Blueprints/RelicPuzzle2/BP_CodeCrystalManager.BP_CodeCrystalManager_C NativeClass:/Script/Engine.Actor Name:BP_CodeCrystalManager_C_UAID_089798BF50FFDB5202_1523923639 Label:BP_CodeCrystalManager SpatiallyLoaded:1 Bounds:IsValid=true, Min=(X=11676.000 Y=-1132.000 Z=-844.000), Max=(X=12858.000 Y=756.000 Z=1044.000) RuntimeGrid:None EditorOnly:0 RuntimeOnly:0 HLODRelevant:0 ListedInSceneOutliner:1 IsMainWorldOnly:0
 |   |   |- Guid:80123570416D534147733D93243D824F BaseClass: NativeClass:/Script/Engine.WorldDataLayers Name:WorldDataLayers Label:WorldDataLayers SpatiallyLoaded:0 Bounds:Invalid RuntimeGrid:None EditorOnly:0 RuntimeOnly:0 HLODRelevant:0 ListedInSceneOutliner:1 IsMainWorldOnly:1
 |   |   |- Guid:917433D4430A87DF0C705DB41B996CFA BaseClass:/Game/Blueprints/PuzzleObjects/BP_Pushable.BP_Pushable_C NativeClass:/Script/Engine.Actor Name:BP_Pushable_C_UAID_089798BF50FFE64602_1298699899 Label:BP_Pushable12 SpatiallyLoaded:1 Bounds:IsValid=true, Min=(X=4200.000 Y=-10100.000 Z=2480.000), Max=(X=4400.000 Y=-9900.000 Z=2680.000) RuntimeGrid:None EditorOnly:0 RuntimeOnly:0 HLODRelevant:0 ListedInSceneOutliner:1 IsMainWorldOnly:0
 |   |   |- Guid:935835C34CC69D94ADEBA4BBCAC38A1F BaseClass:/Game/Blueprints/PuzzleObjects/BP_Pushable.BP_Pushable_C NativeClass:/Script/Engine.Actor Name:BP_Pushable_C_UAID_089798BF50FFE54602_1294433719 Label:BP_Pushable8 SpatiallyLoaded:1 Bounds:IsValid=true, Min=(X=4200.000 Y=-9000.000 Z=2080.000), Max=(X=4400.000 Y=-8800.000 Z=2280.000) RuntimeGrid:None EditorOnly:0 RuntimeOnly:0 HLODRelevant:0 ListedInSceneOutliner:1 IsMainWorldOnly:0
 |   |   |- Guid:93EEDBC444F20A34DE3DB3AA66F381D2 BaseClass:/Game/Blueprints/RelicPuzzle2/BP_CodeCrystal.BP_CodeCrystal_C NativeClass:/Script/Engine.Actor Name:BP_CodeCrystal_C_UAID_089798BF50FFDB5202_1194426634 Label:BP_CodeCrystal2 SpatiallyLoaded:1 Bounds:IsValid=true, Min=(X=11889.000 Y=84.707 Z=97.500), Max=(X=12019.000 Y=219.000 Z=277.398) RuntimeGrid:None EditorOnly:0 RuntimeOnly:0 HLODRelevant:0 ListedInSceneOutliner:1 IsMainWorldOnly:0
 |   |   |- Guid:A87D5D30471878CE90ED2C827618CABA BaseClass:/Game/Blueprints/PuzzleObjects/BP_Pushable.BP_Pushable_C NativeClass:/Script/Engine.Actor Name:BP_Pushable_C_UAID_089798BF50FFE64602_1262609897 Label:BP_Pushable10 SpatiallyLoaded:1 Bounds:IsValid=true, Min=(X=3400.000 Y=-10100.000 Z=2480.000), Max=(X=3600.000 Y=-9900.000 Z=2680.000) RuntimeGrid:None EditorOnly:0 RuntimeOnly:0 HLODRelevant:0 ListedInSceneOutliner:1 IsMainWorldOnly:0
 |   |   |- Guid:AA5C2CF147F06A5273B6D59D20AA639F BaseClass:/Game/Blueprints/PuzzleObjects/BP_FalseHammerHitWhenPlayerHit.BP_FalseHammerHitWhenPlayerHit_C NativeClass:/Script/Engine.Actor Name:BP_FalseHammerHitWhenPlayerHit_C_UAID_644ED76AD82D5C4B02_1816395888 Label:BP_FalseHammerHitWhenPlayerHit2 SpatiallyLoaded:1 Bounds:IsValid=true, Min=(X=3843.000 Y=-12417.000 Z=2886.000), Max=(X=4043.000 Y=-12317.000 Z=3058.500) RuntimeGrid:None EditorOnly:0 RuntimeOnly:0 HLODRelevant:0 ListedInSceneOutliner:1 IsMainWorldOnly:0
 |   |   |- Guid:AE36983A4D3E5BAC7F0364875953E1A8 BaseClass:/Game/Blueprints/PuzzleObjects/BP_Pushable.BP_Pushable_C NativeClass:/Script/Engine.Actor Name:BP_Pushable_C_UAID_089798BF50FFBB3502_2073555399 Label:BP_Pushable6 SpatiallyLoaded:1 Bounds:IsValid=true, Min=(X=4200.000 Y=-3900.000 Z=1280.000), Max=(X=4400.000 Y=-3700.000 Z=1480.000) RuntimeGrid:None EditorOnly:0 RuntimeOnly:0 HLODRelevant:0 ListedInSceneOutliner:1 IsMainWorldOnly:0
 |   |   |- Guid:BAE32F904957D5FF3A55D3B7CD82391D BaseClass:/Game/Blueprints/PuzzleObjects/BP_Pushable.BP_Pushable_C NativeClass:/Script/Engine.Actor Name:BP_Pushable_C_UAID_089798BF50FFE64602_1286296898 Label:BP_Pushable11 SpatiallyLoaded:1 Bounds:IsValid=true, Min=(X=3000.000 Y=-11100.000 Z=2480.000), Max=(X=3200.000 Y=-10900.000 Z=2680.000) RuntimeGrid:None EditorOnly:0 RuntimeOnly:0 HLODRelevant:0 ListedInSceneOutliner:1 IsMainWorldOnly:0
 |   |   |- Guid:C2CEE7064A34BC3389C422ADB70AAE1B BaseClass: NativeClass:/Script/Engine.PlayerStart Name:PlayerStart_0 Label:PlayerStart SpatiallyLoaded:0 Bounds:IsValid=true, Min=(X=10841.000 Y=-110.000 Z=110.013), Max=(X=10921.000 Y=-30.000 Z=294.013) RuntimeGrid:None EditorOnly:0 RuntimeOnly:0 HLODRelevant:0 ListedInSceneOutliner:1 IsMainWorldOnly:0
 |   |   |- Guid:C6A606AF4C5F57D5B7CE8DB44773D305 BaseClass:/Game/Blueprints/PuzzleObjects/BP_FalseHammerHitWhenPlayerHit.BP_FalseHammerHitWhenPlayerHit_C NativeClass:/Script/Engine.Actor Name:BP_FalseHammerHitWhenPlayerHit_C_UAID_089798BF50FFD43702_1629307889 Label:BP_FalseHammerHitWhenPlayerHit SpatiallyLoaded:1 Bounds:IsValid=true, Min=(X=4325.000 Y=-7275.000 Z=1980.000), Max=(X=4475.000 Y=-6975.000 Z=2238.750) RuntimeGrid:None EditorOnly:0 RuntimeOnly:0 HLODRelevant:0 ListedInSceneOutliner:1 IsMainWorldOnly:0
 |   |   |- Guid:DF12CBA34F506F85766D7A97DF0503C4 BaseClass: NativeClass:/Script/Engine.StaticMeshActor Name:StaticMeshActor_UAID_089798BF50FFAF3502_2016390269 Label:CubeGridToolOutput SpatiallyLoaded:1 Bounds:IsValid=true, Min=(X=2700.000 Y=-13600.000 Z=-0.000), Max=(X=13400.000 Y=800.000 Z=2900.000) RuntimeGrid:None EditorOnly:0 RuntimeOnly:0 HLODRelevant:1 ListedInSceneOutliner:1 IsMainWorldOnly:0
 |   |   |- Guid:E168E9C0436EE881782D55A38C72B82F BaseClass: NativeClass:/Script/Engine.DirectionalLight Name:DirectionalLight_0 Label:DirectionalLight SpatiallyLoaded:0 Bounds:IsValid=true, Min=(X=-4398046511104.000 Y=-4398046511104.000 Z=-4398046511104.000), Max=(X=4398046511104.000 Y=4398046511104.000 Z=4398046511104.000) RuntimeGrid:None EditorOnly:0 RuntimeOnly:0 HLODRelevant:0 ListedInSceneOutliner:1 IsMainWorldOnly:0 FolderPath:Lighting FolderGuid:963EC3EB4002CCE9759E2EBA541A873A
 |   |   |- Guid:E17425C2426CE554BF0A41BCCD58E710 BaseClass:/Game/Blueprints/PuzzleObjects/BP_Bumper.BP_Bumper_C NativeClass:/Script/Engine.Actor Name:BP_Bumper_C_UAID_089798BF50FFD43702_1754909890 Label:BP_Bumper2 SpatiallyLoaded:1 Bounds:IsValid=true, Min=(X=3700.000 Y=-7900.000 Z=1540.820), Max=(X=4100.000 Y=-7500.000 Z=1700.000) RuntimeGrid:None EditorOnly:0 RuntimeOnly:0 HLODRelevant:0 ListedInSceneOutliner:1 IsMainWorldOnly:0
 |   |   |- Guid:E4B55C08497D3A0FED57A28530AF1835 BaseClass:/Game/Blueprints/RelicPuzzle/BP_RelicStatue.BP_RelicStatue_C NativeClass:/Script/Engine.Actor Name:BP_RelicStatue_C_UAID_089798BF50FFDA5202_1791886456 Label:BP_RelicStatue SpatiallyLoaded:1 Bounds:IsValid=true, Min=(X=12994.050 Y=-873.357 Z=90.196), Max=(X=13279.950 Y=443.357 Z=698.528) RuntimeGrid:None EditorOnly:0 RuntimeOnly:0 HLODRelevant:0 ListedInSceneOutliner:1 IsMainWorldOnly:0
 |   |   |- Guid:EAC38B91437498EADD996098180AD0B1 BaseClass:/Game/Blueprints/PuzzleObjects/BP_HammerButton.BP_HammerButton_C NativeClass:/Script/Engine.Actor Name:BP_HammerButton_C_UAID_089798BF50FFB93502_1905532046 Label:BP_HammerButton SpatiallyLoaded:1 Bounds:IsValid=true, Min=(X=3500.000 Y=-5300.000 Z=1290.000), Max=(X=3600.000 Y=-5200.000 Z=1390.000) RuntimeGrid:None EditorOnly:0 RuntimeOnly:0 HLODRelevant:0 ListedInSceneOutliner:1 IsMainWorldOnly:0
 |   |   |- Guid:F441A0634B47F52B6DB0369CACDFE70A BaseClass:/Game/Blueprints/PuzzleObjects/BP_Pushable.BP_Pushable_C NativeClass:/Script/Engine.Actor Name:BP_Pushable_C_UAID_089798BF50FFD43702_1349758887 Label:BP_Pushable7 SpatiallyLoaded:1 Bounds:IsValid=true, Min=(X=4300.000 Y=-7300.000 Z=1680.000), Max=(X=4500.000 Y=-7100.000 Z=1980.000) RuntimeGrid:None EditorOnly:0 RuntimeOnly:0 HLODRelevant:0 ListedInSceneOutliner:1 IsMainWorldOnly:0
 |   |   |- Guid:FD46AC934F70EC6A84C1D089D78D8684 BaseClass: NativeClass:/Script/Engine.ExponentialHeightFog Name:ExponentialHeightFog_0 Label:ExponentialHeightFog SpatiallyLoaded:0 Bounds:IsValid=true, Min=(X=-5600.000 Y=-50.000 Z=-6850.000), Max=(X=-5600.000 Y=-50.000 Z=-6850.000) RuntimeGrid:None EditorOnly:0 RuntimeOnly:0 HLODRelevant:0 ListedInSceneOutliner:1 IsMainWorldOnly:0 FolderPath:Lighting FolderGuid:963EC3EB4002CCE9759E2EBA541A873A
 |   |- [+] Clusters:
 |   |   |- [+] [  0]
 |   |   |   |- Guid:01EE874D4788EFA83027D7B4640D7E07 BaseClass: NativeClass:/Script/Engine.SkyAtmosphere Name:SkyAtmosphere_0 Label:SkyAtmosphere SpatiallyLoaded:0 Bounds:IsValid=true, Min=(X=0.000 Y=0.000 Z=1020.000), Max=(X=0.000 Y=0.000 Z=1020.000) RuntimeGrid:None EditorOnly:0 RuntimeOnly:0 HLODRelevant:0 ListedInSceneOutliner:1 IsMainWorldOnly:0 FolderPath:Lighting FolderGuid:963EC3EB4002CCE9759E2EBA541A873A
 |   |   |- [+] [  1]
 |   |   |   |- Guid:0A905D37462DA6A36C68E6A3AB52CF59 BaseClass:/Game/Blueprints/PuzzleObjects/BP_ActivateStatue.BP_ActivateStatue_C NativeClass:/Script/Engine.Actor Name:BP_ActivateStatue_C_UAID_644ED76AD82D5D4B02_1980136066 Label:BP_ActivateStatue2 SpatiallyLoaded:1 Bounds:IsValid=true, Min=(X=3475.000 Y=-13205.000 Z=2866.001), Max=(X=3625.000 Y=-13055.000 Z=2933.999) RuntimeGrid:None EditorOnly:0 RuntimeOnly:0 HLODRelevant:0 ListedInSceneOutliner:1 IsMainWorldOnly:0
 |   |   |   |- Guid:7353617044D32FAA1BB7AF90FC52EB09 BaseClass:/Game/Blueprints/PuzzleObjects/BP_FalseHammerHitWhenPlayerHit.BP_FalseHammerHitWhenPlayerHit_C NativeClass:/Script/Engine.Actor Name:BP_FalseHammerHitWhenPlayerHit_C_UAID_644ED76AD82D5D4B02_1980134065 Label:BP_FalseHammerHitWhenPlayerHit3 SpatiallyLoaded:1 Bounds:IsValid=true, Min=(X=3843.000 Y=-13092.000 Z=2886.000), Max=(X=4043.000 Y=-12992.000 Z=3058.500) RuntimeGrid:None EditorOnly:0 RuntimeOnly:0 HLODRelevant:0 ListedInSceneOutliner:1 IsMainWorldOnly:0
 |   |   |- [+] [  2]
 |   |   |   |- Guid:111CDFB04EB854D0EE256A83210FBF43 BaseClass: NativeClass:/Script/Engine.StaticMeshActor Name:StaticMeshActor_UAID_089798BF50FF105502_1089201072 Label:CubeGridToolOutput4 SpatiallyLoaded:1 Bounds:IsValid=true, Min=(X=-5000.000 Y=-4119.239 Z=-0.000), Max=(X=-2878.680 Y=-1997.918 Z=1000.000) RuntimeGrid:None EditorOnly:0 RuntimeOnly:0 HLODRelevant:1 ListedInSceneOutliner:1 IsMainWorldOnly:0
 |   |   |- [+] [  3]
 |   |   |   |- Guid:23E315154346CCC59489B292918E025F BaseClass: NativeClass:/Script/Engine.StaticMeshActor Name:StaticMeshActor_UAID_089798BF50FFB93502_1115668043 Label:CubeGridToolOutput2 SpatiallyLoaded:1 Bounds:IsValid=true, Min=(X=3400.000 Y=-1700.000 Z=-20.000), Max=(X=4400.000 Y=-600.000 Z=80.000) RuntimeGrid:None EditorOnly:0 RuntimeOnly:0 HLODRelevant:1 ListedInSceneOutliner:1 IsMainWorldOnly:0
 |   |   |- [+] [  4]
 |   |   |   |- Guid:28A4B44643412446EC09E4851418F0F6 BaseClass:/Game/Blueprints/PuzzleObjects/BP_Pushable.BP_Pushable_C NativeClass:/Script/Engine.Actor Name:BP_Pushable_C_UAID_089798BF50FFB73502_1458292690 Label:BP_Pushable5 SpatiallyLoaded:1 Bounds:IsValid=true, Min=(X=3200.000 Y=-3000.000 Z=480.000), Max=(X=3400.000 Y=-2800.000 Z=680.000) RuntimeGrid:None EditorOnly:0 RuntimeOnly:0 HLODRelevant:0 ListedInSceneOutliner:1 IsMainWorldOnly:0
 |   |   |- [+] [  5]
 |   |   |   |- Guid:2B22AF504DD9AA9E02E63AB8E0EB8B93 BaseClass:/Game/Blueprints/RelicPuzzle2/BP_CodeCrystal.BP_CodeCrystal_C NativeClass:/Script/Engine.Actor Name:BP_CodeCrystal_C_UAID_089798BF50FFDB5202_1214430637 Label:BP_CodeCrystal5 SpatiallyLoaded:1 Bounds:IsValid=true, Min=(X=12288.000 Y=-319.293 Z=97.500), Max=(X=12418.000 Y=-185.000 Z=277.398) RuntimeGrid:None EditorOnly:0 RuntimeOnly:0 HLODRelevant:0 ListedInSceneOutliner:1 IsMainWorldOnly:0
 |   |   |   |- Guid:5496B4E2442B7098473223A686A899A6 BaseClass:/Game/Blueprints/RelicPuzzle2/BP_CodeCrystal.BP_CodeCrystal_C NativeClass:/Script/Engine.Actor Name:BP_CodeCrystal_C_UAID_089798BF50FFDB5202_1200512635 Label:BP_CodeCrystal3 SpatiallyLoaded:1 Bounds:IsValid=true, Min=(X=12689.000 Y=-713.293 Z=97.500), Max=(X=12819.000 Y=-579.000 Z=277.398) RuntimeGrid:None EditorOnly:0 RuntimeOnly:0 HLODRelevant:0 ListedInSceneOutliner:1 IsMainWorldOnly:0
 |   |   |   |- Guid:5B6733024D58EEAA30AD4E90495C0A99 BaseClass:/Game/Blueprints/RelicPuzzle2/BP_CodeCrystal.BP_CodeCrystal_C NativeClass:/Script/Engine.Actor Name:BP_CodeCrystal_C_UAID_089798BF50FFDB5202_1187931633 Label:BP_CodeCrystal SpatiallyLoaded:1 Bounds:IsValid=true, Min=(X=12688.000 Y=88.707 Z=97.500), Max=(X=12818.000 Y=223.000 Z=277.398) RuntimeGrid:None EditorOnly:0 RuntimeOnly:0 HLODRelevant:0 ListedInSceneOutliner:1 IsMainWorldOnly:0
 |   |   |   |- Guid:6267EFC3418BC929F7329F8BD3867F6A BaseClass:/Game/Blueprints/RelicPuzzle2/BP_CodeCrystal.BP_CodeCrystal_C NativeClass:/Script/Engine.Actor Name:BP_CodeCrystal_C_UAID_089798BF50FFDB5202_1208025636 Label:BP_CodeCrystal4 SpatiallyLoaded:1 Bounds:IsValid=true, Min=(X=11880.000 Y=-718.293 Z=97.500), Max=(X=12010.000 Y=-584.000 Z=277.398) RuntimeGrid:None EditorOnly:0 RuntimeOnly:0 HLODRelevant:0 ListedInSceneOutliner:1 IsMainWorldOnly:0
 |   |   |   |- Guid:7A64072C45CDCDFF51BAE19FDD664CD5 BaseClass:/Game/Blueprints/RelicPuzzle2/BP_CodeCrystalManager.BP_CodeCrystalManager_C NativeClass:/Script/Engine.Actor Name:BP_CodeCrystalManager_C_UAID_089798BF50FFDB5202_1523923639 Label:BP_CodeCrystalManager SpatiallyLoaded:1 Bounds:IsValid=true, Min=(X=11676.000 Y=-1132.000 Z=-844.000), Max=(X=12858.000 Y=756.000 Z=1044.000) RuntimeGrid:None EditorOnly:0 RuntimeOnly:0 HLODRelevant:0 ListedInSceneOutliner:1 IsMainWorldOnly:0
 |   |   |   |- Guid:93EEDBC444F20A34DE3DB3AA66F381D2 BaseClass:/Game/Blueprints/RelicPuzzle2/BP_CodeCrystal.BP_CodeCrystal_C NativeClass:/Script/Engine.Actor Name:BP_CodeCrystal_C_UAID_089798BF50FFDB5202_1194426634 Label:BP_CodeCrystal2 SpatiallyLoaded:1 Bounds:IsValid=true, Min=(X=11889.000 Y=84.707 Z=97.500), Max=(X=12019.000 Y=219.000 Z=277.398) RuntimeGrid:None EditorOnly:0 RuntimeOnly:0 HLODRelevant:0 ListedInSceneOutliner:1 IsMainWorldOnly:0
 |   |   |   |- Guid:E4B55C08497D3A0FED57A28530AF1835 BaseClass:/Game/Blueprints/RelicPuzzle/BP_RelicStatue.BP_RelicStatue_C NativeClass:/Script/Engine.Actor Name:BP_RelicStatue_C_UAID_089798BF50FFDA5202_1791886456 Label:BP_RelicStatue SpatiallyLoaded:1 Bounds:IsValid=true, Min=(X=12994.050 Y=-873.357 Z=90.196), Max=(X=13279.950 Y=443.357 Z=698.528) RuntimeGrid:None EditorOnly:0 RuntimeOnly:0 HLODRelevant:0 ListedInSceneOutliner:1 IsMainWorldOnly:0
 |   |   |- [+] [  6]
 |   |   |   |- Guid:369AC69F4636E989EBE324A23A58F2E1 BaseClass:/Game/Blueprints/PuzzleObjects/BP_Pushable.BP_Pushable_C NativeClass:/Script/Engine.Actor Name:BP_Pushable_C_UAID_089798BF50FFE54602_1341871720 Label:BP_Pushable9 SpatiallyLoaded:1 Bounds:IsValid=true, Min=(X=3400.000 Y=-8400.000 Z=2080.000), Max=(X=3600.000 Y=-8200.000 Z=2280.000) RuntimeGrid:None EditorOnly:0 RuntimeOnly:0 HLODRelevant:0 ListedInSceneOutliner:1 IsMainWorldOnly:0
 |   |   |- [+] [  7]
 |   |   |   |- Guid:381BA6DE4C10C0625390E68D2A659C2A BaseClass: NativeClass:/Script/Engine.PostProcessVolume Name:PostProcessVolume_0 Label:PostProcessVolume SpatiallyLoaded:0 Bounds:IsValid=true, Min=(X=0.000 Y=0.000 Z=400.000), Max=(X=200.000 Y=200.000 Z=600.000) RuntimeGrid:None EditorOnly:0 RuntimeOnly:0 HLODRelevant:0 ListedInSceneOutliner:1 IsMainWorldOnly:0 FolderPath:Lighting FolderGuid:963EC3EB4002CCE9759E2EBA541A873A
 |   |   |- [+] [  8]
 |   |   |   |- Guid:3BDBB0EA4A9CCF00BFA50C92F476E080 BaseClass:/Game/Blueprints/PuzzleObjects/BP_ActivateStatue.BP_ActivateStatue_C NativeClass:/Script/Engine.Actor Name:BP_ActivateStatue_C_UAID_644ED76AD82D5C4B02_1801873887 Label:BP_ActivateStatue SpatiallyLoaded:1 Bounds:IsValid=true, Min=(X=3475.000 Y=-12530.000 Z=2866.001), Max=(X=3625.000 Y=-12380.000 Z=2933.999) RuntimeGrid:None EditorOnly:0 RuntimeOnly:0 HLODRelevant:0 ListedInSceneOutliner:1 IsMainWorldOnly:0
 |   |   |   |- Guid:AA5C2CF147F06A5273B6D59D20AA639F BaseClass:/Game/Blueprints/PuzzleObjects/BP_FalseHammerHitWhenPlayerHit.BP_FalseHammerHitWhenPlayerHit_C NativeClass:/Script/Engine.Actor Name:BP_FalseHammerHitWhenPlayerHit_C_UAID_644ED76AD82D5C4B02_1816395888 Label:BP_FalseHammerHitWhenPlayerHit2 SpatiallyLoaded:1 Bounds:IsValid=true, Min=(X=3843.000 Y=-12417.000 Z=2886.000), Max=(X=4043.000 Y=-12317.000 Z=3058.500) RuntimeGrid:None EditorOnly:0 RuntimeOnly:0 HLODRelevant:0 ListedInSceneOutliner:1 IsMainWorldOnly:0
 |   |   |- [+] [  9]
 |   |   |   |- Guid:4704B0254473D945A077D4B511BD7CF2 BaseClass:/Game/Blueprints/BoulderChase/BP_ZoomOutCam.BP_ZoomOutCam_C NativeClass:/Script/Engine.Actor Name:BP_ZoomOutCam_C_UAID_089798BF50FF105502_1163464073 Label:BP_ZoomOutCam SpatiallyLoaded:1 Bounds:IsValid=true, Min=(X=-4523.000 Y=-3499.000 Z=494.000), Max=(X=-3511.000 Y=-2487.000 Z=1506.000) RuntimeGrid:None EditorOnly:0 RuntimeOnly:0 HLODRelevant:0 ListedInSceneOutliner:1 IsMainWorldOnly:0
 |   |   |- [+] [ 10]
 |   |   |   |- Guid:49AFD9244FF138419C6EF6818F5B14EE BaseClass:/Game/Blueprints/PuzzleObjects/BP_HammerButton.BP_HammerButton_C NativeClass:/Script/Engine.Actor Name:BP_HammerButton_C_UAID_089798BF50FFBC3502_2069618576 Label:BP_HammerButton2 SpatiallyLoaded:1 Bounds:IsValid=true, Min=(X=4700.000 Y=-3800.000 Z=890.000), Max=(X=4800.000 Y=-3700.000 Z=990.000) RuntimeGrid:None EditorOnly:0 RuntimeOnly:0 HLODRelevant:0 ListedInSceneOutliner:1 IsMainWorldOnly:0
 |   |   |   |- Guid:AE36983A4D3E5BAC7F0364875953E1A8 BaseClass:/Game/Blueprints/PuzzleObjects/BP_Pushable.BP_Pushable_C NativeClass:/Script/Engine.Actor Name:BP_Pushable_C_UAID_089798BF50FFBB3502_2073555399 Label:BP_Pushable6 SpatiallyLoaded:1 Bounds:IsValid=true, Min=(X=4200.000 Y=-3900.000 Z=1280.000), Max=(X=4400.000 Y=-3700.000 Z=1480.000) RuntimeGrid:None EditorOnly:0 RuntimeOnly:0 HLODRelevant:0 ListedInSceneOutliner:1 IsMainWorldOnly:0
 |   |   |- [+] [ 11]
 |   |   |   |- Guid:4AD03B5846F173AD254A799CA81F4CE4 BaseClass:/Game/Blueprints/PuzzleObjects/BP_HammerButton.BP_HammerButton_C NativeClass:/Script/Engine.Actor Name:BP_HammerButton_C_UAID_089798BF50FFD43702_1593660888 Label:BP_HammerButton3 SpatiallyLoaded:1 Bounds:IsValid=true, Min=(X=3850.000 Y=-7050.000 Z=1990.000), Max=(X=3950.000 Y=-6950.000 Z=2090.000) RuntimeGrid:None EditorOnly:0 RuntimeOnly:0 HLODRelevant:0 ListedInSceneOutliner:1 IsMainWorldOnly:0
 |   |   |   |- Guid:E17425C2426CE554BF0A41BCCD58E710 BaseClass:/Game/Blueprints/PuzzleObjects/BP_Bumper.BP_Bumper_C NativeClass:/Script/Engine.Actor Name:BP_Bumper_C_UAID_089798BF50FFD43702_1754909890 Label:BP_Bumper2 SpatiallyLoaded:1 Bounds:IsValid=true, Min=(X=3700.000 Y=-7900.000 Z=1540.820), Max=(X=4100.000 Y=-7500.000 Z=1700.000) RuntimeGrid:None EditorOnly:0 RuntimeOnly:0 HLODRelevant:0 ListedInSceneOutliner:1 IsMainWorldOnly:0
 |   |   |- [+] [ 12]
 |   |   |   |- Guid:5141B3D14F67FBE688555D8B86FCAF5D BaseClass:/Game/Blueprints/PuzzleObjects/BP_Bumper.BP_Bumper_C NativeClass:/Script/Engine.Actor Name:BP_Bumper_C_UAID_089798BF50FFB93502_1727335045 Label:BP_Bumper SpatiallyLoaded:1 Bounds:IsValid=true, Min=(X=3700.000 Y=-4900.000 Z=-581.383), Max=(X=4100.000 Y=-4500.000 Z=878.594) RuntimeGrid:None EditorOnly:0 RuntimeOnly:0 HLODRelevant:0 ListedInSceneOutliner:1 IsMainWorldOnly:0
 |   |   |   |- Guid:EAC38B91437498EADD996098180AD0B1 BaseClass:/Game/Blueprints/PuzzleObjects/BP_HammerButton.BP_HammerButton_C NativeClass:/Script/Engine.Actor Name:BP_HammerButton_C_UAID_089798BF50FFB93502_1905532046 Label:BP_HammerButton SpatiallyLoaded:1 Bounds:IsValid=true, Min=(X=3500.000 Y=-5300.000 Z=1290.000), Max=(X=3600.000 Y=-5200.000 Z=1390.000) RuntimeGrid:None EditorOnly:0 RuntimeOnly:0 HLODRelevant:0 ListedInSceneOutliner:1 IsMainWorldOnly:0
 |   |   |- [+] [ 13]
 |   |   |   |- Guid:58D59DA44DF67C0E02C936BBD230448C BaseClass: NativeClass:/Script/Engine.SkyLight Name:SkyLight_1 Label:SkyLight SpatiallyLoaded:0 Bounds:IsValid=true, Min=(X=0.000 Y=0.000 Z=690.000), Max=(X=0.000 Y=0.000 Z=690.000) RuntimeGrid:None EditorOnly:0 RuntimeOnly:0 HLODRelevant:0 ListedInSceneOutliner:1 IsMainWorldOnly:0 FolderPath:Lighting FolderGuid:963EC3EB4002CCE9759E2EBA541A873A
 |   |   |- [+] [ 14]
 |   |   |   |- Guid:5D5AE45B4135B365B97952BE8DFEFB8A BaseClass:/Game/Blueprints/PuzzleObjects/BP_Pushable.BP_Pushable_C NativeClass:/Script/Engine.Actor Name:BP_Pushable_C_UAID_089798BF50FFB63502_1956223510 Label:BP_Pushable4 SpatiallyLoaded:1 Bounds:IsValid=true, Min=(X=3500.000 Y=-1000.000 Z=80.000), Max=(X=3700.000 Y=-800.000 Z=280.000) RuntimeGrid:None EditorOnly:0 RuntimeOnly:0 HLODRelevant:0 ListedInSceneOutliner:1 IsMainWorldOnly:0
 |   |   |- [+] [ 15]
 |   |   |   |- Guid:5E685CF24DB1FFBF8C53E9A473569A47 BaseClass: NativeClass:/Script/Engine.StaticMeshActor Name:StaticMeshActor_UAID_089798BF50FFB93502_1255720044 Label:CubeGridToolOutput3 SpatiallyLoaded:1 Bounds:IsValid=true, Min=(X=3000.000 Y=-11600.000 Z=380.000), Max=(X=4800.000 Y=-2000.000 Z=2480.000) RuntimeGrid:None EditorOnly:0 RuntimeOnly:0 HLODRelevant:1 ListedInSceneOutliner:1 IsMainWorldOnly:0
 |   |   |- [+] [ 16]
 |   |   |   |- Guid:7700A97B4BA6B1BD147D4E87722F0350 BaseClass: NativeClass:/Script/Engine.StaticMeshActor Name:StaticMeshActor_UAID_A4AE111137DC5EFB00_1110535423 Label:SM_SkySphere SpatiallyLoaded:0 Bounds:IsValid=true, Min=(X=-1638410.000 Y=-1638600.000 Z=-1638360.000), Max=(X=1638390.000 Y=1638200.000 Z=1638440.000) RuntimeGrid:None EditorOnly:0 RuntimeOnly:0 HLODRelevant:1 ListedInSceneOutliner:1 IsMainWorldOnly:0 FolderPath:Lighting FolderGuid:963EC3EB4002CCE9759E2EBA541A873A
 |   |   |- [+] [ 17]
 |   |   |   |- Guid:80123570416D534147733D93243D824F BaseClass: NativeClass:/Script/Engine.WorldDataLayers Name:WorldDataLayers Label:WorldDataLayers SpatiallyLoaded:0 Bounds:Invalid RuntimeGrid:None EditorOnly:0 RuntimeOnly:0 HLODRelevant:0 ListedInSceneOutliner:1 IsMainWorldOnly:1
 |   |   |- [+] [ 18]
 |   |   |   |- Guid:917433D4430A87DF0C705DB41B996CFA BaseClass:/Game/Blueprints/PuzzleObjects/BP_Pushable.BP_Pushable_C NativeClass:/Script/Engine.Actor Name:BP_Pushable_C_UAID_089798BF50FFE64602_1298699899 Label:BP_Pushable12 SpatiallyLoaded:1 Bounds:IsValid=true, Min=(X=4200.000 Y=-10100.000 Z=2480.000), Max=(X=4400.000 Y=-9900.000 Z=2680.000) RuntimeGrid:None EditorOnly:0 RuntimeOnly:0 HLODRelevant:0 ListedInSceneOutliner:1 IsMainWorldOnly:0
 |   |   |- [+] [ 19]
 |   |   |   |- Guid:935835C34CC69D94ADEBA4BBCAC38A1F BaseClass:/Game/Blueprints/PuzzleObjects/BP_Pushable.BP_Pushable_C NativeClass:/Script/Engine.Actor Name:BP_Pushable_C_UAID_089798BF50FFE54602_1294433719 Label:BP_Pushable8 SpatiallyLoaded:1 Bounds:IsValid=true, Min=(X=4200.000 Y=-9000.000 Z=2080.000), Max=(X=4400.000 Y=-8800.000 Z=2280.000) RuntimeGrid:None EditorOnly:0 RuntimeOnly:0 HLODRelevant:0 ListedInSceneOutliner:1 IsMainWorldOnly:0
 |   |   |- [+] [ 20]
 |   |   |   |- Guid:A87D5D30471878CE90ED2C827618CABA BaseClass:/Game/Blueprints/PuzzleObjects/BP_Pushable.BP_Pushable_C NativeClass:/Script/Engine.Actor Name:BP_Pushable_C_UAID_089798BF50FFE64602_1262609897 Label:BP_Pushable10 SpatiallyLoaded:1 Bounds:IsValid=true, Min=(X=3400.000 Y=-10100.000 Z=2480.000), Max=(X=3600.000 Y=-9900.000 Z=2680.000) RuntimeGrid:None EditorOnly:0 RuntimeOnly:0 HLODRelevant:0 ListedInSceneOutliner:1 IsMainWorldOnly:0
 |   |   |- [+] [ 21]
 |   |   |   |- Guid:BAE32F904957D5FF3A55D3B7CD82391D BaseClass:/Game/Blueprints/PuzzleObjects/BP_Pushable.BP_Pushable_C NativeClass:/Script/Engine.Actor Name:BP_Pushable_C_UAID_089798BF50FFE64602_1286296898 Label:BP_Pushable11 SpatiallyLoaded:1 Bounds:IsValid=true, Min=(X=3000.000 Y=-11100.000 Z=2480.000), Max=(X=3200.000 Y=-10900.000 Z=2680.000) RuntimeGrid:None EditorOnly:0 RuntimeOnly:0 HLODRelevant:0 ListedInSceneOutliner:1 IsMainWorldOnly:0
 |   |   |- [+] [ 22]
 |   |   |   |- Guid:C2CEE7064A34BC3389C422ADB70AAE1B BaseClass: NativeClass:/Script/Engine.PlayerStart Name:PlayerStart_0 Label:PlayerStart SpatiallyLoaded:0 Bounds:IsValid=true, Min=(X=10841.000 Y=-110.000 Z=110.013), Max=(X=10921.000 Y=-30.000 Z=294.013) RuntimeGrid:None EditorOnly:0 RuntimeOnly:0 HLODRelevant:0 ListedInSceneOutliner:1 IsMainWorldOnly:0
 |   |   |- [+] [ 23]
 |   |   |   |- Guid:C6A606AF4C5F57D5B7CE8DB44773D305 BaseClass:/Game/Blueprints/PuzzleObjects/BP_FalseHammerHitWhenPlayerHit.BP_FalseHammerHitWhenPlayerHit_C NativeClass:/Script/Engine.Actor Name:BP_FalseHammerHitWhenPlayerHit_C_UAID_089798BF50FFD43702_1629307889 Label:BP_FalseHammerHitWhenPlayerHit SpatiallyLoaded:1 Bounds:IsValid=true, Min=(X=4325.000 Y=-7275.000 Z=1980.000), Max=(X=4475.000 Y=-6975.000 Z=2238.750) RuntimeGrid:None EditorOnly:0 RuntimeOnly:0 HLODRelevant:0 ListedInSceneOutliner:1 IsMainWorldOnly:0
 |   |   |   |- Guid:F441A0634B47F52B6DB0369CACDFE70A BaseClass:/Game/Blueprints/PuzzleObjects/BP_Pushable.BP_Pushable_C NativeClass:/Script/Engine.Actor Name:BP_Pushable_C_UAID_089798BF50FFD43702_1349758887 Label:BP_Pushable7 SpatiallyLoaded:1 Bounds:IsValid=true, Min=(X=4300.000 Y=-7300.000 Z=1680.000), Max=(X=4500.000 Y=-7100.000 Z=1980.000) RuntimeGrid:None EditorOnly:0 RuntimeOnly:0 HLODRelevant:0 ListedInSceneOutliner:1 IsMainWorldOnly:0
 |   |   |- [+] [ 24]
 |   |   |   |- Guid:DF12CBA34F506F85766D7A97DF0503C4 BaseClass: NativeClass:/Script/Engine.StaticMeshActor Name:StaticMeshActor_UAID_089798BF50FFAF3502_2016390269 Label:CubeGridToolOutput SpatiallyLoaded:1 Bounds:IsValid=true, Min=(X=2700.000 Y=-13600.000 Z=-0.000), Max=(X=13400.000 Y=800.000 Z=2900.000) RuntimeGrid:None EditorOnly:0 RuntimeOnly:0 HLODRelevant:1 ListedInSceneOutliner:1 IsMainWorldOnly:0
 |   |   |- [+] [ 25]
 |   |   |   |- Guid:E168E9C0436EE881782D55A38C72B82F BaseClass: NativeClass:/Script/Engine.DirectionalLight Name:DirectionalLight_0 Label:DirectionalLight SpatiallyLoaded:0 Bounds:IsValid=true, Min=(X=-4398046511104.000 Y=-4398046511104.000 Z=-4398046511104.000), Max=(X=4398046511104.000 Y=4398046511104.000 Z=4398046511104.000) RuntimeGrid:None EditorOnly:0 RuntimeOnly:0 HLODRelevant:0 ListedInSceneOutliner:1 IsMainWorldOnly:0 FolderPath:Lighting FolderGuid:963EC3EB4002CCE9759E2EBA541A873A
 |   |   |- [+] [ 26]
 |   |   |   |- Guid:FD46AC934F70EC6A84C1D089D78D8684 BaseClass: NativeClass:/Script/Engine.ExponentialHeightFog Name:ExponentialHeightFog_0 Label:ExponentialHeightFog SpatiallyLoaded:0 Bounds:IsValid=true, Min=(X=-5600.000 Y=-50.000 Z=-6850.000), Max=(X=-5600.000 Y=-50.000 Z=-6850.000) RuntimeGrid:None EditorOnly:0 RuntimeOnly:0 HLODRelevant:0 ListedInSceneOutliner:1 IsMainWorldOnly:0 FolderPath:Lighting FolderGuid:963EC3EB4002CCE9759E2EBA541A873A
 |- ContainerInstances:
 |- [+] MainContainer:
 |   |-        ID: 00000000000000000000000000000000
 |   |-  ParentID: 00000000000000000000000000000000
 |   |-    Bounds: IsValid=false, Min=(X=0.000 Y=0.000 Z=0.000), Max=(X=0.000 Y=0.000 Z=0.000)
 |   |- Transform: 0.000000,0.000000,0.000000|0.000000,0.000000,-0.000000|1.000000,1.000000,1.000000
 |   |- Container: /Game/Levels/NewPuzzlesYay
----------------------------------------------------------------------------------------------------------------
NewPuzzlesYay - Persistent Level
----------------------------------------------------------------------------------------------------------------
[+] Content of NewPuzzlesYay Persistent Level
 |- Always loaded Actor Count: 47 
 |- Actor Path: /Game/Levels/NewPuzzlesYay.NewPuzzlesYay:PersistentLevel.AbstractNavData-Default
 |- Actor Package: /Game/Levels/NewPuzzlesYay
 |- Actor Path: /Game/Levels/NewPuzzlesYay.NewPuzzlesYay:PersistentLevel.BP_ActivateStatue_C_UAID_644ED76AD82D5C4B02_1801873887
 |- Actor Package: /Game/__ExternalActors__/Levels/NewPuzzlesYay/C/F3/4GK4OYYBHYFOKFWL1JJT5J
 |- Actor Path: /Game/Levels/NewPuzzlesYay.NewPuzzlesYay:PersistentLevel.BP_ActivateStatue_C_UAID_644ED76AD82D5D4B02_1980136066
 |- Actor Package: /Game/__ExternalActors__/Levels/NewPuzzlesYay/4/13/JK2CD4SAYQNRVKYTIX793Y
 |- Actor Path: /Game/Levels/NewPuzzlesYay.NewPuzzlesYay:PersistentLevel.BP_Bumper_C_UAID_089798BF50FFB93502_1727335045
 |- Actor Package: /Game/__ExternalActors__/Levels/NewPuzzlesYay/6/X4/L5A6ZA0T00DEP7JJU8D90M
 |- Actor Path: /Game/Levels/NewPuzzlesYay.NewPuzzlesYay:PersistentLevel.BP_Bumper_C_UAID_089798BF50FFD43702_1754909890
 |- Actor Package: /Game/__ExternalActors__/Levels/NewPuzzlesYay/5/R5/G78K4E9PI1LH7X9ERJILRR
 |- Actor Path: /Game/Levels/NewPuzzlesYay.NewPuzzlesYay:PersistentLevel.BP_CodeCrystal_C_UAID_089798BF50FFDB5202_1187931633
 |- Actor Package: /Game/__ExternalActors__/Levels/NewPuzzlesYay/2/K2/9IYHJPJKUDEC5PYQO9R8U9
 |- Actor Path: /Game/Levels/NewPuzzlesYay.NewPuzzlesYay:PersistentLevel.BP_CodeCrystal_C_UAID_089798BF50FFDB5202_1194426634
 |- Actor Package: /Game/__ExternalActors__/Levels/NewPuzzlesYay/3/ZI/RCGAS09KU608SBFY8NPR7L
 |- Actor Path: /Game/Levels/NewPuzzlesYay.NewPuzzlesYay:PersistentLevel.BP_CodeCrystal_C_UAID_089798BF50FFDB5202_1200512635
 |- Actor Package: /Game/__ExternalActors__/Levels/NewPuzzlesYay/7/IV/B3AIALV43PFMYV6L4MPV2R
 |- Actor Path: /Game/Levels/NewPuzzlesYay.NewPuzzlesYay:PersistentLevel.BP_CodeCrystal_C_UAID_089798BF50FFDB5202_1208025636
 |- Actor Package: /Game/__ExternalActors__/Levels/NewPuzzlesYay/2/N0/Y5TXVDEO0ZO3488I6JQS1T
 |- Actor Path: /Game/Levels/NewPuzzlesYay.NewPuzzlesYay:PersistentLevel.BP_CodeCrystal_C_UAID_089798BF50FFDB5202_1214430637
 |- Actor Package: /Game/__ExternalActors__/Levels/NewPuzzlesYay/E/B6/WWF37QUDASC8POM20J3IT0
 |- Actor Path: /Game/Levels/NewPuzzlesYay.NewPuzzlesYay:PersistentLevel.BP_CodeCrystalManager_C_UAID_089798BF50FFDB5202_1523923639
 |- Actor Package: /Game/__ExternalActors__/Levels/NewPuzzlesYay/E/E0/4RHH1C28EBXGEFOKIAS025
 |- Actor Path: /Game/Levels/NewPuzzlesYay.NewPuzzlesYay:PersistentLevel.BP_FalseHammerHitWhenPlayerHit_C_UAID_089798BF50FFD43702_1629307889
 |- Actor Package: /Game/__ExternalActors__/Levels/NewPuzzlesYay/6/N8/ST7PRWGO0KP3IU836ZSA19
 |- Actor Path: /Game/Levels/NewPuzzlesYay.NewPuzzlesYay:PersistentLevel.BP_FalseHammerHitWhenPlayerHit_C_UAID_644ED76AD82D5C4B02_1816395888
 |- Actor Package: /Game/__ExternalActors__/Levels/NewPuzzlesYay/D/L2/WEH7NTJ4EPGQKBBD4G20Z7
 |- Actor Path: /Game/Levels/NewPuzzlesYay.NewPuzzlesYay:PersistentLevel.BP_FalseHammerHitWhenPlayerHit_C_UAID_644ED76AD82D5D4B02_1980134065
 |- Actor Package: /Game/__ExternalActors__/Levels/NewPuzzlesYay/B/3O/016C3EE7AKSOFKHMC0SEPN
 |- Actor Path: /Game/Levels/NewPuzzlesYay.NewPuzzlesYay:PersistentLevel.BP_HammerButton_C_UAID_089798BF50FFB93502_1905532046
 |- Actor Package: /Game/__ExternalActors__/Levels/NewPuzzlesYay/A/EE/7LWERSK5IAPR6H9Z5BZCCW
 |- Actor Path: /Game/Levels/NewPuzzlesYay.NewPuzzlesYay:PersistentLevel.BP_HammerButton_C_UAID_089798BF50FFBC3502_2069618576
 |- Actor Package: /Game/__ExternalActors__/Levels/NewPuzzlesYay/D/HM/MGRE45CMRJUCFWD0GITN21
 |- Actor Path: /Game/Levels/NewPuzzlesYay.NewPuzzlesYay:PersistentLevel.BP_HammerButton_C_UAID_089798BF50FFD43702_1593660888
 |- Actor Package: /Game/__ExternalActors__/Levels/NewPuzzlesYay/4/I1/8PT6YF7P5VMUS7S0CQCVQ8
 |- Actor Path: /Game/Levels/NewPuzzlesYay.NewPuzzlesYay:PersistentLevel.BP_Pushable_C_UAID_089798BF50FFB63502_1956223510
 |- Actor Package: /Game/__ExternalActors__/Levels/NewPuzzlesYay/6/C6/XES6TTH1RBFJV0ELV2FM85
 |- Actor Path: /Game/Levels/NewPuzzlesYay.NewPuzzlesYay:PersistentLevel.BP_Pushable_C_UAID_089798BF50FFB73502_1458292690
 |- Actor Package: /Game/__ExternalActors__/Levels/NewPuzzlesYay/5/PO/YHZONOMK2AJFXXBSJPDXVO
 |- Actor Path: /Game/Levels/NewPuzzlesYay.NewPuzzlesYay:PersistentLevel.BP_Pushable_C_UAID_089798BF50FFBB3502_2073555399
 |- Actor Package: /Game/__ExternalActors__/Levels/NewPuzzlesYay/F/2X/4HALJPW0CN1M4U1LCOHUHL
 |- Actor Path: /Game/Levels/NewPuzzlesYay.NewPuzzlesYay:PersistentLevel.BP_Pushable_C_UAID_089798BF50FFD43702_1349758887
 |- Actor Package: /Game/__ExternalActors__/Levels/NewPuzzlesYay/6/GC/01XI9B4ONV7HGU830XL2YV
 |- Actor Path: /Game/Levels/NewPuzzlesYay.NewPuzzlesYay:PersistentLevel.BP_Pushable_C_UAID_089798BF50FFE54602_1294433719
 |- Actor Package: /Game/__ExternalActors__/Levels/NewPuzzlesYay/A/13/HUA8YOUWPV6MRQRDZQSZ1J
 |- Actor Path: /Game/Levels/NewPuzzlesYay.NewPuzzlesYay:PersistentLevel.BP_Pushable_C_UAID_089798BF50FFE54602_1341871720
 |- Actor Package: /Game/__ExternalActors__/Levels/NewPuzzlesYay/2/IM/K5L51Q9Z707YYYK8RROP0Z
 |- Actor Path: /Game/Levels/NewPuzzlesYay.NewPuzzlesYay:PersistentLevel.BP_Pushable_C_UAID_089798BF50FFE64602_1262609897
 |- Actor Package: /Game/__ExternalActors__/Levels/NewPuzzlesYay/1/EA/FUZ8PEDM7RVYJ3CYC8V6AR
 |- Actor Path: /Game/Levels/NewPuzzlesYay.NewPuzzlesYay:PersistentLevel.BP_Pushable_C_UAID_089798BF50FFE64602_1286296898
 |- Actor Package: /Game/__ExternalActors__/Levels/NewPuzzlesYay/6/83/6IKVXM6ZI7EJ1VTBUZMK67
 |- Actor Path: /Game/Levels/NewPuzzlesYay.NewPuzzlesYay:PersistentLevel.BP_Pushable_C_UAID_089798BF50FFE64602_1298699899
 |- Actor Package: /Game/__ExternalActors__/Levels/NewPuzzlesYay/2/PN/A19EYF88RLAFAYNZVSWLVA
 |- Actor Path: /Game/Levels/NewPuzzlesYay.NewPuzzlesYay:PersistentLevel.BP_RelicStatue_C_UAID_089798BF50FFDA5202_1791886456
 |- Actor Package: /Game/__ExternalActors__/Levels/NewPuzzlesYay/8/9G/93H3KWEMR7GE5XDTICIFNC
 |- Actor Path: /Game/Levels/NewPuzzlesYay.NewPuzzlesYay:PersistentLevel.BP_ZoomOutCam_C_UAID_089798BF50FF105502_1163464073
 |- Actor Package: /Game/__ExternalActors__/Levels/NewPuzzlesYay/1/V2/YAEQAV13O2SPZ3PDJ08QOF
 |- Actor Path: /Game/Levels/NewPuzzlesYay.NewPuzzlesYay:PersistentLevel.Brush_0
 |- Actor Package: /Game/Levels/NewPuzzlesYay
 |- Actor Path: /Game/Levels/NewPuzzlesYay.NewPuzzlesYay:PersistentLevel.CombinedTransformGizmoActor_0
 |- Actor Package: /Game/Levels/NewPuzzlesYay
 |- Actor Path: /Game/Levels/NewPuzzlesYay.NewPuzzlesYay:PersistentLevel.DefaultPhysicsVolume_0
 |- Actor Package: /Game/Levels/NewPuzzlesYay
 |- Actor Path: /Game/Levels/NewPuzzlesYay.NewPuzzlesYay:PersistentLevel.DirectionalLight_0
 |- Actor Package: /Game/__ExternalActors__/Levels/NewPuzzlesYay/3/TC/WAJM18EV1AHNLMUXE72ZHM
 |- Actor Path: /Game/Levels/NewPuzzlesYay.NewPuzzlesYay:PersistentLevel.ExponentialHeightFog_0
 |- Actor Package: /Game/__ExternalActors__/Levels/NewPuzzlesYay/B/6X/J3V12H6P2FF87YIOUNHIYV
 |- Actor Path: /Game/Levels/NewPuzzlesYay.NewPuzzlesYay:PersistentLevel.GameplayDebuggerPlayerManager_0
 |- Actor Package: /Game/Levels/NewPuzzlesYay
 |- Actor Path: /Game/Levels/NewPuzzlesYay.NewPuzzlesYay:PersistentLevel.PlayerStart_0
 |- Actor Package: /Game/__ExternalActors__/Levels/NewPuzzlesYay/7/Y8/P4LAJBW26S6K8TZVSRUG63
 |- Actor Path: /Game/Levels/NewPuzzlesYay.NewPuzzlesYay:PersistentLevel.PostProcessVolume_0
 |- Actor Package: /Game/__ExternalActors__/Levels/NewPuzzlesYay/C/DN/Q3TZJD58XS715903ZM0S2V
 |- Actor Path: /Game/Levels/NewPuzzlesYay.NewPuzzlesYay:PersistentLevel.SimplePuzzles1_C_1
 |- Actor Package: /Game/Levels/NewPuzzlesYay
 |- Actor Path: /Game/Levels/NewPuzzlesYay.NewPuzzlesYay:PersistentLevel.SkyAtmosphere_0
 |- Actor Package: /Game/__ExternalActors__/Levels/NewPuzzlesYay/C/9T/C67LMHORHO55XLDBTY9TLD
 |- Actor Path: /Game/Levels/NewPuzzlesYay.NewPuzzlesYay:PersistentLevel.SkyLight_1
 |- Actor Package: /Game/__ExternalActors__/Levels/NewPuzzlesYay/0/O4/H74AEO52IB8TA7JN1L9TVP
 |- Actor Path: /Game/Levels/NewPuzzlesYay.NewPuzzlesYay:PersistentLevel.StaticMeshActor_UAID_089798BF50FF105502_1089201072
 |- Actor Package: /Game/__ExternalActors__/Levels/NewPuzzlesYay/5/1G/PO5MXGXPKPBTXO0S8WYCTJ
 |- Actor Path: /Game/Levels/NewPuzzlesYay.NewPuzzlesYay:PersistentLevel.StaticMeshActor_UAID_089798BF50FFAF3502_2016390269
 |- Actor Package: /Game/__ExternalActors__/Levels/NewPuzzlesYay/8/3G/AESED4AGQGFI6Q0HCU7H1K
 |- Actor Path: /Game/Levels/NewPuzzlesYay.NewPuzzlesYay:PersistentLevel.StaticMeshActor_UAID_089798BF50FFB93502_1115668043
 |- Actor Package: /Game/__ExternalActors__/Levels/NewPuzzlesYay/9/Y0/JF342L3W2CTFA3Z20P01VD
 |- Actor Path: /Game/Levels/NewPuzzlesYay.NewPuzzlesYay:PersistentLevel.StaticMeshActor_UAID_089798BF50FFB93502_1255720044
 |- Actor Package: /Game/__ExternalActors__/Levels/NewPuzzlesYay/D/0L/U7AYYO2YE234HWMK6HR0XD
 |- Actor Path: /Game/Levels/NewPuzzlesYay.NewPuzzlesYay:PersistentLevel.StaticMeshActor_UAID_A4AE111137DC5EFB00_1110535423
 |- Actor Package: /Game/__ExternalActors__/Levels/NewPuzzlesYay/7/FM/17QESXHQLBQJCC6X3XPC0C
 |- Actor Path: /Game/Levels/NewPuzzlesYay.NewPuzzlesYay:PersistentLevel.WorldDataLayers
 |- Actor Package: /Game/__ExternalActors__/Levels/NewPuzzlesYay/7/I2/MJ15WMN5TXXV5NWYI5HI20
 |- Actor Path: /Game/Levels/NewPuzzlesYay.NewPuzzlesYay:PersistentLevel.WorldInfo_0
 |- Actor Package: /Game/Levels/NewPuzzlesYay
 |- Actor Path: /Game/Levels/NewPuzzlesYay.NewPuzzlesYay:PersistentLevel.WorldPartitionMiniMap_0
 |- Actor Package: /Game/__ExternalActors__/Levels/NewPuzzlesYay/5/IY/G7OZ7I34MLOFU5C2U22NRV

----------------------------------------------------------------------------------------------------------------
NewPuzzlesYay - Runtime Spatial Hash - Streaming Grid - MainGrid
----------------------------------------------------------------------------------------------------------------
            Origin: X=0.000 Y=0.000 Z=0.000
         Cell Size: 12800
      World Bounds: IsValid=false, Min=(X=0.000 Y=0.000 Z=0.000), Max=(X=0.000 Y=0.000 Z=0.000)
     Loading Range: 25600.00
Block Slow Loading: No
 ClientOnlyVisible: No
            Origin: X=0.000 Y=0.000 Z=0.000

[+] Grid Levels: 1
 |- Level  0: Cell Count    0 | Cell Size   12800 | Actor Count    0 (0.0%)

[+] Content of Grid Level 0

