[+] Containers:
 |- [+] Container: /Game/Sam/SamLevel
 |   |- [+] ActorDescs:
 |   |   |- Guid:0A14B5584FDBEA993FD7B5B47BBD6EBF BaseClass:/Game/Pots+Collects/Pot.Pot_C NativeClass:/Script/Engine.Actor Name:Pot_C_UAID_2C58B90CFE56093102_1157409979 Label:Pot9 SpatiallyLoaded:1 Bounds:IsValid=true, Min=(X=6237.500 Y=2387.500 Z=-3.016), Max=(X=6402.500 Y=2552.500 Z=158.697) RuntimeGrid:None EditorOnly:0 RuntimeOnly:0 HLODRelevant:0 ListedInSceneOutliner:1 IsMainWorldOnly:0
 |   |   |- Guid:0B10A83D4132748F35D4E89A5BEEC497 BaseClass: NativeClass:/Script/Engine.StaticMeshActor Name:StaticMeshActor_UAID_2C58B90CFE56083102_1840892790 Label:Plane SpatiallyLoaded:1 Bounds:IsValid=true, Min=(X=3142.812 Y=632.812 Z=-10.000), Max=(X=3877.188 Y=1367.188 Z=-10.000) RuntimeGrid:None EditorOnly:0 RuntimeOnly:0 HLODRelevant:1 ListedInSceneOutliner:1 IsMainWorldOnly:0
 |   |   |- Guid:0BA08CC740F9D09B5CF0E9AE92B21634 BaseClass: NativeClass:/Script/Engine.ExponentialHeightFog Name:ExponentialHeightFog_0 Label:ExponentialHeightFog SpatiallyLoaded:0 Bounds:IsValid=true, Min=(X=-5600.000 Y=-50.000 Z=-6850.000), Max=(X=-5600.000 Y=-50.000 Z=-6850.000) RuntimeGrid:None EditorOnly:0 RuntimeOnly:0 HLODRelevant:0 ListedInSceneOutliner:1 IsMainWorldOnly:0 FolderPath:Lighting FolderGuid:963EC3EB4002CCE9759E2EBA541A873A
 |   |   |- Guid:0CF4DD1A431E2434EB5598BCD7B5D2F3 BaseClass: NativeClass:/Script/Engine.StaticMeshActor Name:StaticMeshActor_UAID_C87F5417DB322C2E02_1859769822 Label:SM_Cube6 SpatiallyLoaded:1 Bounds:IsValid=true, Min=(X=4230.000 Y=1260.000 Z=-50.000), Max=(X=5308.125 Y=1610.000 Z=0.000) RuntimeGrid:None EditorOnly:0 RuntimeOnly:0 HLODRelevant:1 ListedInSceneOutliner:1 IsMainWorldOnly:0 FolderPath:Playground FolderGuid:C73F09FC4215536B1DCE2A9E0A830C70
 |   |   |- Guid:14EF88454ECA3B4F46701B885DA2A9BB BaseClass: NativeClass:/Script/Engine.StaticMeshActor Name:StaticMeshActor_UAID_A4AE111137DC5EFB00_1110535423 Label:SM_SkySphere SpatiallyLoaded:0 Bounds:IsValid=true, Min=(X=-1638410.000 Y=-1638410.000 Z=-1638400.000), Max=(X=1638390.000 Y=1638390.000 Z=1638400.000) RuntimeGrid:None EditorOnly:0 RuntimeOnly:0 HLODRelevant:1 ListedInSceneOutliner:1 IsMainWorldOnly:0 FolderPath:Lighting FolderGuid:963EC3EB4002CCE9759E2EBA541A873A
 |   |   |- Guid:2DC7AFD84145517DB7133A9DD5254A5E BaseClass:/Game/Pots+Collects/Pedastal.Pedastal_C NativeClass:/Script/Engine.Actor Name:Pedastal_C_UAID_2C58B90CFE56093102_2016049026 Label:Pedastal SpatiallyLoaded:1 Bounds:IsValid=true, Min=(X=4121.094 Y=-38.906 Z=-29.408), Max=(X=4618.906 Y=458.906 Z=490.592) RuntimeGrid:None EditorOnly:0 RuntimeOnly:0 HLODRelevant:0 ListedInSceneOutliner:1 IsMainWorldOnly:0
 |   |   |- Guid:3026D4984A7178F32090EB84BA6EB60D BaseClass:/Game/Sam/BP_Trigger.BP_Trigger_C NativeClass:/Script/Engine.Actor Name:BP_Trigger_C_UAID_2C58B90CFE56F33002_1502354051 Label:BP_Trigger SpatiallyLoaded:1 Bounds:IsValid=true, Min=(X=2900.000 Y=-1690.000 Z=90.000), Max=(X=3500.000 Y=-1090.000 Z=190.000) RuntimeGrid:None EditorOnly:0 RuntimeOnly:0 HLODRelevant:0 ListedInSceneOutliner:1 IsMainWorldOnly:0
 |   |   |- Guid:30B5CF274C816EFE713F27A42DBBF244 BaseClass: NativeClass:/Script/Engine.SkyLight Name:SkyLight_1 Label:SkyLight SpatiallyLoaded:0 Bounds:IsValid=true, Min=(X=0.000 Y=0.000 Z=690.000), Max=(X=0.000 Y=0.000 Z=690.000) RuntimeGrid:None EditorOnly:0 RuntimeOnly:0 HLODRelevant:0 ListedInSceneOutliner:1 IsMainWorldOnly:0 FolderPath:Lighting FolderGuid:963EC3EB4002CCE9759E2EBA541A873A
 |   |   |- Guid:366818BE4ECBDE0530963188E866A4FF BaseClass:/Game/BP_Door.BP_Door_C NativeClass:/Script/Engine.Actor Name:BP_Door_C_UAID_C87F5417DB322C2E02_1791608820 Label:BP_Door SpatiallyLoaded:1 Bounds:IsValid=true, Min=(X=4700.000 Y=1255.000 Z=9.236), Max=(X=4780.000 Y=1605.000 Z=359.236) RuntimeGrid:None EditorOnly:0 RuntimeOnly:0 HLODRelevant:0 ListedInSceneOutliner:1 IsMainWorldOnly:0
 |   |   |- Guid:36A7BEA84562A20A650DFB9D199C83AF BaseClass: NativeClass:/Script/Engine.StaticMeshActor Name:StaticMeshActor_UAID_644ED76ADAC6F42502_1848459518 Label:Invisible5 SpatiallyLoaded:1 Bounds:IsValid=true, Min=(X=9540.000 Y=7570.000 Z=-280.000), Max=(X=11715.000 Y=7620.000 Z=20.000) RuntimeGrid:None EditorOnly:0 RuntimeOnly:0 HLODRelevant:1 ListedInSceneOutliner:1 IsMainWorldOnly:0 FolderPath:Playground FolderGuid:C73F09FC4215536B1DCE2A9E0A830C70
 |   |   |- Guid:382762F4436140CB5784A2BC4345C52E BaseClass:/Game/Pots+Collects/Pot.Pot_C NativeClass:/Script/Engine.Actor Name:Pot_C_UAID_2C58B90CFE56093102_1097128972 Label:Pot2 SpatiallyLoaded:1 Bounds:IsValid=true, Min=(X=2067.500 Y=-1752.500 Z=-3.016), Max=(X=2232.500 Y=-1587.500 Z=158.697) RuntimeGrid:None EditorOnly:0 RuntimeOnly:0 HLODRelevant:0 ListedInSceneOutliner:1 IsMainWorldOnly:0
 |   |   |- Guid:4B22593A46A45FBC86D97390E9150C5A BaseClass:/Game/Pots+Collects/Pot.Pot_C NativeClass:/Script/Engine.Actor Name:Pot_C_UAID_2C58B90CFE56093102_1111338974 Label:Pot4 SpatiallyLoaded:1 Bounds:IsValid=true, Min=(X=3837.500 Y=-1572.500 Z=-3.016), Max=(X=4002.500 Y=-1407.500 Z=158.697) RuntimeGrid:None EditorOnly:0 RuntimeOnly:0 HLODRelevant:0 ListedInSceneOutliner:1 IsMainWorldOnly:0
 |   |   |- Guid:53C36C1E48302C66825EA48B87303767 BaseClass: NativeClass:/Script/Engine.VolumetricCloud Name:VolumetricCloud_0 Label:VolumetricCloud SpatiallyLoaded:0 Bounds:IsValid=true, Min=(X=0.000 Y=0.000 Z=820.000), Max=(X=0.000 Y=0.000 Z=820.000) RuntimeGrid:None EditorOnly:0 RuntimeOnly:0 HLODRelevant:0 ListedInSceneOutliner:1 IsMainWorldOnly:0 FolderPath:Lighting FolderGuid:963EC3EB4002CCE9759E2EBA541A873A
 |   |   |- Guid:5FADEAED4A9D63BB6301A087D1B92699 BaseClass: NativeClass:/Script/Engine.StaticMeshActor Name:StaticMeshActor_UAID_644ED76ADAC6F42502_1506885515 Label:Invisible2 SpatiallyLoaded:1 Bounds:IsValid=true, Min=(X=11750.000 Y=4880.000 Z=-50.000), Max=(X=11800.000 Y=7580.000 Z=1950.000) RuntimeGrid:None EditorOnly:0 RuntimeOnly:0 HLODRelevant:1 ListedInSceneOutliner:1 IsMainWorldOnly:0 FolderPath:Playground FolderGuid:C73F09FC4215536B1DCE2A9E0A830C70
 |   |   |- Guid:60BB29884B966DE5B1EF5294BB245FD2 BaseClass: NativeClass:/Script/Engine.WorldDataLayers Name:WorldDataLayers Label:WorldDataLayers SpatiallyLoaded:0 Bounds:Invalid RuntimeGrid:None EditorOnly:0 RuntimeOnly:0 HLODRelevant:0 ListedInSceneOutliner:1 IsMainWorldOnly:1
 |   |   |- Guid:758EC1A34ED481AB777AF39146B60134 BaseClass:/Game/Pots+Collects/Pot.Pot_C NativeClass:/Script/Engine.Actor Name:Pot_C_UAID_2C58B90CFE56093102_1164022983 Label:Pot13 SpatiallyLoaded:1 Bounds:IsValid=true, Min=(X=5117.500 Y=1447.500 Z=-3.016), Max=(X=5282.500 Y=1612.500 Z=158.697) RuntimeGrid:None EditorOnly:0 RuntimeOnly:0 HLODRelevant:0 ListedInSceneOutliner:1 IsMainWorldOnly:0
 |   |   |- Guid:761ADB5E495271C6823FF5A37A3171B9 BaseClass: NativeClass:/Script/Engine.PlayerStart Name:PlayerStart_0 Label:PlayerStart SpatiallyLoaded:0 Bounds:IsValid=true, Min=(X=3530.000 Y=800.000 Z=300.013), Max=(X=3610.000 Y=880.000 Z=484.013) RuntimeGrid:None EditorOnly:0 RuntimeOnly:0 HLODRelevant:0 ListedInSceneOutliner:1 IsMainWorldOnly:0
 |   |   |- Guid:778023B04C4F561C4EE002A855905B91 BaseClass:/Game/Sam/BP_Tilt_Demo.BP_Tilt_Demo_C NativeClass:/Script/Engine.Actor Name:BP_Tilt_Demo_C_UAID_2C58B90CFE56E53002_1715762487 Label:BP_Tilt_Demo SpatiallyLoaded:1 Bounds:IsValid=true, Min=(X=2931.354 Y=421.354 Z=6.250), Max=(X=4088.646 Y=1579.792 Z=219.375) RuntimeGrid:None EditorOnly:0 RuntimeOnly:0 HLODRelevant:0 ListedInSceneOutliner:1 IsMainWorldOnly:0
 |   |   |- Guid:791EBCFE482A7FA359A5F4A5EB14560E BaseClass:/Game/Sam/BP_Trigger.BP_Trigger_C NativeClass:/Script/Engine.Actor Name:BP_Trigger_C_UAID_2C58B90CFE56F33002_1505108052 Label:BP_Trigger2 SpatiallyLoaded:1 Bounds:IsValid=true, Min=(X=5660.000 Y=1130.000 Z=60.000), Max=(X=6260.000 Y=1730.000 Z=160.000) RuntimeGrid:None EditorOnly:0 RuntimeOnly:0 HLODRelevant:0 ListedInSceneOutliner:1 IsMainWorldOnly:0
 |   |   |- Guid:7B1DD98646FEC0B79939E484341FB8BC BaseClass:/Game/Pots+Collects/Pot.Pot_C NativeClass:/Script/Engine.Actor Name:Pot_C_UAID_2C58B90CFE56093102_1121304978 Label:Pot8 SpatiallyLoaded:1 Bounds:IsValid=true, Min=(X=3987.343 Y=-1053.972 Z=13.461), Max=(X=4152.343 Y=-888.972 Z=175.174) RuntimeGrid:None EditorOnly:0 RuntimeOnly:0 HLODRelevant:0 ListedInSceneOutliner:1 IsMainWorldOnly:0
 |   |   |- Guid:7B7BD70C4FC19B769FD649A83E321877 BaseClass:/Game/BP_Door.BP_Door_C NativeClass:/Script/Engine.Actor Name:BP_Door_C_UAID_2C58B90CFE56F23002_1611884826 Label:BP_Door2 SpatiallyLoaded:1 Bounds:IsValid=true, Min=(X=2925.000 Y=-310.000 Z=-0.764), Max=(X=3275.000 Y=-230.000 Z=349.236) RuntimeGrid:None EditorOnly:0 RuntimeOnly:0 HLODRelevant:0 ListedInSceneOutliner:1 IsMainWorldOnly:0
 |   |   |- Guid:829C1AD94DC85EABB6C391A5B9502A95 BaseClass: NativeClass:/Script/Engine.StaticMeshActor Name:StaticMeshActor_UAID_644ED76ADAC6F42502_1280279514 Label:Invisible3 SpatiallyLoaded:1 Bounds:IsValid=true, Min=(X=7650.000 Y=4870.000 Z=-100.000), Max=(X=9650.000 Y=7570.000 Z=-50.000) RuntimeGrid:None EditorOnly:0 RuntimeOnly:0 HLODRelevant:1 ListedInSceneOutliner:1 IsMainWorldOnly:0 FolderPath:Playground FolderGuid:C73F09FC4215536B1DCE2A9E0A830C70
 |   |   |- Guid:85A16D814FE837ABED7F85BD4A4FB7DC BaseClass: NativeClass:/Script/Engine.StaticMeshActor Name:StaticMeshActor_UAID_2C58B90CFE56F23002_1748607850 Label:SM_Cube8 SpatiallyLoaded:1 Bounds:IsValid=true, Min=(X=1990.000 Y=-2035.000 Z=-50.000), Max=(X=4240.000 Y=-760.000 Z=0.000) RuntimeGrid:None EditorOnly:0 RuntimeOnly:0 HLODRelevant:1 ListedInSceneOutliner:1 IsMainWorldOnly:0 FolderPath:Playground FolderGuid:C73F09FC4215536B1DCE2A9E0A830C70
 |   |   |- Guid:916DE4C742136928670A399A5D4F0B2A BaseClass:/Game/Pots+Collects/Pot.Pot_C NativeClass:/Script/Engine.Actor Name:Pot_C_UAID_2C58B90CFE56093102_1113578975 Label:Pot5 SpatiallyLoaded:1 Bounds:IsValid=true, Min=(X=3827.500 Y=-1272.500 Z=-3.016), Max=(X=3992.500 Y=-1107.500 Z=158.697) RuntimeGrid:None EditorOnly:0 RuntimeOnly:0 HLODRelevant:0 ListedInSceneOutliner:1 IsMainWorldOnly:0
 |   |   |- Guid:91966F2F4EF551F221221BB5B847B2B8 BaseClass:/Game/Pots+Collects/Pot.Pot_C NativeClass:/Script/Engine.Actor Name:Pot_C_UAID_2C58B90CFE56093102_1103610973 Label:Pot3 SpatiallyLoaded:1 Bounds:IsValid=true, Min=(X=2247.500 Y=-1922.500 Z=-3.016), Max=(X=2412.500 Y=-1757.500 Z=158.697) RuntimeGrid:None EditorOnly:0 RuntimeOnly:0 HLODRelevant:0 ListedInSceneOutliner:1 IsMainWorldOnly:0
 |   |   |- Guid:987140C84337671259202C93C786A4E5 BaseClass:/Game/Pots+Collects/Pot.Pot_C NativeClass:/Script/Engine.Actor Name:Pot_C_UAID_2C58B90CFE56093102_1162261982 Label:Pot12 SpatiallyLoaded:1 Bounds:IsValid=true, Min=(X=5107.500 Y=1247.500 Z=-3.016), Max=(X=5272.500 Y=1412.500 Z=158.697) RuntimeGrid:None EditorOnly:0 RuntimeOnly:0 HLODRelevant:0 ListedInSceneOutliner:1 IsMainWorldOnly:0
 |   |   |- Guid:9A036ED5402236B226BF1282A9767B07 BaseClass: NativeClass:/Script/Engine.StaticMeshActor Name:StaticMeshActor_UAID_644ED76ADAC6F42502_1868143519 Label:Invisible4 SpatiallyLoaded:1 Bounds:IsValid=true, Min=(X=9690.000 Y=4820.000 Z=-260.000), Max=(X=9740.000 Y=7720.000 Z=40.000) RuntimeGrid:None EditorOnly:0 RuntimeOnly:0 HLODRelevant:1 ListedInSceneOutliner:1 IsMainWorldOnly:0 FolderPath:Playground FolderGuid:C73F09FC4215536B1DCE2A9E0A830C70
 |   |   |- Guid:A0E153674F64AD44D736DABA01F740A7 BaseClass: NativeClass:/Script/Engine.DirectionalLight Name:DirectionalLight_0 Label:DirectionalLight SpatiallyLoaded:0 Bounds:IsValid=true, Min=(X=-4398046511104.000 Y=-4398046511104.000 Z=-4398046511104.000), Max=(X=4398046511104.000 Y=4398046511104.000 Z=4398046511104.000) RuntimeGrid:None EditorOnly:0 RuntimeOnly:0 HLODRelevant:0 ListedInSceneOutliner:1 IsMainWorldOnly:0 FolderPath:Lighting FolderGuid:963EC3EB4002CCE9759E2EBA541A873A
 |   |   |- Guid:A610BD7B485C2C0596289EA0682102EE BaseClass:/Game/Pots+Collects/Pot.Pot_C NativeClass:/Script/Engine.Actor Name:Pot_C_UAID_2C58B90CFE56093102_1094587971 Label:Pot SpatiallyLoaded:1 Bounds:IsValid=true, Min=(X=2067.500 Y=-1922.500 Z=-3.016), Max=(X=2232.500 Y=-1757.500 Z=158.697) RuntimeGrid:None EditorOnly:0 RuntimeOnly:0 HLODRelevant:0 ListedInSceneOutliner:1 IsMainWorldOnly:0
 |   |   |- Guid:B035A31F418EF3533922F387D6784AB6 BaseClass:/Game/Pots+Collects/Pot.Pot_C NativeClass:/Script/Engine.Actor Name:Pot_C_UAID_2C58B90CFE56093102_1119017977 Label:Pot7 SpatiallyLoaded:1 Bounds:IsValid=true, Min=(X=4017.500 Y=-1422.500 Z=-3.016), Max=(X=4182.500 Y=-1257.500 Z=158.697) RuntimeGrid:None EditorOnly:0 RuntimeOnly:0 HLODRelevant:0 ListedInSceneOutliner:1 IsMainWorldOnly:0
 |   |   |- Guid:B50727694E1205FD12C5D2A34DC27998 BaseClass:/Game/Pots+Collects/Pot.Pot_C NativeClass:/Script/Engine.Actor Name:Pot_C_UAID_2C58B90CFE56093102_1174208985 Label:Pot15 SpatiallyLoaded:1 Bounds:IsValid=true, Min=(X=5277.500 Y=2237.500 Z=-3.016), Max=(X=5442.500 Y=2402.500 Z=158.697) RuntimeGrid:None EditorOnly:0 RuntimeOnly:0 HLODRelevant:0 ListedInSceneOutliner:1 IsMainWorldOnly:0
 |   |   |- Guid:B784492B41DA95AACF016E9567B3C413 BaseClass:/Game/Pots+Collects/Pot.Pot_C NativeClass:/Script/Engine.Actor Name:Pot_C_UAID_2C58B90CFE56093102_1160410981 Label:Pot11 SpatiallyLoaded:1 Bounds:IsValid=true, Min=(X=5267.500 Y=937.500 Z=-3.016), Max=(X=5432.500 Y=1102.500 Z=158.697) RuntimeGrid:None EditorOnly:0 RuntimeOnly:0 HLODRelevant:0 ListedInSceneOutliner:1 IsMainWorldOnly:0
 |   |   |- Guid:BFA4DC45487D036EEBFDF7A37031376B BaseClass: NativeClass:/Script/Engine.PostProcessVolume Name:PostProcessVolume_0 Label:PostProcessVolume SpatiallyLoaded:0 Bounds:IsValid=true, Min=(X=0.000 Y=0.000 Z=400.000), Max=(X=200.000 Y=200.000 Z=600.000) RuntimeGrid:None EditorOnly:0 RuntimeOnly:0 HLODRelevant:0 ListedInSceneOutliner:1 IsMainWorldOnly:0 FolderPath:Lighting FolderGuid:963EC3EB4002CCE9759E2EBA541A873A
 |   |   |- Guid:C03FB49844E658F37A0E16AEFD3234B2 BaseClass: NativeClass:/Script/Engine.StaticMeshActor Name:StaticMeshActor_UAID_644ED76ADAC6F42502_1530119517 Label:Invisible6 SpatiallyLoaded:1 Bounds:IsValid=true, Min=(X=9430.000 Y=7560.000 Z=-100.000), Max=(X=12130.000 Y=9560.000 Z=-50.000) RuntimeGrid:None EditorOnly:0 RuntimeOnly:0 HLODRelevant:1 ListedInSceneOutliner:1 IsMainWorldOnly:0 FolderPath:Playground FolderGuid:C73F09FC4215536B1DCE2A9E0A830C70
 |   |   |- Guid:C68A0ADB4A2B760250965B88FC752079 BaseClass:/Game/Pots+Collects/Pot.Pot_C NativeClass:/Script/Engine.Actor Name:Pot_C_UAID_2C58B90CFE56093102_1159141980 Label:Pot10 SpatiallyLoaded:1 Bounds:IsValid=true, Min=(X=5867.500 Y=567.500 Z=-3.016), Max=(X=6032.500 Y=732.500 Z=158.697) RuntimeGrid:None EditorOnly:0 RuntimeOnly:0 HLODRelevant:0 ListedInSceneOutliner:1 IsMainWorldOnly:0
 |   |   |- Guid:C807C8ED4C5A0E6E6EC9E7BD4513DF52 BaseClass:/Game/Pots+Collects/Pot.Pot_C NativeClass:/Script/Engine.Actor Name:Pot_C_UAID_2C58B90CFE56093102_1116405976 Label:Pot6 SpatiallyLoaded:1 Bounds:IsValid=true, Min=(X=4027.500 Y=-1732.500 Z=-3.016), Max=(X=4192.500 Y=-1567.500 Z=158.697) RuntimeGrid:None EditorOnly:0 RuntimeOnly:0 HLODRelevant:0 ListedInSceneOutliner:1 IsMainWorldOnly:0
 |   |   |- Guid:C8A7A5004533DD6B0D3BDF92927EBF63 BaseClass: NativeClass:/Script/Engine.StaticMeshActor Name:StaticMeshActor_UAID_644ED76AD861952702_1440859903 Label:Door_Test SpatiallyLoaded:1 Bounds:IsValid=true, Min=(X=4700.000 Y=680.000 Z=430.000), Max=(X=4700.000 Y=680.000 Z=430.000) RuntimeGrid:None EditorOnly:0 RuntimeOnly:0 HLODRelevant:0 ListedInSceneOutliner:1 IsMainWorldOnly:0
 |   |   |- Guid:C93632E94F6CAB9F9174B4BA17B47C62 BaseClass: NativeClass:/Script/Engine.StaticMeshActor Name:StaticMeshActor_UAID_644ED76ADAC6F42502_1518024516 Label:Invisible SpatiallyLoaded:1 Bounds:IsValid=true, Min=(X=9420.000 Y=4820.000 Z=-50.000), Max=(X=12120.000 Y=4870.000 Z=1950.000) RuntimeGrid:None EditorOnly:0 RuntimeOnly:0 HLODRelevant:1 ListedInSceneOutliner:1 IsMainWorldOnly:0 FolderPath:Playground FolderGuid:C73F09FC4215536B1DCE2A9E0A830C70
 |   |   |- Guid:E50E572F4BFBFE8D2831DBAEEC823D4F BaseClass: NativeClass:/Script/Engine.StaticMeshActor Name:StaticMeshActor_UAID_2C58B90CFE56F23002_1714775849 Label:SM_Cube7 SpatiallyLoaded:1 Bounds:IsValid=true, Min=(X=2930.000 Y=-780.625 Z=-50.000), Max=(X=3280.000 Y=310.000 Z=0.000) RuntimeGrid:None EditorOnly:0 RuntimeOnly:0 HLODRelevant:1 ListedInSceneOutliner:1 IsMainWorldOnly:0 FolderPath:Playground FolderGuid:C73F09FC4215536B1DCE2A9E0A830C70
 |   |   |- Guid:EECA79C542127D0BA9BC6CB8E5E8242A BaseClass: NativeClass:/Script/Engine.SkyAtmosphere Name:SkyAtmosphere_0 Label:SkyAtmosphere SpatiallyLoaded:0 Bounds:IsValid=true, Min=(X=0.000 Y=0.000 Z=1020.000), Max=(X=0.000 Y=0.000 Z=1020.000) RuntimeGrid:None EditorOnly:0 RuntimeOnly:0 HLODRelevant:0 ListedInSceneOutliner:1 IsMainWorldOnly:0 FolderPath:Lighting FolderGuid:963EC3EB4002CCE9759E2EBA541A873A
 |   |   |- Guid:F2107B7B4B7F5AAF023B2EB2BF738A97 BaseClass: NativeClass:/Script/Engine.StaticMeshActor Name:StaticMeshActor_UAID_C87F5417DB322C2E02_1834939821 Label:SM_Cube5 SpatiallyLoaded:1 Bounds:IsValid=true, Min=(X=5240.000 Y=380.000 Z=-50.000), Max=(X=6515.000 Y=2630.000 Z=0.000) RuntimeGrid:None EditorOnly:0 RuntimeOnly:0 HLODRelevant:1 ListedInSceneOutliner:1 IsMainWorldOnly:0 FolderPath:Playground FolderGuid:C73F09FC4215536B1DCE2A9E0A830C70
 |   |   |- Guid:FDF8BDB44C47EE69A6DD64B899E3F7DA BaseClass:/Game/Pots+Collects/Pot.Pot_C NativeClass:/Script/Engine.Actor Name:Pot_C_UAID_2C58B90CFE56093102_1165767984 Label:Pot14 SpatiallyLoaded:1 Bounds:IsValid=true, Min=(X=4997.500 Y=1347.500 Z=-3.016), Max=(X=5162.500 Y=1512.500 Z=158.697) RuntimeGrid:None EditorOnly:0 RuntimeOnly:0 HLODRelevant:0 ListedInSceneOutliner:1 IsMainWorldOnly:0
 |   |- [+] Clusters:
 |   |   |- [+] [  0]
 |   |   |   |- Guid:0A14B5584FDBEA993FD7B5B47BBD6EBF BaseClass:/Game/Pots+Collects/Pot.Pot_C NativeClass:/Script/Engine.Actor Name:Pot_C_UAID_2C58B90CFE56093102_1157409979 Label:Pot9 SpatiallyLoaded:1 Bounds:IsValid=true, Min=(X=6237.500 Y=2387.500 Z=-3.016), Max=(X=6402.500 Y=2552.500 Z=158.697) RuntimeGrid:None EditorOnly:0 RuntimeOnly:0 HLODRelevant:0 ListedInSceneOutliner:1 IsMainWorldOnly:0
 |   |   |- [+] [  1]
 |   |   |   |- Guid:0B10A83D4132748F35D4E89A5BEEC497 BaseClass: NativeClass:/Script/Engine.StaticMeshActor Name:StaticMeshActor_UAID_2C58B90CFE56083102_1840892790 Label:Plane SpatiallyLoaded:1 Bounds:IsValid=true, Min=(X=3142.812 Y=632.812 Z=-10.000), Max=(X=3877.188 Y=1367.188 Z=-10.000) RuntimeGrid:None EditorOnly:0 RuntimeOnly:0 HLODRelevant:1 ListedInSceneOutliner:1 IsMainWorldOnly:0
 |   |   |- [+] [  2]
 |   |   |   |- Guid:0BA08CC740F9D09B5CF0E9AE92B21634 BaseClass: NativeClass:/Script/Engine.ExponentialHeightFog Name:ExponentialHeightFog_0 Label:ExponentialHeightFog SpatiallyLoaded:0 Bounds:IsValid=true, Min=(X=-5600.000 Y=-50.000 Z=-6850.000), Max=(X=-5600.000 Y=-50.000 Z=-6850.000) RuntimeGrid:None EditorOnly:0 RuntimeOnly:0 HLODRelevant:0 ListedInSceneOutliner:1 IsMainWorldOnly:0 FolderPath:Lighting FolderGuid:963EC3EB4002CCE9759E2EBA541A873A
 |   |   |- [+] [  3]
 |   |   |   |- Guid:0CF4DD1A431E2434EB5598BCD7B5D2F3 BaseClass: NativeClass:/Script/Engine.StaticMeshActor Name:StaticMeshActor_UAID_C87F5417DB322C2E02_1859769822 Label:SM_Cube6 SpatiallyLoaded:1 Bounds:IsValid=true, Min=(X=4230.000 Y=1260.000 Z=-50.000), Max=(X=5308.125 Y=1610.000 Z=0.000) RuntimeGrid:None EditorOnly:0 RuntimeOnly:0 HLODRelevant:1 ListedInSceneOutliner:1 IsMainWorldOnly:0 FolderPath:Playground FolderGuid:C73F09FC4215536B1DCE2A9E0A830C70
 |   |   |- [+] [  4]
 |   |   |   |- Guid:14EF88454ECA3B4F46701B885DA2A9BB BaseClass: NativeClass:/Script/Engine.StaticMeshActor Name:StaticMeshActor_UAID_A4AE111137DC5EFB00_1110535423 Label:SM_SkySphere SpatiallyLoaded:0 Bounds:IsValid=true, Min=(X=-1638410.000 Y=-1638410.000 Z=-1638400.000), Max=(X=1638390.000 Y=1638390.000 Z=1638400.000) RuntimeGrid:None EditorOnly:0 RuntimeOnly:0 HLODRelevant:1 ListedInSceneOutliner:1 IsMainWorldOnly:0 FolderPath:Lighting FolderGuid:963EC3EB4002CCE9759E2EBA541A873A
 |   |   |- [+] [  5]
 |   |   |   |- Guid:2DC7AFD84145517DB7133A9DD5254A5E BaseClass:/Game/Pots+Collects/Pedastal.Pedastal_C NativeClass:/Script/Engine.Actor Name:Pedastal_C_UAID_2C58B90CFE56093102_2016049026 Label:Pedastal SpatiallyLoaded:1 Bounds:IsValid=true, Min=(X=4121.094 Y=-38.906 Z=-29.408), Max=(X=4618.906 Y=458.906 Z=490.592) RuntimeGrid:None EditorOnly:0 RuntimeOnly:0 HLODRelevant:0 ListedInSceneOutliner:1 IsMainWorldOnly:0
 |   |   |- [+] [  6]
 |   |   |   |- Guid:3026D4984A7178F32090EB84BA6EB60D BaseClass:/Game/Sam/BP_Trigger.BP_Trigger_C NativeClass:/Script/Engine.Actor Name:BP_Trigger_C_UAID_2C58B90CFE56F33002_1502354051 Label:BP_Trigger SpatiallyLoaded:1 Bounds:IsValid=true, Min=(X=2900.000 Y=-1690.000 Z=90.000), Max=(X=3500.000 Y=-1090.000 Z=190.000) RuntimeGrid:None EditorOnly:0 RuntimeOnly:0 HLODRelevant:0 ListedInSceneOutliner:1 IsMainWorldOnly:0
 |   |   |   |- Guid:366818BE4ECBDE0530963188E866A4FF BaseClass:/Game/BP_Door.BP_Door_C NativeClass:/Script/Engine.Actor Name:BP_Door_C_UAID_C87F5417DB322C2E02_1791608820 Label:BP_Door SpatiallyLoaded:1 Bounds:IsValid=true, Min=(X=4700.000 Y=1255.000 Z=9.236), Max=(X=4780.000 Y=1605.000 Z=359.236) RuntimeGrid:None EditorOnly:0 RuntimeOnly:0 HLODRelevant:0 ListedInSceneOutliner:1 IsMainWorldOnly:0
 |   |   |   |- Guid:778023B04C4F561C4EE002A855905B91 BaseClass:/Game/Sam/BP_Tilt_Demo.BP_Tilt_Demo_C NativeClass:/Script/Engine.Actor Name:BP_Tilt_Demo_C_UAID_2C58B90CFE56E53002_1715762487 Label:BP_Tilt_Demo SpatiallyLoaded:1 Bounds:IsValid=true, Min=(X=2931.354 Y=421.354 Z=6.250), Max=(X=4088.646 Y=1579.792 Z=219.375) RuntimeGrid:None EditorOnly:0 RuntimeOnly:0 HLODRelevant:0 ListedInSceneOutliner:1 IsMainWorldOnly:0
 |   |   |   |- Guid:791EBCFE482A7FA359A5F4A5EB14560E BaseClass:/Game/Sam/BP_Trigger.BP_Trigger_C NativeClass:/Script/Engine.Actor Name:BP_Trigger_C_UAID_2C58B90CFE56F33002_1505108052 Label:BP_Trigger2 SpatiallyLoaded:1 Bounds:IsValid=true, Min=(X=5660.000 Y=1130.000 Z=60.000), Max=(X=6260.000 Y=1730.000 Z=160.000) RuntimeGrid:None EditorOnly:0 RuntimeOnly:0 HLODRelevant:0 ListedInSceneOutliner:1 IsMainWorldOnly:0
 |   |   |   |- Guid:7B7BD70C4FC19B769FD649A83E321877 BaseClass:/Game/BP_Door.BP_Door_C NativeClass:/Script/Engine.Actor Name:BP_Door_C_UAID_2C58B90CFE56F23002_1611884826 Label:BP_Door2 SpatiallyLoaded:1 Bounds:IsValid=true, Min=(X=2925.000 Y=-310.000 Z=-0.764), Max=(X=3275.000 Y=-230.000 Z=349.236) RuntimeGrid:None EditorOnly:0 RuntimeOnly:0 HLODRelevant:0 ListedInSceneOutliner:1 IsMainWorldOnly:0
 |   |   |- [+] [  7]
 |   |   |   |- Guid:30B5CF274C816EFE713F27A42DBBF244 BaseClass: NativeClass:/Script/Engine.SkyLight Name:SkyLight_1 Label:SkyLight SpatiallyLoaded:0 Bounds:IsValid=true, Min=(X=0.000 Y=0.000 Z=690.000), Max=(X=0.000 Y=0.000 Z=690.000) RuntimeGrid:None EditorOnly:0 RuntimeOnly:0 HLODRelevant:0 ListedInSceneOutliner:1 IsMainWorldOnly:0 FolderPath:Lighting FolderGuid:963EC3EB4002CCE9759E2EBA541A873A
 |   |   |- [+] [  8]
 |   |   |   |- Guid:36A7BEA84562A20A650DFB9D199C83AF BaseClass: NativeClass:/Script/Engine.StaticMeshActor Name:StaticMeshActor_UAID_644ED76ADAC6F42502_1848459518 Label:Invisible5 SpatiallyLoaded:1 Bounds:IsValid=true, Min=(X=9540.000 Y=7570.000 Z=-280.000), Max=(X=11715.000 Y=7620.000 Z=20.000) RuntimeGrid:None EditorOnly:0 RuntimeOnly:0 HLODRelevant:1 ListedInSceneOutliner:1 IsMainWorldOnly:0 FolderPath:Playground FolderGuid:C73F09FC4215536B1DCE2A9E0A830C70
 |   |   |- [+] [  9]
 |   |   |   |- Guid:382762F4436140CB5784A2BC4345C52E BaseClass:/Game/Pots+Collects/Pot.Pot_C NativeClass:/Script/Engine.Actor Name:Pot_C_UAID_2C58B90CFE56093102_1097128972 Label:Pot2 SpatiallyLoaded:1 Bounds:IsValid=true, Min=(X=2067.500 Y=-1752.500 Z=-3.016), Max=(X=2232.500 Y=-1587.500 Z=158.697) RuntimeGrid:None EditorOnly:0 RuntimeOnly:0 HLODRelevant:0 ListedInSceneOutliner:1 IsMainWorldOnly:0
 |   |   |- [+] [ 10]
 |   |   |   |- Guid:4B22593A46A45FBC86D97390E9150C5A BaseClass:/Game/Pots+Collects/Pot.Pot_C NativeClass:/Script/Engine.Actor Name:Pot_C_UAID_2C58B90CFE56093102_1111338974 Label:Pot4 SpatiallyLoaded:1 Bounds:IsValid=true, Min=(X=3837.500 Y=-1572.500 Z=-3.016), Max=(X=4002.500 Y=-1407.500 Z=158.697) RuntimeGrid:None EditorOnly:0 RuntimeOnly:0 HLODRelevant:0 ListedInSceneOutliner:1 IsMainWorldOnly:0
 |   |   |- [+] [ 11]
 |   |   |   |- Guid:53C36C1E48302C66825EA48B87303767 BaseClass: NativeClass:/Script/Engine.VolumetricCloud Name:VolumetricCloud_0 Label:VolumetricCloud SpatiallyLoaded:0 Bounds:IsValid=true, Min=(X=0.000 Y=0.000 Z=820.000), Max=(X=0.000 Y=0.000 Z=820.000) RuntimeGrid:None EditorOnly:0 RuntimeOnly:0 HLODRelevant:0 ListedInSceneOutliner:1 IsMainWorldOnly:0 FolderPath:Lighting FolderGuid:963EC3EB4002CCE9759E2EBA541A873A
 |   |   |- [+] [ 12]
 |   |   |   |- Guid:5FADEAED4A9D63BB6301A087D1B92699 BaseClass: NativeClass:/Script/Engine.StaticMeshActor Name:StaticMeshActor_UAID_644ED76ADAC6F42502_1506885515 Label:Invisible2 SpatiallyLoaded:1 Bounds:IsValid=true, Min=(X=11750.000 Y=4880.000 Z=-50.000), Max=(X=11800.000 Y=7580.000 Z=1950.000) RuntimeGrid:None EditorOnly:0 RuntimeOnly:0 HLODRelevant:1 ListedInSceneOutliner:1 IsMainWorldOnly:0 FolderPath:Playground FolderGuid:C73F09FC4215536B1DCE2A9E0A830C70
 |   |   |- [+] [ 13]
 |   |   |   |- Guid:60BB29884B966DE5B1EF5294BB245FD2 BaseClass: NativeClass:/Script/Engine.WorldDataLayers Name:WorldDataLayers Label:WorldDataLayers SpatiallyLoaded:0 Bounds:Invalid RuntimeGrid:None EditorOnly:0 RuntimeOnly:0 HLODRelevant:0 ListedInSceneOutliner:1 IsMainWorldOnly:1
 |   |   |- [+] [ 14]
 |   |   |   |- Guid:758EC1A34ED481AB777AF39146B60134 BaseClass:/Game/Pots+Collects/Pot.Pot_C NativeClass:/Script/Engine.Actor Name:Pot_C_UAID_2C58B90CFE56093102_1164022983 Label:Pot13 SpatiallyLoaded:1 Bounds:IsValid=true, Min=(X=5117.500 Y=1447.500 Z=-3.016), Max=(X=5282.500 Y=1612.500 Z=158.697) RuntimeGrid:None EditorOnly:0 RuntimeOnly:0 HLODRelevant:0 ListedInSceneOutliner:1 IsMainWorldOnly:0
 |   |   |- [+] [ 15]
 |   |   |   |- Guid:761ADB5E495271C6823FF5A37A3171B9 BaseClass: NativeClass:/Script/Engine.PlayerStart Name:PlayerStart_0 Label:PlayerStart SpatiallyLoaded:0 Bounds:IsValid=true, Min=(X=3530.000 Y=800.000 Z=300.013), Max=(X=3610.000 Y=880.000 Z=484.013) RuntimeGrid:None EditorOnly:0 RuntimeOnly:0 HLODRelevant:0 ListedInSceneOutliner:1 IsMainWorldOnly:0
 |   |   |- [+] [ 16]
 |   |   |   |- Guid:7B1DD98646FEC0B79939E484341FB8BC BaseClass:/Game/Pots+Collects/Pot.Pot_C NativeClass:/Script/Engine.Actor Name:Pot_C_UAID_2C58B90CFE56093102_1121304978 Label:Pot8 SpatiallyLoaded:1 Bounds:IsValid=true, Min=(X=3987.343 Y=-1053.972 Z=13.461), Max=(X=4152.343 Y=-888.972 Z=175.174) RuntimeGrid:None EditorOnly:0 RuntimeOnly:0 HLODRelevant:0 ListedInSceneOutliner:1 IsMainWorldOnly:0
 |   |   |- [+] [ 17]
 |   |   |   |- Guid:829C1AD94DC85EABB6C391A5B9502A95 BaseClass: NativeClass:/Script/Engine.StaticMeshActor Name:StaticMeshActor_UAID_644ED76ADAC6F42502_1280279514 Label:Invisible3 SpatiallyLoaded:1 Bounds:IsValid=true, Min=(X=7650.000 Y=4870.000 Z=-100.000), Max=(X=9650.000 Y=7570.000 Z=-50.000) RuntimeGrid:None EditorOnly:0 RuntimeOnly:0 HLODRelevant:1 ListedInSceneOutliner:1 IsMainWorldOnly:0 FolderPath:Playground FolderGuid:C73F09FC4215536B1DCE2A9E0A830C70
 |   |   |- [+] [ 18]
 |   |   |   |- Guid:85A16D814FE837ABED7F85BD4A4FB7DC BaseClass: NativeClass:/Script/Engine.StaticMeshActor Name:StaticMeshActor_UAID_2C58B90CFE56F23002_1748607850 Label:SM_Cube8 SpatiallyLoaded:1 Bounds:IsValid=true, Min=(X=1990.000 Y=-2035.000 Z=-50.000), Max=(X=4240.000 Y=-760.000 Z=0.000) RuntimeGrid:None EditorOnly:0 RuntimeOnly:0 HLODRelevant:1 ListedInSceneOutliner:1 IsMainWorldOnly:0 FolderPath:Playground FolderGuid:C73F09FC4215536B1DCE2A9E0A830C70
 |   |   |- [+] [ 19]
 |   |   |   |- Guid:916DE4C742136928670A399A5D4F0B2A BaseClass:/Game/Pots+Collects/Pot.Pot_C NativeClass:/Script/Engine.Actor Name:Pot_C_UAID_2C58B90CFE56093102_1113578975 Label:Pot5 SpatiallyLoaded:1 Bounds:IsValid=true, Min=(X=3827.500 Y=-1272.500 Z=-3.016), Max=(X=3992.500 Y=-1107.500 Z=158.697) RuntimeGrid:None EditorOnly:0 RuntimeOnly:0 HLODRelevant:0 ListedInSceneOutliner:1 IsMainWorldOnly:0
 |   |   |- [+] [ 20]
 |   |   |   |- Guid:91966F2F4EF551F221221BB5B847B2B8 BaseClass:/Game/Pots+Collects/Pot.Pot_C NativeClass:/Script/Engine.Actor Name:Pot_C_UAID_2C58B90CFE56093102_1103610973 Label:Pot3 SpatiallyLoaded:1 Bounds:IsValid=true, Min=(X=2247.500 Y=-1922.500 Z=-3.016), Max=(X=2412.500 Y=-1757.500 Z=158.697) RuntimeGrid:None EditorOnly:0 RuntimeOnly:0 HLODRelevant:0 ListedInSceneOutliner:1 IsMainWorldOnly:0
 |   |   |- [+] [ 21]
 |   |   |   |- Guid:987140C84337671259202C93C786A4E5 BaseClass:/Game/Pots+Collects/Pot.Pot_C NativeClass:/Script/Engine.Actor Name:Pot_C_UAID_2C58B90CFE56093102_1162261982 Label:Pot12 SpatiallyLoaded:1 Bounds:IsValid=true, Min=(X=5107.500 Y=1247.500 Z=-3.016), Max=(X=5272.500 Y=1412.500 Z=158.697) RuntimeGrid:None EditorOnly:0 RuntimeOnly:0 HLODRelevant:0 ListedInSceneOutliner:1 IsMainWorldOnly:0
 |   |   |- [+] [ 22]
 |   |   |   |- Guid:9A036ED5402236B226BF1282A9767B07 BaseClass: NativeClass:/Script/Engine.StaticMeshActor Name:StaticMeshActor_UAID_644ED76ADAC6F42502_1868143519 Label:Invisible4 SpatiallyLoaded:1 Bounds:IsValid=true, Min=(X=9690.000 Y=4820.000 Z=-260.000), Max=(X=9740.000 Y=7720.000 Z=40.000) RuntimeGrid:None EditorOnly:0 RuntimeOnly:0 HLODRelevant:1 ListedInSceneOutliner:1 IsMainWorldOnly:0 FolderPath:Playground FolderGuid:C73F09FC4215536B1DCE2A9E0A830C70
 |   |   |- [+] [ 23]
 |   |   |   |- Guid:A0E153674F64AD44D736DABA01F740A7 BaseClass: NativeClass:/Script/Engine.DirectionalLight Name:DirectionalLight_0 Label:DirectionalLight SpatiallyLoaded:0 Bounds:IsValid=true, Min=(X=-4398046511104.000 Y=-4398046511104.000 Z=-4398046511104.000), Max=(X=4398046511104.000 Y=4398046511104.000 Z=4398046511104.000) RuntimeGrid:None EditorOnly:0 RuntimeOnly:0 HLODRelevant:0 ListedInSceneOutliner:1 IsMainWorldOnly:0 FolderPath:Lighting FolderGuid:963EC3EB4002CCE9759E2EBA541A873A
 |   |   |- [+] [ 24]
 |   |   |   |- Guid:A610BD7B485C2C0596289EA0682102EE BaseClass:/Game/Pots+Collects/Pot.Pot_C NativeClass:/Script/Engine.Actor Name:Pot_C_UAID_2C58B90CFE56093102_1094587971 Label:Pot SpatiallyLoaded:1 Bounds:IsValid=true, Min=(X=2067.500 Y=-1922.500 Z=-3.016), Max=(X=2232.500 Y=-1757.500 Z=158.697) RuntimeGrid:None EditorOnly:0 RuntimeOnly:0 HLODRelevant:0 ListedInSceneOutliner:1 IsMainWorldOnly:0
 |   |   |- [+] [ 25]
 |   |   |   |- Guid:B035A31F418EF3533922F387D6784AB6 BaseClass:/Game/Pots+Collects/Pot.Pot_C NativeClass:/Script/Engine.Actor Name:Pot_C_UAID_2C58B90CFE56093102_1119017977 Label:Pot7 SpatiallyLoaded:1 Bounds:IsValid=true, Min=(X=4017.500 Y=-1422.500 Z=-3.016), Max=(X=4182.500 Y=-1257.500 Z=158.697) RuntimeGrid:None EditorOnly:0 RuntimeOnly:0 HLODRelevant:0 ListedInSceneOutliner:1 IsMainWorldOnly:0
 |   |   |- [+] [ 26]
 |   |   |   |- Guid:B50727694E1205FD12C5D2A34DC27998 BaseClass:/Game/Pots+Collects/Pot.Pot_C NativeClass:/Script/Engine.Actor Name:Pot_C_UAID_2C58B90CFE56093102_1174208985 Label:Pot15 SpatiallyLoaded:1 Bounds:IsValid=true, Min=(X=5277.500 Y=2237.500 Z=-3.016), Max=(X=5442.500 Y=2402.500 Z=158.697) RuntimeGrid:None EditorOnly:0 RuntimeOnly:0 HLODRelevant:0 ListedInSceneOutliner:1 IsMainWorldOnly:0
 |   |   |- [+] [ 27]
 |   |   |   |- Guid:B784492B41DA95AACF016E9567B3C413 BaseClass:/Game/Pots+Collects/Pot.Pot_C NativeClass:/Script/Engine.Actor Name:Pot_C_UAID_2C58B90CFE56093102_1160410981 Label:Pot11 SpatiallyLoaded:1 Bounds:IsValid=true, Min=(X=5267.500 Y=937.500 Z=-3.016), Max=(X=5432.500 Y=1102.500 Z=158.697) RuntimeGrid:None EditorOnly:0 RuntimeOnly:0 HLODRelevant:0 ListedInSceneOutliner:1 IsMainWorldOnly:0
 |   |   |- [+] [ 28]
 |   |   |   |- Guid:BFA4DC45487D036EEBFDF7A37031376B BaseClass: NativeClass:/Script/Engine.PostProcessVolume Name:PostProcessVolume_0 Label:PostProcessVolume SpatiallyLoaded:0 Bounds:IsValid=true, Min=(X=0.000 Y=0.000 Z=400.000), Max=(X=200.000 Y=200.000 Z=600.000) RuntimeGrid:None EditorOnly:0 RuntimeOnly:0 HLODRelevant:0 ListedInSceneOutliner:1 IsMainWorldOnly:0 FolderPath:Lighting FolderGuid:963EC3EB4002CCE9759E2EBA541A873A
 |   |   |- [+] [ 29]
 |   |   |   |- Guid:C03FB49844E658F37A0E16AEFD3234B2 BaseClass: NativeClass:/Script/Engine.StaticMeshActor Name:StaticMeshActor_UAID_644ED76ADAC6F42502_1530119517 Label:Invisible6 SpatiallyLoaded:1 Bounds:IsValid=true, Min=(X=9430.000 Y=7560.000 Z=-100.000), Max=(X=12130.000 Y=9560.000 Z=-50.000) RuntimeGrid:None EditorOnly:0 RuntimeOnly:0 HLODRelevant:1 ListedInSceneOutliner:1 IsMainWorldOnly:0 FolderPath:Playground FolderGuid:C73F09FC4215536B1DCE2A9E0A830C70
 |   |   |- [+] [ 30]
 |   |   |   |- Guid:C68A0ADB4A2B760250965B88FC752079 BaseClass:/Game/Pots+Collects/Pot.Pot_C NativeClass:/Script/Engine.Actor Name:Pot_C_UAID_2C58B90CFE56093102_1159141980 Label:Pot10 SpatiallyLoaded:1 Bounds:IsValid=true, Min=(X=5867.500 Y=567.500 Z=-3.016), Max=(X=6032.500 Y=732.500 Z=158.697) RuntimeGrid:None EditorOnly:0 RuntimeOnly:0 HLODRelevant:0 ListedInSceneOutliner:1 IsMainWorldOnly:0
 |   |   |- [+] [ 31]
 |   |   |   |- Guid:C807C8ED4C5A0E6E6EC9E7BD4513DF52 BaseClass:/Game/Pots+Collects/Pot.Pot_C NativeClass:/Script/Engine.Actor Name:Pot_C_UAID_2C58B90CFE56093102_1116405976 Label:Pot6 SpatiallyLoaded:1 Bounds:IsValid=true, Min=(X=4027.500 Y=-1732.500 Z=-3.016), Max=(X=4192.500 Y=-1567.500 Z=158.697) RuntimeGrid:None EditorOnly:0 RuntimeOnly:0 HLODRelevant:0 ListedInSceneOutliner:1 IsMainWorldOnly:0
 |   |   |- [+] [ 32]
 |   |   |   |- Guid:C8A7A5004533DD6B0D3BDF92927EBF63 BaseClass: NativeClass:/Script/Engine.StaticMeshActor Name:StaticMeshActor_UAID_644ED76AD861952702_1440859903 Label:Door_Test SpatiallyLoaded:1 Bounds:IsValid=true, Min=(X=4700.000 Y=680.000 Z=430.000), Max=(X=4700.000 Y=680.000 Z=430.000) RuntimeGrid:None EditorOnly:0 RuntimeOnly:0 HLODRelevant:0 ListedInSceneOutliner:1 IsMainWorldOnly:0
 |   |   |- [+] [ 33]
 |   |   |   |- Guid:C93632E94F6CAB9F9174B4BA17B47C62 BaseClass: NativeClass:/Script/Engine.StaticMeshActor Name:StaticMeshActor_UAID_644ED76ADAC6F42502_1518024516 Label:Invisible SpatiallyLoaded:1 Bounds:IsValid=true, Min=(X=9420.000 Y=4820.000 Z=-50.000), Max=(X=12120.000 Y=4870.000 Z=1950.000) RuntimeGrid:None EditorOnly:0 RuntimeOnly:0 HLODRelevant:1 ListedInSceneOutliner:1 IsMainWorldOnly:0 FolderPath:Playground FolderGuid:C73F09FC4215536B1DCE2A9E0A830C70
 |   |   |- [+] [ 34]
 |   |   |   |- Guid:E50E572F4BFBFE8D2831DBAEEC823D4F BaseClass: NativeClass:/Script/Engine.StaticMeshActor Name:StaticMeshActor_UAID_2C58B90CFE56F23002_1714775849 Label:SM_Cube7 SpatiallyLoaded:1 Bounds:IsValid=true, Min=(X=2930.000 Y=-780.625 Z=-50.000), Max=(X=3280.000 Y=310.000 Z=0.000) RuntimeGrid:None EditorOnly:0 RuntimeOnly:0 HLODRelevant:1 ListedInSceneOutliner:1 IsMainWorldOnly:0 FolderPath:Playground FolderGuid:C73F09FC4215536B1DCE2A9E0A830C70
 |   |   |- [+] [ 35]
 |   |   |   |- Guid:EECA79C542127D0BA9BC6CB8E5E8242A BaseClass: NativeClass:/Script/Engine.SkyAtmosphere Name:SkyAtmosphere_0 Label:SkyAtmosphere SpatiallyLoaded:0 Bounds:IsValid=true, Min=(X=0.000 Y=0.000 Z=1020.000), Max=(X=0.000 Y=0.000 Z=1020.000) RuntimeGrid:None EditorOnly:0 RuntimeOnly:0 HLODRelevant:0 ListedInSceneOutliner:1 IsMainWorldOnly:0 FolderPath:Lighting FolderGuid:963EC3EB4002CCE9759E2EBA541A873A
 |   |   |- [+] [ 36]
 |   |   |   |- Guid:F2107B7B4B7F5AAF023B2EB2BF738A97 BaseClass: NativeClass:/Script/Engine.StaticMeshActor Name:StaticMeshActor_UAID_C87F5417DB322C2E02_1834939821 Label:SM_Cube5 SpatiallyLoaded:1 Bounds:IsValid=true, Min=(X=5240.000 Y=380.000 Z=-50.000), Max=(X=6515.000 Y=2630.000 Z=0.000) RuntimeGrid:None EditorOnly:0 RuntimeOnly:0 HLODRelevant:1 ListedInSceneOutliner:1 IsMainWorldOnly:0 FolderPath:Playground FolderGuid:C73F09FC4215536B1DCE2A9E0A830C70
 |   |   |- [+] [ 37]
 |   |   |   |- Guid:FDF8BDB44C47EE69A6DD64B899E3F7DA BaseClass:/Game/Pots+Collects/Pot.Pot_C NativeClass:/Script/Engine.Actor Name:Pot_C_UAID_2C58B90CFE56093102_1165767984 Label:Pot14 SpatiallyLoaded:1 Bounds:IsValid=true, Min=(X=4997.500 Y=1347.500 Z=-3.016), Max=(X=5162.500 Y=1512.500 Z=158.697) RuntimeGrid:None EditorOnly:0 RuntimeOnly:0 HLODRelevant:0 ListedInSceneOutliner:1 IsMainWorldOnly:0
 |- ContainerInstances:
 |- [+] MainContainer:
 |   |-        ID: 00000000000000000000000000000000
 |   |-  ParentID: 00000000000000000000000000000000
 |   |-    Bounds: IsValid=false, Min=(X=0.000 Y=0.000 Z=0.000), Max=(X=0.000 Y=0.000 Z=0.000)
 |   |- Transform: 0.000000,0.000000,0.000000|0.000000,0.000000,-0.000000|1.000000,1.000000,1.000000
 |   |- Container: /Game/Sam/SamLevel
----------------------------------------------------------------------------------------------------------------
SamLevel - Persistent Level
----------------------------------------------------------------------------------------------------------------
[+] Content of SamLevel Persistent Level
 |- Always loaded Actor Count: 50 
 |- Actor Path: /Game/Sam/SamLevel.SamLevel:PersistentLevel.AbstractNavData-Default
 |- Actor Package: /Game/Sam/SamLevel
 |- Actor Path: /Game/Sam/SamLevel.SamLevel:PersistentLevel.BenJosh_C_1
 |- Actor Package: /Game/Sam/SamLevel
 |- Actor Path: /Game/Sam/SamLevel.SamLevel:PersistentLevel.BP_Disc_GEN_VARIABLE_BP_Disc_C_CAT_UAID_2C58B90CFE56F13002_1869315602
 |- Actor Package: /Game/__ExternalActors__/Sam/SamLevel/8/AX/WAR2NPAU2RD3HT2XBG36HS
 |- Actor Path: /Game/Sam/SamLevel.SamLevel:PersistentLevel.BP_Door_C_UAID_2C58B90CFE56F23002_1611884826
 |- Actor Package: /Game/__ExternalActors__/Sam/SamLevel/2/GB/0TMM5470QK5A5SCJTXFJZC
 |- Actor Path: /Game/Sam/SamLevel.SamLevel:PersistentLevel.BP_Door_C_UAID_C87F5417DB322C2E02_1791608820
 |- Actor Package: /Game/__ExternalActors__/Sam/SamLevel/4/NK/8Y1UNRRYYO3Q3KH2GAUMN2
 |- Actor Path: /Game/Sam/SamLevel.SamLevel:PersistentLevel.BP_Tilt_Demo_C_UAID_2C58B90CFE56E53002_1715762487
 |- Actor Package: /Game/__ExternalActors__/Sam/SamLevel/8/AX/WAR2NPAU2RD3HT2XBG36HS
 |- Actor Path: /Game/Sam/SamLevel.SamLevel:PersistentLevel.BP_Trigger_C_UAID_2C58B90CFE56F33002_1502354051
 |- Actor Package: /Game/__ExternalActors__/Sam/SamLevel/6/C1/GLT7EGS9XX4URD102NQE5W
 |- Actor Path: /Game/Sam/SamLevel.SamLevel:PersistentLevel.BP_Trigger_C_UAID_2C58B90CFE56F33002_1505108052
 |- Actor Package: /Game/__ExternalActors__/Sam/SamLevel/4/N9/077GD6RMVA9M9JU81HWP6M
 |- Actor Path: /Game/Sam/SamLevel.SamLevel:PersistentLevel.Brush_0
 |- Actor Package: /Game/Sam/SamLevel
 |- Actor Path: /Game/Sam/SamLevel.SamLevel:PersistentLevel.DefaultPhysicsVolume_0
 |- Actor Package: /Game/Sam/SamLevel
 |- Actor Path: /Game/Sam/SamLevel.SamLevel:PersistentLevel.DirectionalLight_0
 |- Actor Package: /Game/__ExternalActors__/Sam/SamLevel/5/UW/35KFHNQJVYI2KGT1CJ7KUG
 |- Actor Path: /Game/Sam/SamLevel.SamLevel:PersistentLevel.ExponentialHeightFog_0
 |- Actor Package: /Game/__ExternalActors__/Sam/SamLevel/7/WW/LL3RGW9Q84LAHFXQVOUUDR
 |- Actor Path: /Game/Sam/SamLevel.SamLevel:PersistentLevel.GameplayDebuggerPlayerManager_0
 |- Actor Package: /Game/Sam/SamLevel
 |- Actor Path: /Game/Sam/SamLevel.SamLevel:PersistentLevel.Pedastal_C_UAID_2C58B90CFE56093102_2016049026
 |- Actor Package: /Game/__ExternalActors__/Sam/SamLevel/C/UU/X1PHK7C621SZ8QEX0M1LRN
 |- Actor Path: /Game/Sam/SamLevel.SamLevel:PersistentLevel.PlayerStart_0
 |- Actor Package: /Game/__ExternalActors__/Sam/SamLevel/7/PO/7C06D2EOLQARW2D4IEFKK6
 |- Actor Path: /Game/Sam/SamLevel.SamLevel:PersistentLevel.PostProcessVolume_0
 |- Actor Package: /Game/__ExternalActors__/Sam/SamLevel/E/VN/ONEDBBIUBCAR7C6JD9W36S
 |- Actor Path: /Game/Sam/SamLevel.SamLevel:PersistentLevel.Pot_C_UAID_2C58B90CFE56093102_1094587971
 |- Actor Package: /Game/__ExternalActors__/Sam/SamLevel/5/6I/QU81UGF0QMMHCPBUVTBPCD
 |- Actor Path: /Game/Sam/SamLevel.SamLevel:PersistentLevel.Pot_C_UAID_2C58B90CFE56093102_1097128972
 |- Actor Package: /Game/__ExternalActors__/Sam/SamLevel/0/K6/I92Y8GGYBPGHMSYL0K1P1J
 |- Actor Path: /Game/Sam/SamLevel.SamLevel:PersistentLevel.Pot_C_UAID_2C58B90CFE56093102_1103610973
 |- Actor Package: /Game/__ExternalActors__/Sam/SamLevel/D/O2/UIBIVDWI358UWYQZE6UYAD
 |- Actor Path: /Game/Sam/SamLevel.SamLevel:PersistentLevel.Pot_C_UAID_2C58B90CFE56093102_1111338974
 |- Actor Package: /Game/__ExternalActors__/Sam/SamLevel/4/QR/H27YHFP7R4TJLRWANTAD1X
 |- Actor Path: /Game/Sam/SamLevel.SamLevel:PersistentLevel.Pot_C_UAID_2C58B90CFE56093102_1113578975
 |- Actor Package: /Game/__ExternalActors__/Sam/SamLevel/D/BQ/A812F8VRMMSBPYZJSDN201
 |- Actor Path: /Game/Sam/SamLevel.SamLevel:PersistentLevel.Pot_C_UAID_2C58B90CFE56093102_1116405976
 |- Actor Package: /Game/__ExternalActors__/Sam/SamLevel/D/NB/A6OS2J9J61HMUFKB03M7A1
 |- Actor Path: /Game/Sam/SamLevel.SamLevel:PersistentLevel.Pot_C_UAID_2C58B90CFE56093102_1119017977
 |- Actor Package: /Game/__ExternalActors__/Sam/SamLevel/8/8G/YL9B4JHYNLMPLC5PQF52IC
 |- Actor Path: /Game/Sam/SamLevel.SamLevel:PersistentLevel.Pot_C_UAID_2C58B90CFE56093102_1121304978
 |- Actor Package: /Game/__ExternalActors__/Sam/SamLevel/A/I7/FRMUYLXQD3505ERZM4ATO3
 |- Actor Path: /Game/Sam/SamLevel.SamLevel:PersistentLevel.Pot_C_UAID_2C58B90CFE56093102_1157409979
 |- Actor Package: /Game/__ExternalActors__/Sam/SamLevel/F/3G/2V53O1GS8Y1YAF9CFXCKOW
 |- Actor Path: /Game/Sam/SamLevel.SamLevel:PersistentLevel.Pot_C_UAID_2C58B90CFE56093102_1159141980
 |- Actor Package: /Game/__ExternalActors__/Sam/SamLevel/6/02/PNBFIYAE5PUXAWANIWYLEQ
 |- Actor Path: /Game/Sam/SamLevel.SamLevel:PersistentLevel.Pot_C_UAID_2C58B90CFE56093102_1160410981
 |- Actor Package: /Game/__ExternalActors__/Sam/SamLevel/D/2S/IGE1W33OZXFE6GVWMQ7KQE
 |- Actor Path: /Game/Sam/SamLevel.SamLevel:PersistentLevel.Pot_C_UAID_2C58B90CFE56093102_1162261982
 |- Actor Package: /Game/__ExternalActors__/Sam/SamLevel/A/0J/QUT87TJHDKQ3DQE0OLZMSX
 |- Actor Path: /Game/Sam/SamLevel.SamLevel:PersistentLevel.Pot_C_UAID_2C58B90CFE56093102_1164022983
 |- Actor Package: /Game/__ExternalActors__/Sam/SamLevel/3/DQ/KCNVSRS5YGLPQOLOCLSU08
 |- Actor Path: /Game/Sam/SamLevel.SamLevel:PersistentLevel.Pot_C_UAID_2C58B90CFE56093102_1165767984
 |- Actor Package: /Game/__ExternalActors__/Sam/SamLevel/D/LO/D3WGB6JPW12MJU9DA1ATY4
 |- Actor Path: /Game/Sam/SamLevel.SamLevel:PersistentLevel.Pot_C_UAID_2C58B90CFE56093102_1174208985
 |- Actor Package: /Game/__ExternalActors__/Sam/SamLevel/6/EW/ETEOF43V70474MWZS4ALXU
 |- Actor Path: /Game/Sam/SamLevel.SamLevel:PersistentLevel.SkyAtmosphere_0
 |- Actor Package: /Game/__ExternalActors__/Sam/SamLevel/0/MU/3J4KC96U8OIZX8WI65WHBZ
 |- Actor Path: /Game/Sam/SamLevel.SamLevel:PersistentLevel.SkyLight_1
 |- Actor Package: /Game/__ExternalActors__/Sam/SamLevel/B/NB/97IZ0J5CSBFUJMKD0XEWG1
 |- Actor Path: /Game/Sam/SamLevel.SamLevel:PersistentLevel.StaticMeshActor_UAID_2C58B90CFE56083102_1840892790
 |- Actor Package: /Game/__ExternalActors__/Sam/SamLevel/9/RG/1COW68RRFPHBMLIEYM220U
 |- Actor Path: /Game/Sam/SamLevel.SamLevel:PersistentLevel.StaticMeshActor_UAID_2C58B90CFE56F23002_1714775849
 |- Actor Package: /Game/__ExternalActors__/Sam/SamLevel/B/WV/A7E5UXUWMGFBCOG9NR6FYT
 |- Actor Path: /Game/Sam/SamLevel.SamLevel:PersistentLevel.StaticMeshActor_UAID_2C58B90CFE56F23002_1748607850
 |- Actor Package: /Game/__ExternalActors__/Sam/SamLevel/3/DS/EN2M7NLVLPSKJ49G5Z62O8
 |- Actor Path: /Game/Sam/SamLevel.SamLevel:PersistentLevel.StaticMeshActor_UAID_644ED76AD861952702_1440859903
 |- Actor Package: /Game/__ExternalActors__/Sam/SamLevel/6/1K/DCY39PLLJZCRXQS8V8ADC3
 |- Actor Path: /Game/Sam/SamLevel.SamLevel:PersistentLevel.StaticMeshActor_UAID_644ED76ADAC6F42502_1280279514
 |- Actor Package: /Game/__ExternalActors__/Sam/SamLevel/5/6W/8QQLBY9VRO9T5YE97L6QQI
 |- Actor Path: /Game/Sam/SamLevel.SamLevel:PersistentLevel.StaticMeshActor_UAID_644ED76ADAC6F42502_1506885515
 |- Actor Package: /Game/__ExternalActors__/Sam/SamLevel/8/JQ/30DFSLF7PH7GYE0OIGC29B
 |- Actor Path: /Game/Sam/SamLevel.SamLevel:PersistentLevel.StaticMeshActor_UAID_644ED76ADAC6F42502_1518024516
 |- Actor Package: /Game/__ExternalActors__/Sam/SamLevel/A/AP/R43QHI42HFPG68AVRZOK93
 |- Actor Path: /Game/Sam/SamLevel.SamLevel:PersistentLevel.StaticMeshActor_UAID_644ED76ADAC6F42502_1530119517
 |- Actor Package: /Game/__ExternalActors__/Sam/SamLevel/C/7O/6Q9PWXZBJAXWD1K18RMVHF
 |- Actor Path: /Game/Sam/SamLevel.SamLevel:PersistentLevel.StaticMeshActor_UAID_644ED76ADAC6F42502_1848459518
 |- Actor Package: /Game/__ExternalActors__/Sam/SamLevel/3/ZK/R0ORSCXHOD47P29SPY26LK
 |- Actor Path: /Game/Sam/SamLevel.SamLevel:PersistentLevel.StaticMeshActor_UAID_644ED76ADAC6F42502_1868143519
 |- Actor Package: /Game/__ExternalActors__/Sam/SamLevel/D/YZ/M9KNYDFGVE2XJDKM79DN6W
 |- Actor Path: /Game/Sam/SamLevel.SamLevel:PersistentLevel.StaticMeshActor_UAID_A4AE111137DC5EFB00_1110535423
 |- Actor Package: /Game/__ExternalActors__/Sam/SamLevel/9/SF/3OTVJ8X1WLDR6KRXLNQXEJ
 |- Actor Path: /Game/Sam/SamLevel.SamLevel:PersistentLevel.StaticMeshActor_UAID_C87F5417DB322C2E02_1834939821
 |- Actor Package: /Game/__ExternalActors__/Sam/SamLevel/2/CL/J1TGIW1CY6Z27C08G1JG8T
 |- Actor Path: /Game/Sam/SamLevel.SamLevel:PersistentLevel.StaticMeshActor_UAID_C87F5417DB322C2E02_1859769822
 |- Actor Package: /Game/__ExternalActors__/Sam/SamLevel/B/LY/YLFW2JNA5QH218IUPXX8Z5
 |- Actor Path: /Game/Sam/SamLevel.SamLevel:PersistentLevel.VolumetricCloud_0
 |- Actor Package: /Game/__ExternalActors__/Sam/SamLevel/8/QC/2J2AYAUBB6KVF7CNVFEBH6
 |- Actor Path: /Game/Sam/SamLevel.SamLevel:PersistentLevel.WorldDataLayers
 |- Actor Package: /Game/__ExternalActors__/Sam/SamLevel/1/T2/ZYB0VZ1GULJ6I5LRXDVS6I
 |- Actor Path: /Game/Sam/SamLevel.SamLevel:PersistentLevel.WorldInfo_0
 |- Actor Package: /Game/Sam/SamLevel
 |- Actor Path: /Game/Sam/SamLevel.SamLevel:PersistentLevel.WorldPartitionMiniMap_0
 |- Actor Package: /Game/__ExternalActors__/Sam/SamLevel/7/OF/NCJX0KK3OER5P0W4QZZYOM

----------------------------------------------------------------------------------------------------------------
SamLevel - Runtime Spatial Hash - Streaming Grid - MainGrid
----------------------------------------------------------------------------------------------------------------
            Origin: X=0.000 Y=0.000 Z=0.000
         Cell Size: 12800
      World Bounds: IsValid=false, Min=(X=0.000 Y=0.000 Z=0.000), Max=(X=0.000 Y=0.000 Z=0.000)
     Loading Range: 25600.00
Block Slow Loading: No
 ClientOnlyVisible: No
            Origin: X=0.000 Y=0.000 Z=0.000

[+] Grid Levels: 1
 |- Level  0: Cell Count    0 | Cell Size   12800 | Actor Count    0 (0.0%)

[+] Content of Grid Level 0

