[+] Containers:
 |- [+] Container: /Game/Levels/NewBoss
 |   |- [+] ActorDescs:
 |   |   |- Guid:00AB025C4CA09BB3573744BED2C7E7F9 BaseClass: NativeClass:/Script/Engine.PostProcessVolume Name:PostProcessVolume_0 Label:PostProcessVolume SpatiallyLoaded:0 Bounds:IsValid=true, Min=(X=0.000 Y=0.000 Z=400.000), Max=(X=200.000 Y=200.000 Z=600.000) RuntimeGrid:None EditorOnly:0 RuntimeOnly:0 HLODRelevant:0 ListedInSceneOutliner:1 IsMainWorldOnly:0 FolderPath:Lighting FolderGuid:963EC3EB4002CCE9759E2EBA541A873A
 |   |   |- Guid:14FB9E184ACB6E3B9736C6809FADCF3F BaseClass:/Game/CustomBlueprints/BP_Slide1.BP_Slide1_C NativeClass:/Script/Engine.Actor Name:BP_Slide1_C_UAID_089798BF50FF493102_1870203089 Label:BP_Slide1 SpatiallyLoaded:1 Bounds:IsValid=true, Min=(X=2975.515 Y=-1875.375 Z=-1064.569), Max=(X=4004.485 Y=5694.146 Z=1796.488) RuntimeGrid:None EditorOnly:0 RuntimeOnly:0 HLODRelevant:0 ListedInSceneOutliner:1 IsMainWorldOnly:0
 |   |   |- Guid:16E688D24B229E774EACB297A4701942 BaseClass: NativeClass:/Script/Engine.StaticMeshActor Name:StaticMeshActor_UAID_644ED76ADAC6F42502_1518024516 Label:Invisible SpatiallyLoaded:1 Bounds:IsValid=true, Min=(X=9420.000 Y=4820.000 Z=-50.000), Max=(X=12120.000 Y=4870.000 Z=1950.000) RuntimeGrid:None EditorOnly:0 RuntimeOnly:0 HLODRelevant:1 ListedInSceneOutliner:1 IsMainWorldOnly:0 FolderPath:Playground FolderGuid:C73F09FC4215536B1DCE2A9E0A830C70
 |   |   |- Guid:20F04E4640954BE98AA09DA436CB6CB8 BaseClass: NativeClass:/Script/Engine.WorldDataLayers Name:WorldDataLayers Label:WorldDataLayers SpatiallyLoaded:0 Bounds:Invalid RuntimeGrid:None EditorOnly:0 RuntimeOnly:0 HLODRelevant:0 ListedInSceneOutliner:1 IsMainWorldOnly:1
 |   |   |- Guid:26167C964E70205028C41A80E30482E3 BaseClass: NativeClass:/Script/Engine.StaticMeshActor Name:StaticMeshActor_UAID_644ED76ADAC6F42502_1530119517 Label:Invisible6 SpatiallyLoaded:1 Bounds:IsValid=true, Min=(X=9430.000 Y=7560.000 Z=-100.000), Max=(X=12130.000 Y=9560.000 Z=-50.000) RuntimeGrid:None EditorOnly:0 RuntimeOnly:0 HLODRelevant:1 ListedInSceneOutliner:1 IsMainWorldOnly:0 FolderPath:Playground FolderGuid:C73F09FC4215536B1DCE2A9E0A830C70
 |   |   |- Guid:3FEA1A5F4D5CE7A5D3B725B1A7E07603 BaseClass: NativeClass:/Script/Engine.PlayerStart Name:PlayerStart_0 Label:PlayerStart SpatiallyLoaded:0 Bounds:IsValid=true, Min=(X=2944.193 Y=877.288 Z=2653.247), Max=(X=3024.193 Y=957.288 Z=2837.247) RuntimeGrid:None EditorOnly:0 RuntimeOnly:0 HLODRelevant:0 ListedInSceneOutliner:1 IsMainWorldOnly:0
 |   |   |- Guid:468900D04C87B6876BBA809BBA6BFFE0 BaseClass: NativeClass:/Script/Engine.StaticMeshActor Name:StaticMeshActor_UAID_644ED76ADAC6F42502_1506885515 Label:Invisible2 SpatiallyLoaded:1 Bounds:IsValid=true, Min=(X=11750.000 Y=4880.000 Z=-50.000), Max=(X=11800.000 Y=7580.000 Z=1950.000) RuntimeGrid:None EditorOnly:0 RuntimeOnly:0 HLODRelevant:1 ListedInSceneOutliner:1 IsMainWorldOnly:0 FolderPath:Playground FolderGuid:C73F09FC4215536B1DCE2A9E0A830C70
 |   |   |- Guid:5AC8ED754B76A33E027E7D8D446F513F BaseClass: NativeClass:/Script/Engine.SkyAtmosphere Name:SkyAtmosphere_0 Label:SkyAtmosphere SpatiallyLoaded:0 Bounds:IsValid=true, Min=(X=0.000 Y=0.000 Z=1020.000), Max=(X=0.000 Y=0.000 Z=1020.000) RuntimeGrid:None EditorOnly:0 RuntimeOnly:0 HLODRelevant:0 ListedInSceneOutliner:1 IsMainWorldOnly:0 FolderPath:Lighting FolderGuid:963EC3EB4002CCE9759E2EBA541A873A
 |   |   |- Guid:64DB5DE6468026E4FB8B7C9199030B22 BaseClass:/Game/CustomBlueprints/BP_ActivateSliding.BP_ActivateSliding_C NativeClass:/Script/Engine.Actor Name:BP_ActivateSliding_C_UAID_089798BF50FF8A3102_1300240529 Label:BP_ActivateSliding SpatiallyLoaded:1 Bounds:IsValid=true, Min=(X=2848.000 Y=-93.212 Z=87.305), Max=(X=4012.000 Y=2553.212 Z=1252.695) RuntimeGrid:None EditorOnly:0 RuntimeOnly:0 HLODRelevant:0 ListedInSceneOutliner:1 IsMainWorldOnly:0
 |   |   |- Guid:65625DB34531BEFDF61202B2C667A3B3 BaseClass:/Game/BP_HammerButton.BP_HammerButton_C NativeClass:/Script/Engine.Actor Name:BP_HammerButton_C_UAID_089798BF50FF003002_1720742185 Label:BP_HammerButton SpatiallyLoaded:1 Bounds:IsValid=true, Min=(X=3465.378 Y=1089.552 Z=2485.666), Max=(X=3565.378 Y=1189.552 Z=2585.666) RuntimeGrid:None EditorOnly:0 RuntimeOnly:0 HLODRelevant:0 ListedInSceneOutliner:1 IsMainWorldOnly:0
 |   |   |- Guid:7524B74F4D8F35B2BD0CB5A6FF4D3A92 BaseClass: NativeClass:/Script/Engine.StaticMeshActor Name:StaticMeshActor_UAID_644ED76ADAC6F42502_1868143519 Label:Invisible4 SpatiallyLoaded:1 Bounds:IsValid=true, Min=(X=9690.000 Y=4820.000 Z=-260.000), Max=(X=9740.000 Y=7720.000 Z=40.000) RuntimeGrid:None EditorOnly:0 RuntimeOnly:0 HLODRelevant:1 ListedInSceneOutliner:1 IsMainWorldOnly:0 FolderPath:Playground FolderGuid:C73F09FC4215536B1DCE2A9E0A830C70
 |   |   |- Guid:7DC5DA694673A691ABC6A397C10FB173 BaseClass: NativeClass:/Script/Engine.StaticMeshActor Name:StaticMeshActor_UAID_A4AE111137DC5EFB00_1110535423 Label:SM_SkySphere SpatiallyLoaded:0 Bounds:IsValid=true, Min=(X=-1638410.000 Y=-1638410.000 Z=-1638400.000), Max=(X=1638390.000 Y=1638390.000 Z=1638400.000) RuntimeGrid:None EditorOnly:0 RuntimeOnly:0 HLODRelevant:1 ListedInSceneOutliner:1 IsMainWorldOnly:0 FolderPath:Lighting FolderGuid:963EC3EB4002CCE9759E2EBA541A873A
 |   |   |- Guid:82B1FA4D441A463280426E9B183BCA49 BaseClass:/Game/CustomBlueprints/BP_Breakable.BP_Breakable_C NativeClass:/Script/Engine.Actor Name:BP_Breakable_C_UAID_089798BF50FF023002_1427229544 Label:BP_Breakable2 SpatiallyLoaded:1 Bounds:IsValid=true, Min=(X=2700.537 Y=300.748 Z=2393.583), Max=(X=4300.537 Y=1900.748 Z=2493.583) RuntimeGrid:None EditorOnly:0 RuntimeOnly:0 HLODRelevant:0 ListedInSceneOutliner:1 IsMainWorldOnly:0
 |   |   |- Guid:85F92498407139C2B5B82A8018FA06AA BaseClass: NativeClass:/Script/Engine.StaticMeshActor Name:StaticMeshActor_UAID_644ED76ADAC6F42502_1280279514 Label:Invisible3 SpatiallyLoaded:1 Bounds:IsValid=true, Min=(X=7650.000 Y=4870.000 Z=-100.000), Max=(X=9650.000 Y=7570.000 Z=-50.000) RuntimeGrid:None EditorOnly:0 RuntimeOnly:0 HLODRelevant:1 ListedInSceneOutliner:1 IsMainWorldOnly:0 FolderPath:Playground FolderGuid:C73F09FC4215536B1DCE2A9E0A830C70
 |   |   |- Guid:97BA6A804CDF1B774EF7BDAAB1A66A0D BaseClass:/Game/CustomBlueprints/Objects/BP_TNT.BP_TNT_C NativeClass:/Script/Engine.Actor Name:BP_TNT_C_UAID_089798BF50FF003002_1523257184 Label:BP_TNT SpatiallyLoaded:1 Bounds:IsValid=true, Min=(X=3348.253 Y=903.032 Z=3759.200), Max=(X=4348.253 Y=1903.032 Z=4759.200) RuntimeGrid:None EditorOnly:0 RuntimeOnly:0 HLODRelevant:0 ListedInSceneOutliner:1 IsMainWorldOnly:0
 |   |   |- Guid:A75FAC8341D76FB4A5D2C2812452F348 BaseClass: NativeClass:/Script/Engine.VolumetricCloud Name:VolumetricCloud_0 Label:VolumetricCloud SpatiallyLoaded:0 Bounds:IsValid=true, Min=(X=0.000 Y=0.000 Z=820.000), Max=(X=0.000 Y=0.000 Z=820.000) RuntimeGrid:None EditorOnly:0 RuntimeOnly:0 HLODRelevant:0 ListedInSceneOutliner:1 IsMainWorldOnly:0 FolderPath:Lighting FolderGuid:963EC3EB4002CCE9759E2EBA541A873A
 |   |   |- Guid:AA2D34834EB569866736B6B4378531E9 BaseClass:/Game/CustomBlueprints/BP_ChaseBoulder.BP_ChaseBoulder_C NativeClass:/Script/Engine.Actor Name:BP_ChaseBoulder_C_UAID_089798BF50FF883102_2072475176 Label:BP_ChaseBoulder SpatiallyLoaded:1 Bounds:IsValid=true, Min=(X=2963.422 Y=-1087.750 Z=585.250), Max=(X=3996.578 Y=167.750 Z=2894.750) RuntimeGrid:None EditorOnly:0 RuntimeOnly:0 HLODRelevant:0 ListedInSceneOutliner:1 IsMainWorldOnly:0
 |   |   |- Guid:ABCD64924E48C3C9338321A0105A217F BaseClass: NativeClass:/Script/Engine.StaticMeshActor Name:StaticMeshActor_UAID_644ED76AD861952702_1440859903 Label:Door_Test SpatiallyLoaded:1 Bounds:IsValid=true, Min=(X=4700.000 Y=680.000 Z=430.000), Max=(X=4700.000 Y=680.000 Z=430.000) RuntimeGrid:None EditorOnly:0 RuntimeOnly:0 HLODRelevant:0 ListedInSceneOutliner:1 IsMainWorldOnly:0
 |   |   |- Guid:ADDE4C9047625CD94857D4BBEC421E10 BaseClass: NativeClass:/Script/Engine.DirectionalLight Name:DirectionalLight_0 Label:DirectionalLight SpatiallyLoaded:0 Bounds:IsValid=true, Min=(X=-4398046511104.000 Y=-4398046511104.000 Z=-4398046511104.000), Max=(X=4398046511104.000 Y=4398046511104.000 Z=4398046511104.000) RuntimeGrid:None EditorOnly:0 RuntimeOnly:0 HLODRelevant:0 ListedInSceneOutliner:1 IsMainWorldOnly:0 FolderPath:Lighting FolderGuid:963EC3EB4002CCE9759E2EBA541A873A
 |   |   |- Guid:B0578BC24058B1AD4E8BB2B6DAF88151 BaseClass: NativeClass:/Script/Engine.StaticMeshActor Name:StaticMeshActor_UAID_089798BF50FF8B3102_1709614706 Label:Cube SpatiallyLoaded:1 Bounds:IsValid=true, Min=(X=3535.938 Y=4710.000 Z=-781.562), Max=(X=4364.062 Y=4810.000 Z=-478.438) RuntimeGrid:None EditorOnly:0 RuntimeOnly:0 HLODRelevant:1 ListedInSceneOutliner:1 IsMainWorldOnly:0
 |   |   |- Guid:B17FBE7D4FC2A8155319A1A7E7D657E8 BaseClass: NativeClass:/Script/Engine.ExponentialHeightFog Name:ExponentialHeightFog_0 Label:ExponentialHeightFog SpatiallyLoaded:0 Bounds:IsValid=true, Min=(X=-5600.000 Y=-50.000 Z=-6850.000), Max=(X=-5600.000 Y=-50.000 Z=-6850.000) RuntimeGrid:None EditorOnly:0 RuntimeOnly:0 HLODRelevant:0 ListedInSceneOutliner:1 IsMainWorldOnly:0 FolderPath:Lighting FolderGuid:963EC3EB4002CCE9759E2EBA541A873A
 |   |   |- Guid:BACF35364D695AEAE57E859AAA09CC42 BaseClass: NativeClass:/Script/Engine.StaticMeshActor Name:StaticMeshActor_UAID_644ED76ADAC6F42502_1848459518 Label:Invisible5 SpatiallyLoaded:1 Bounds:IsValid=true, Min=(X=9540.000 Y=7570.000 Z=-280.000), Max=(X=11715.000 Y=7620.000 Z=20.000) RuntimeGrid:None EditorOnly:0 RuntimeOnly:0 HLODRelevant:1 ListedInSceneOutliner:1 IsMainWorldOnly:0 FolderPath:Playground FolderGuid:C73F09FC4215536B1DCE2A9E0A830C70
 |   |   |- Guid:BB12C8054FB7F4B5C1B88CBCAA90198A BaseClass: NativeClass:/Script/Engine.SkyLight Name:SkyLight_1 Label:SkyLight SpatiallyLoaded:0 Bounds:IsValid=true, Min=(X=0.000 Y=0.000 Z=690.000), Max=(X=0.000 Y=0.000 Z=690.000) RuntimeGrid:None EditorOnly:0 RuntimeOnly:0 HLODRelevant:0 ListedInSceneOutliner:1 IsMainWorldOnly:0 FolderPath:Lighting FolderGuid:963EC3EB4002CCE9759E2EBA541A873A
 |   |   |- Guid:FED69E044B2C556320295A9CFB386B3D BaseClass: NativeClass:/Script/Engine.StaticMeshActor Name:StaticMeshActor_UAID_089798BF50FFB12F02_2036604279 Label:CubeGridToolOutput SpatiallyLoaded:1 Bounds:IsValid=true, Min=(X=2500.000 Y=100.000 Z=2400.000), Max=(X=4500.000 Y=2100.000 Z=2800.000) RuntimeGrid:None EditorOnly:0 RuntimeOnly:0 HLODRelevant:1 ListedInSceneOutliner:1 IsMainWorldOnly:0
 |   |   |- Guid:FFAE8A324E3A1648198358B05F117EEB BaseClass: NativeClass:/Script/NavigationSystem.RecastNavMesh Name:RecastNavMesh_UAID_089798BF50FFBE2402-Default Label:RecastNavMesh-Default SpatiallyLoaded:0 Bounds:IsValid=true, Min=(X=0.000 Y=0.000 Z=0.000), Max=(X=0.000 Y=0.000 Z=0.000) RuntimeGrid:None EditorOnly:0 RuntimeOnly:0 HLODRelevant:0 ListedInSceneOutliner:1 IsMainWorldOnly:0
 |   |- [+] Clusters:
 |   |   |- [+] [  0]
 |   |   |   |- Guid:00AB025C4CA09BB3573744BED2C7E7F9 BaseClass: NativeClass:/Script/Engine.PostProcessVolume Name:PostProcessVolume_0 Label:PostProcessVolume SpatiallyLoaded:0 Bounds:IsValid=true, Min=(X=0.000 Y=0.000 Z=400.000), Max=(X=200.000 Y=200.000 Z=600.000) RuntimeGrid:None EditorOnly:0 RuntimeOnly:0 HLODRelevant:0 ListedInSceneOutliner:1 IsMainWorldOnly:0 FolderPath:Lighting FolderGuid:963EC3EB4002CCE9759E2EBA541A873A
 |   |   |- [+] [  1]
 |   |   |   |- Guid:14FB9E184ACB6E3B9736C6809FADCF3F BaseClass:/Game/CustomBlueprints/BP_Slide1.BP_Slide1_C NativeClass:/Script/Engine.Actor Name:BP_Slide1_C_UAID_089798BF50FF493102_1870203089 Label:BP_Slide1 SpatiallyLoaded:1 Bounds:IsValid=true, Min=(X=2975.515 Y=-1875.375 Z=-1064.569), Max=(X=4004.485 Y=5694.146 Z=1796.488) RuntimeGrid:None EditorOnly:0 RuntimeOnly:0 HLODRelevant:0 ListedInSceneOutliner:1 IsMainWorldOnly:0
 |   |   |- [+] [  2]
 |   |   |   |- Guid:16E688D24B229E774EACB297A4701942 BaseClass: NativeClass:/Script/Engine.StaticMeshActor Name:StaticMeshActor_UAID_644ED76ADAC6F42502_1518024516 Label:Invisible SpatiallyLoaded:1 Bounds:IsValid=true, Min=(X=9420.000 Y=4820.000 Z=-50.000), Max=(X=12120.000 Y=4870.000 Z=1950.000) RuntimeGrid:None EditorOnly:0 RuntimeOnly:0 HLODRelevant:1 ListedInSceneOutliner:1 IsMainWorldOnly:0 FolderPath:Playground FolderGuid:C73F09FC4215536B1DCE2A9E0A830C70
 |   |   |- [+] [  3]
 |   |   |   |- Guid:20F04E4640954BE98AA09DA436CB6CB8 BaseClass: NativeClass:/Script/Engine.WorldDataLayers Name:WorldDataLayers Label:WorldDataLayers SpatiallyLoaded:0 Bounds:Invalid RuntimeGrid:None EditorOnly:0 RuntimeOnly:0 HLODRelevant:0 ListedInSceneOutliner:1 IsMainWorldOnly:1
 |   |   |- [+] [  4]
 |   |   |   |- Guid:26167C964E70205028C41A80E30482E3 BaseClass: NativeClass:/Script/Engine.StaticMeshActor Name:StaticMeshActor_UAID_644ED76ADAC6F42502_1530119517 Label:Invisible6 SpatiallyLoaded:1 Bounds:IsValid=true, Min=(X=9430.000 Y=7560.000 Z=-100.000), Max=(X=12130.000 Y=9560.000 Z=-50.000) RuntimeGrid:None EditorOnly:0 RuntimeOnly:0 HLODRelevant:1 ListedInSceneOutliner:1 IsMainWorldOnly:0 FolderPath:Playground FolderGuid:C73F09FC4215536B1DCE2A9E0A830C70
 |   |   |- [+] [  5]
 |   |   |   |- Guid:3FEA1A5F4D5CE7A5D3B725B1A7E07603 BaseClass: NativeClass:/Script/Engine.PlayerStart Name:PlayerStart_0 Label:PlayerStart SpatiallyLoaded:0 Bounds:IsValid=true, Min=(X=2944.193 Y=877.288 Z=2653.247), Max=(X=3024.193 Y=957.288 Z=2837.247) RuntimeGrid:None EditorOnly:0 RuntimeOnly:0 HLODRelevant:0 ListedInSceneOutliner:1 IsMainWorldOnly:0
 |   |   |- [+] [  6]
 |   |   |   |- Guid:468900D04C87B6876BBA809BBA6BFFE0 BaseClass: NativeClass:/Script/Engine.StaticMeshActor Name:StaticMeshActor_UAID_644ED76ADAC6F42502_1506885515 Label:Invisible2 SpatiallyLoaded:1 Bounds:IsValid=true, Min=(X=11750.000 Y=4880.000 Z=-50.000), Max=(X=11800.000 Y=7580.000 Z=1950.000) RuntimeGrid:None EditorOnly:0 RuntimeOnly:0 HLODRelevant:1 ListedInSceneOutliner:1 IsMainWorldOnly:0 FolderPath:Playground FolderGuid:C73F09FC4215536B1DCE2A9E0A830C70
 |   |   |- [+] [  7]
 |   |   |   |- Guid:5AC8ED754B76A33E027E7D8D446F513F BaseClass: NativeClass:/Script/Engine.SkyAtmosphere Name:SkyAtmosphere_0 Label:SkyAtmosphere SpatiallyLoaded:0 Bounds:IsValid=true, Min=(X=0.000 Y=0.000 Z=1020.000), Max=(X=0.000 Y=0.000 Z=1020.000) RuntimeGrid:None EditorOnly:0 RuntimeOnly:0 HLODRelevant:0 ListedInSceneOutliner:1 IsMainWorldOnly:0 FolderPath:Lighting FolderGuid:963EC3EB4002CCE9759E2EBA541A873A
 |   |   |- [+] [  8]
 |   |   |   |- Guid:64DB5DE6468026E4FB8B7C9199030B22 BaseClass:/Game/CustomBlueprints/BP_ActivateSliding.BP_ActivateSliding_C NativeClass:/Script/Engine.Actor Name:BP_ActivateSliding_C_UAID_089798BF50FF8A3102_1300240529 Label:BP_ActivateSliding SpatiallyLoaded:1 Bounds:IsValid=true, Min=(X=2848.000 Y=-93.212 Z=87.305), Max=(X=4012.000 Y=2553.212 Z=1252.695) RuntimeGrid:None EditorOnly:0 RuntimeOnly:0 HLODRelevant:0 ListedInSceneOutliner:1 IsMainWorldOnly:0
 |   |   |   |- Guid:AA2D34834EB569866736B6B4378531E9 BaseClass:/Game/CustomBlueprints/BP_ChaseBoulder.BP_ChaseBoulder_C NativeClass:/Script/Engine.Actor Name:BP_ChaseBoulder_C_UAID_089798BF50FF883102_2072475176 Label:BP_ChaseBoulder SpatiallyLoaded:1 Bounds:IsValid=true, Min=(X=2963.422 Y=-1087.750 Z=585.250), Max=(X=3996.578 Y=167.750 Z=2894.750) RuntimeGrid:None EditorOnly:0 RuntimeOnly:0 HLODRelevant:0 ListedInSceneOutliner:1 IsMainWorldOnly:0
 |   |   |- [+] [  9]
 |   |   |   |- Guid:65625DB34531BEFDF61202B2C667A3B3 BaseClass:/Game/BP_HammerButton.BP_HammerButton_C NativeClass:/Script/Engine.Actor Name:BP_HammerButton_C_UAID_089798BF50FF003002_1720742185 Label:BP_HammerButton SpatiallyLoaded:1 Bounds:IsValid=true, Min=(X=3465.378 Y=1089.552 Z=2485.666), Max=(X=3565.378 Y=1189.552 Z=2585.666) RuntimeGrid:None EditorOnly:0 RuntimeOnly:0 HLODRelevant:0 ListedInSceneOutliner:1 IsMainWorldOnly:0
 |   |   |   |- Guid:97BA6A804CDF1B774EF7BDAAB1A66A0D BaseClass:/Game/CustomBlueprints/Objects/BP_TNT.BP_TNT_C NativeClass:/Script/Engine.Actor Name:BP_TNT_C_UAID_089798BF50FF003002_1523257184 Label:BP_TNT SpatiallyLoaded:1 Bounds:IsValid=true, Min=(X=3348.253 Y=903.032 Z=3759.200), Max=(X=4348.253 Y=1903.032 Z=4759.200) RuntimeGrid:None EditorOnly:0 RuntimeOnly:0 HLODRelevant:0 ListedInSceneOutliner:1 IsMainWorldOnly:0
 |   |   |- [+] [ 10]
 |   |   |   |- Guid:7524B74F4D8F35B2BD0CB5A6FF4D3A92 BaseClass: NativeClass:/Script/Engine.StaticMeshActor Name:StaticMeshActor_UAID_644ED76ADAC6F42502_1868143519 Label:Invisible4 SpatiallyLoaded:1 Bounds:IsValid=true, Min=(X=9690.000 Y=4820.000 Z=-260.000), Max=(X=9740.000 Y=7720.000 Z=40.000) RuntimeGrid:None EditorOnly:0 RuntimeOnly:0 HLODRelevant:1 ListedInSceneOutliner:1 IsMainWorldOnly:0 FolderPath:Playground FolderGuid:C73F09FC4215536B1DCE2A9E0A830C70
 |   |   |- [+] [ 11]
 |   |   |   |- Guid:7DC5DA694673A691ABC6A397C10FB173 BaseClass: NativeClass:/Script/Engine.StaticMeshActor Name:StaticMeshActor_UAID_A4AE111137DC5EFB00_1110535423 Label:SM_SkySphere SpatiallyLoaded:0 Bounds:IsValid=true, Min=(X=-1638410.000 Y=-1638410.000 Z=-1638400.000), Max=(X=1638390.000 Y=1638390.000 Z=1638400.000) RuntimeGrid:None EditorOnly:0 RuntimeOnly:0 HLODRelevant:1 ListedInSceneOutliner:1 IsMainWorldOnly:0 FolderPath:Lighting FolderGuid:963EC3EB4002CCE9759E2EBA541A873A
 |   |   |- [+] [ 12]
 |   |   |   |- Guid:82B1FA4D441A463280426E9B183BCA49 BaseClass:/Game/CustomBlueprints/BP_Breakable.BP_Breakable_C NativeClass:/Script/Engine.Actor Name:BP_Breakable_C_UAID_089798BF50FF023002_1427229544 Label:BP_Breakable2 SpatiallyLoaded:1 Bounds:IsValid=true, Min=(X=2700.537 Y=300.748 Z=2393.583), Max=(X=4300.537 Y=1900.748 Z=2493.583) RuntimeGrid:None EditorOnly:0 RuntimeOnly:0 HLODRelevant:0 ListedInSceneOutliner:1 IsMainWorldOnly:0
 |   |   |- [+] [ 13]
 |   |   |   |- Guid:85F92498407139C2B5B82A8018FA06AA BaseClass: NativeClass:/Script/Engine.StaticMeshActor Name:StaticMeshActor_UAID_644ED76ADAC6F42502_1280279514 Label:Invisible3 SpatiallyLoaded:1 Bounds:IsValid=true, Min=(X=7650.000 Y=4870.000 Z=-100.000), Max=(X=9650.000 Y=7570.000 Z=-50.000) RuntimeGrid:None EditorOnly:0 RuntimeOnly:0 HLODRelevant:1 ListedInSceneOutliner:1 IsMainWorldOnly:0 FolderPath:Playground FolderGuid:C73F09FC4215536B1DCE2A9E0A830C70
 |   |   |- [+] [ 14]
 |   |   |   |- Guid:A75FAC8341D76FB4A5D2C2812452F348 BaseClass: NativeClass:/Script/Engine.VolumetricCloud Name:VolumetricCloud_0 Label:VolumetricCloud SpatiallyLoaded:0 Bounds:IsValid=true, Min=(X=0.000 Y=0.000 Z=820.000), Max=(X=0.000 Y=0.000 Z=820.000) RuntimeGrid:None EditorOnly:0 RuntimeOnly:0 HLODRelevant:0 ListedInSceneOutliner:1 IsMainWorldOnly:0 FolderPath:Lighting FolderGuid:963EC3EB4002CCE9759E2EBA541A873A
 |   |   |- [+] [ 15]
 |   |   |   |- Guid:ABCD64924E48C3C9338321A0105A217F BaseClass: NativeClass:/Script/Engine.StaticMeshActor Name:StaticMeshActor_UAID_644ED76AD861952702_1440859903 Label:Door_Test SpatiallyLoaded:1 Bounds:IsValid=true, Min=(X=4700.000 Y=680.000 Z=430.000), Max=(X=4700.000 Y=680.000 Z=430.000) RuntimeGrid:None EditorOnly:0 RuntimeOnly:0 HLODRelevant:0 ListedInSceneOutliner:1 IsMainWorldOnly:0
 |   |   |- [+] [ 16]
 |   |   |   |- Guid:ADDE4C9047625CD94857D4BBEC421E10 BaseClass: NativeClass:/Script/Engine.DirectionalLight Name:DirectionalLight_0 Label:DirectionalLight SpatiallyLoaded:0 Bounds:IsValid=true, Min=(X=-4398046511104.000 Y=-4398046511104.000 Z=-4398046511104.000), Max=(X=4398046511104.000 Y=4398046511104.000 Z=4398046511104.000) RuntimeGrid:None EditorOnly:0 RuntimeOnly:0 HLODRelevant:0 ListedInSceneOutliner:1 IsMainWorldOnly:0 FolderPath:Lighting FolderGuid:963EC3EB4002CCE9759E2EBA541A873A
 |   |   |- [+] [ 17]
 |   |   |   |- Guid:B0578BC24058B1AD4E8BB2B6DAF88151 BaseClass: NativeClass:/Script/Engine.StaticMeshActor Name:StaticMeshActor_UAID_089798BF50FF8B3102_1709614706 Label:Cube SpatiallyLoaded:1 Bounds:IsValid=true, Min=(X=3535.938 Y=4710.000 Z=-781.562), Max=(X=4364.062 Y=4810.000 Z=-478.438) RuntimeGrid:None EditorOnly:0 RuntimeOnly:0 HLODRelevant:1 ListedInSceneOutliner:1 IsMainWorldOnly:0
 |   |   |- [+] [ 18]
 |   |   |   |- Guid:B17FBE7D4FC2A8155319A1A7E7D657E8 BaseClass: NativeClass:/Script/Engine.ExponentialHeightFog Name:ExponentialHeightFog_0 Label:ExponentialHeightFog SpatiallyLoaded:0 Bounds:IsValid=true, Min=(X=-5600.000 Y=-50.000 Z=-6850.000), Max=(X=-5600.000 Y=-50.000 Z=-6850.000) RuntimeGrid:None EditorOnly:0 RuntimeOnly:0 HLODRelevant:0 ListedInSceneOutliner:1 IsMainWorldOnly:0 FolderPath:Lighting FolderGuid:963EC3EB4002CCE9759E2EBA541A873A
 |   |   |- [+] [ 19]
 |   |   |   |- Guid:BACF35364D695AEAE57E859AAA09CC42 BaseClass: NativeClass:/Script/Engine.StaticMeshActor Name:StaticMeshActor_UAID_644ED76ADAC6F42502_1848459518 Label:Invisible5 SpatiallyLoaded:1 Bounds:IsValid=true, Min=(X=9540.000 Y=7570.000 Z=-280.000), Max=(X=11715.000 Y=7620.000 Z=20.000) RuntimeGrid:None EditorOnly:0 RuntimeOnly:0 HLODRelevant:1 ListedInSceneOutliner:1 IsMainWorldOnly:0 FolderPath:Playground FolderGuid:C73F09FC4215536B1DCE2A9E0A830C70
 |   |   |- [+] [ 20]
 |   |   |   |- Guid:BB12C8054FB7F4B5C1B88CBCAA90198A BaseClass: NativeClass:/Script/Engine.SkyLight Name:SkyLight_1 Label:SkyLight SpatiallyLoaded:0 Bounds:IsValid=true, Min=(X=0.000 Y=0.000 Z=690.000), Max=(X=0.000 Y=0.000 Z=690.000) RuntimeGrid:None EditorOnly:0 RuntimeOnly:0 HLODRelevant:0 ListedInSceneOutliner:1 IsMainWorldOnly:0 FolderPath:Lighting FolderGuid:963EC3EB4002CCE9759E2EBA541A873A
 |   |   |- [+] [ 21]
 |   |   |   |- Guid:FED69E044B2C556320295A9CFB386B3D BaseClass: NativeClass:/Script/Engine.StaticMeshActor Name:StaticMeshActor_UAID_089798BF50FFB12F02_2036604279 Label:CubeGridToolOutput SpatiallyLoaded:1 Bounds:IsValid=true, Min=(X=2500.000 Y=100.000 Z=2400.000), Max=(X=4500.000 Y=2100.000 Z=2800.000) RuntimeGrid:None EditorOnly:0 RuntimeOnly:0 HLODRelevant:1 ListedInSceneOutliner:1 IsMainWorldOnly:0
 |   |   |- [+] [ 22]
 |   |   |   |- Guid:FFAE8A324E3A1648198358B05F117EEB BaseClass: NativeClass:/Script/NavigationSystem.RecastNavMesh Name:RecastNavMesh_UAID_089798BF50FFBE2402-Default Label:RecastNavMesh-Default SpatiallyLoaded:0 Bounds:IsValid=true, Min=(X=0.000 Y=0.000 Z=0.000), Max=(X=0.000 Y=0.000 Z=0.000) RuntimeGrid:None EditorOnly:0 RuntimeOnly:0 HLODRelevant:0 ListedInSceneOutliner:1 IsMainWorldOnly:0
 |- ContainerInstances:
 |- [+] MainContainer:
 |   |-        ID: 00000000000000000000000000000000
 |   |-  ParentID: 00000000000000000000000000000000
 |   |-    Bounds: IsValid=false, Min=(X=0.000 Y=0.000 Z=0.000), Max=(X=0.000 Y=0.000 Z=0.000)
 |   |- Transform: 0.000000,0.000000,0.000000|0.000000,0.000000,-0.000000|1.000000,1.000000,1.000000
 |   |- Container: /Game/Levels/NewBoss
----------------------------------------------------------------------------------------------------------------
NewBoss - Persistent Level
----------------------------------------------------------------------------------------------------------------
[+] Content of NewBoss Persistent Level
 |- Always loaded Actor Count: 31 
 |- Actor Path: /Game/Levels/NewBoss.NewBoss:PersistentLevel.AbstractNavData-Default
 |- Actor Package: /Game/Levels/NewBoss
 |- Actor Path: /Game/Levels/NewBoss.NewBoss:PersistentLevel.BenJosh_C_1
 |- Actor Package: /Game/Levels/NewBoss
 |- Actor Path: /Game/Levels/NewBoss.NewBoss:PersistentLevel.BP_ActivateSliding_C_UAID_089798BF50FF8A3102_1300240529
 |- Actor Package: /Game/__ExternalActors__/Levels/NewBoss/A/F7/9Y7DZ6RRLYQMZHO7A848FO
 |- Actor Path: /Game/Levels/NewBoss.NewBoss:PersistentLevel.BP_Breakable_C_UAID_089798BF50FF023002_1427229544
 |- Actor Package: /Game/__ExternalActors__/Levels/NewBoss/9/XI/BU8D6WU2W24JRB4PFJWXYC
 |- Actor Path: /Game/Levels/NewBoss.NewBoss:PersistentLevel.BP_ChaseBoulder_C_UAID_089798BF50FF883102_2072475176
 |- Actor Package: /Game/__ExternalActors__/Levels/NewBoss/F/3T/JZAALZJR8Q4JGG61Q1IVZ7
 |- Actor Path: /Game/Levels/NewBoss.NewBoss:PersistentLevel.BP_HammerButton_C_UAID_089798BF50FF003002_1720742185
 |- Actor Package: /Game/__ExternalActors__/Levels/NewBoss/6/XZ/WOKLB3PT0G4WHZ5KRC0RE2
 |- Actor Path: /Game/Levels/NewBoss.NewBoss:PersistentLevel.BP_Slide1_C_UAID_089798BF50FF493102_1870203089
 |- Actor Package: /Game/__ExternalActors__/Levels/NewBoss/7/UT/1PHDX1HK5YTYGANBUOX77N
 |- Actor Path: /Game/Levels/NewBoss.NewBoss:PersistentLevel.BP_TNT_C_UAID_089798BF50FF003002_1523257184
 |- Actor Package: /Game/__ExternalActors__/Levels/NewBoss/3/29/72JZTV6QVXMR6PTXHYVOYU
 |- Actor Path: /Game/Levels/NewBoss.NewBoss:PersistentLevel.Brush_0
 |- Actor Package: /Game/Levels/NewBoss
 |- Actor Path: /Game/Levels/NewBoss.NewBoss:PersistentLevel.DefaultPhysicsVolume_0
 |- Actor Package: /Game/Levels/NewBoss
 |- Actor Path: /Game/Levels/NewBoss.NewBoss:PersistentLevel.DirectionalLight_0
 |- Actor Package: /Game/__ExternalActors__/Levels/NewBoss/E/5O/KDC5OTIJVU9E2MXHQS0NND
 |- Actor Path: /Game/Levels/NewBoss.NewBoss:PersistentLevel.ExponentialHeightFog_0
 |- Actor Package: /Game/__ExternalActors__/Levels/NewBoss/C/X9/HQXY0VYC3YPGXNW1TATSDA
 |- Actor Path: /Game/Levels/NewBoss.NewBoss:PersistentLevel.GameplayDebuggerPlayerManager_0
 |- Actor Package: /Game/Levels/NewBoss
 |- Actor Path: /Game/Levels/NewBoss.NewBoss:PersistentLevel.PlayerStart_0
 |- Actor Package: /Game/__ExternalActors__/Levels/NewBoss/D/I1/GTA578RQSRVM7KXHIZ2HN1
 |- Actor Path: /Game/Levels/NewBoss.NewBoss:PersistentLevel.PostProcessVolume_0
 |- Actor Package: /Game/__ExternalActors__/Levels/NewBoss/A/6K/R323EU7AHUTTDMW9JHMPW2
 |- Actor Path: /Game/Levels/NewBoss.NewBoss:PersistentLevel.SkyAtmosphere_0
 |- Actor Package: /Game/__ExternalActors__/Levels/NewBoss/0/9P/BAR9EMUODIDF4LXORQK37F
 |- Actor Path: /Game/Levels/NewBoss.NewBoss:PersistentLevel.SkyLight_1
 |- Actor Package: /Game/__ExternalActors__/Levels/NewBoss/4/MT/F5DMHL69PBXK6TYS1ZRTOV
 |- Actor Path: /Game/Levels/NewBoss.NewBoss:PersistentLevel.StaticMeshActor_UAID_089798BF50FF8B3102_1709614706
 |- Actor Package: /Game/__ExternalActors__/Levels/NewBoss/0/MM/K5069PZPYFAR0OSAQHHDDF
 |- Actor Path: /Game/Levels/NewBoss.NewBoss:PersistentLevel.StaticMeshActor_UAID_089798BF50FFB12F02_2036604279
 |- Actor Package: /Game/__ExternalActors__/Levels/NewBoss/3/K6/QRVZNW5V8EWCP3OYLPCV68
 |- Actor Path: /Game/Levels/NewBoss.NewBoss:PersistentLevel.StaticMeshActor_UAID_644ED76AD861952702_1440859903
 |- Actor Package: /Game/__ExternalActors__/Levels/NewBoss/3/IZ/8544IJDJ25JHUFFTFL58O4
 |- Actor Path: /Game/Levels/NewBoss.NewBoss:PersistentLevel.StaticMeshActor_UAID_644ED76ADAC6F42502_1280279514
 |- Actor Package: /Game/__ExternalActors__/Levels/NewBoss/6/A3/JNR7R4V3GW4OP721D7S4SH
 |- Actor Path: /Game/Levels/NewBoss.NewBoss:PersistentLevel.StaticMeshActor_UAID_644ED76ADAC6F42502_1506885515
 |- Actor Package: /Game/__ExternalActors__/Levels/NewBoss/2/4X/Y3VJJ745DGTPKWSCSSVELR
 |- Actor Path: /Game/Levels/NewBoss.NewBoss:PersistentLevel.StaticMeshActor_UAID_644ED76ADAC6F42502_1518024516
 |- Actor Package: /Game/__ExternalActors__/Levels/NewBoss/8/VV/J35OKJC7U70TYY8MSHMUN8
 |- Actor Path: /Game/Levels/NewBoss.NewBoss:PersistentLevel.StaticMeshActor_UAID_644ED76ADAC6F42502_1530119517
 |- Actor Package: /Game/__ExternalActors__/Levels/NewBoss/4/ZH/X79P0UI59RAYRMSF7HU0AX
 |- Actor Path: /Game/Levels/NewBoss.NewBoss:PersistentLevel.StaticMeshActor_UAID_644ED76ADAC6F42502_1848459518
 |- Actor Package: /Game/__ExternalActors__/Levels/NewBoss/C/BH/BLF1VMCJ2QXDBR4VYU8UMC
 |- Actor Path: /Game/Levels/NewBoss.NewBoss:PersistentLevel.StaticMeshActor_UAID_644ED76ADAC6F42502_1868143519
 |- Actor Package: /Game/__ExternalActors__/Levels/NewBoss/7/LA/AGQA6GQFKH9ADY5NO7PXEJ
 |- Actor Path: /Game/Levels/NewBoss.NewBoss:PersistentLevel.StaticMeshActor_UAID_A4AE111137DC5EFB00_1110535423
 |- Actor Package: /Game/__ExternalActors__/Levels/NewBoss/3/QK/DZRXCYZXVQCGIOKIY34F35
 |- Actor Path: /Game/Levels/NewBoss.NewBoss:PersistentLevel.VolumetricCloud_0
 |- Actor Package: /Game/__ExternalActors__/Levels/NewBoss/D/QO/P99YOO5TGW0L0SGX7X700H
 |- Actor Path: /Game/Levels/NewBoss.NewBoss:PersistentLevel.WorldDataLayers
 |- Actor Package: /Game/__ExternalActors__/Levels/NewBoss/E/0O/0AK9PDYHRPDVSSC8Y2TORV
 |- Actor Path: /Game/Levels/NewBoss.NewBoss:PersistentLevel.WorldInfo_0
 |- Actor Package: /Game/Levels/NewBoss
 |- Actor Path: /Game/Levels/NewBoss.NewBoss:PersistentLevel.WorldPartitionMiniMap_0
 |- Actor Package: /Game/__ExternalActors__/Levels/NewBoss/E/WC/RSWFI3ZV95QBWRLD00Q90L

----------------------------------------------------------------------------------------------------------------
NewBoss - Runtime Spatial Hash - Streaming Grid - MainGrid
----------------------------------------------------------------------------------------------------------------
            Origin: X=0.000 Y=0.000 Z=0.000
         Cell Size: 12800
      World Bounds: IsValid=false, Min=(X=0.000 Y=0.000 Z=0.000), Max=(X=0.000 Y=0.000 Z=0.000)
     Loading Range: 25600.00
Block Slow Loading: No
 ClientOnlyVisible: No
            Origin: X=0.000 Y=0.000 Z=0.000

[+] Grid Levels: 1
 |- Level  0: Cell Count    0 | Cell Size   12800 | Actor Count    0 (0.0%)

[+] Content of Grid Level 0

