[+] Containers:
 |- [+] Container: /Game/Levels/SimplePuzzles
 |   |- [+] ActorDescs:
 |   |   |- Guid:0226293D4F53F248E03BE9B528E5BA36 BaseClass: NativeClass:/Script/Engine.StaticMeshActor Name:StaticMeshActor_UAID_089798BF50FF5F2E02_1087819791 Label:CubeGridToolOutput SpatiallyLoaded:1 Bounds:IsValid=true, Min=(X=2100.000 Y=-1700.000 Z=-200.000), Max=(X=6700.000 Y=1500.000 Z=1300.000) RuntimeGrid:None EditorOnly:0 RuntimeOnly:0 HLODRelevant:1 ListedInSceneOutliner:1 IsMainWorldOnly:0
 |   |   |- Guid:0F8C13F6489EFAA31D2CBEAE502E522C BaseClass:/Game/BP_HammerButton.BP_HammerButton_C NativeClass:/Script/Engine.Actor Name:BP_HammerButton_C_UAID_089798BF50FF5F2E02_1698283794 Label:BP_HammerButton SpatiallyLoaded:1 Bounds:IsValid=true, Min=(X=3100.000 Y=-400.000 Z=90.000), Max=(X=3200.000 Y=-300.000 Z=190.000) RuntimeGrid:None EditorOnly:0 RuntimeOnly:0 HLODRelevant:0 ListedInSceneOutliner:1 IsMainWorldOnly:0
 |   |   |- Guid:1348D48B4A09697EE5D268945B923C01 BaseClass:/Game/BallPuzzle/BP_Bumper.BP_Bumper_C NativeClass:/Script/Engine.Actor Name:BP_Bumper_C_UAID_089798BF50FF5F2E02_1657923793 Label:BP_Bumper SpatiallyLoaded:1 Bounds:IsValid=true, Min=(X=3667.500 Y=-162.500 Z=-368.750), Max=(X=3992.500 Y=162.500 Z=-231.250) RuntimeGrid:None EditorOnly:0 RuntimeOnly:0 HLODRelevant:0 ListedInSceneOutliner:1 IsMainWorldOnly:0
 |   |   |- Guid:1D18E37B4323E81A82732592E9389283 BaseClass: NativeClass:/Script/Engine.StaticMeshActor Name:StaticMeshActor_UAID_644ED76AD861952702_1440859903 Label:Door_Test SpatiallyLoaded:1 Bounds:IsValid=true, Min=(X=4700.000 Y=680.000 Z=430.000), Max=(X=4700.000 Y=680.000 Z=430.000) RuntimeGrid:None EditorOnly:0 RuntimeOnly:0 HLODRelevant:0 ListedInSceneOutliner:1 IsMainWorldOnly:0
 |   |   |- Guid:2F8DE96D491A8DEFE45E4781DD818906 BaseClass:/Game/BP_HammerButton.BP_HammerButton_C NativeClass:/Script/Engine.Actor Name:BP_HammerButton_C_UAID_089798BF50FF622E02_1789513331 Label:BP_HammerButton4 SpatiallyLoaded:1 Bounds:IsValid=true, Min=(X=5200.000 Y=-1050.000 Z=490.000), Max=(X=5300.000 Y=-950.000 Z=590.000) RuntimeGrid:None EditorOnly:0 RuntimeOnly:0 HLODRelevant:0 ListedInSceneOutliner:1 IsMainWorldOnly:0
 |   |   |- Guid:30A48309479341A0D5693B8244963CF7 BaseClass: NativeClass:/Script/Engine.SkyAtmosphere Name:SkyAtmosphere_0 Label:SkyAtmosphere SpatiallyLoaded:0 Bounds:IsValid=true, Min=(X=0.000 Y=0.000 Z=1020.000), Max=(X=0.000 Y=0.000 Z=1020.000) RuntimeGrid:None EditorOnly:0 RuntimeOnly:0 HLODRelevant:0 ListedInSceneOutliner:1 IsMainWorldOnly:0 FolderPath:Lighting FolderGuid:963EC3EB4002CCE9759E2EBA541A873A
 |   |   |- Guid:338D3C174F0A0AA3C0B58AA029D038E9 BaseClass:/Game/CustomBlueprints/BP_Breakable.BP_Breakable_C NativeClass:/Script/Engine.Actor Name:BP_Breakable_C_UAID_089798BF50FF5F2E02_1272708792 Label:BP_Breakable SpatiallyLoaded:1 Bounds:IsValid=true, Min=(X=3000.000 Y=600.000 Z=100.000), Max=(X=3200.000 Y=700.000 Z=300.000) RuntimeGrid:None EditorOnly:0 RuntimeOnly:0 HLODRelevant:0 ListedInSceneOutliner:1 IsMainWorldOnly:0
 |   |   |- Guid:3846AB4A4278F4CC2DA51B9B6768FFE6 BaseClass: NativeClass:/Script/Engine.PlayerStart Name:PlayerStart_0 Label:PlayerStart SpatiallyLoaded:0 Bounds:IsValid=true, Min=(X=3150.000 Y=800.000 Z=90.013), Max=(X=3230.000 Y=880.000 Z=274.013) RuntimeGrid:None EditorOnly:0 RuntimeOnly:0 HLODRelevant:0 ListedInSceneOutliner:1 IsMainWorldOnly:0
 |   |   |- Guid:4753810042B2D5CB8FEA24B2C4B72DC8 BaseClass:/Game/BallPuzzle/BP_Bumper.BP_Bumper_C NativeClass:/Script/Engine.Actor Name:BP_Bumper_C_UAID_089798BF50FF622E02_1699338328 Label:BP_Bumper3 SpatiallyLoaded:1 Bounds:IsValid=true, Min=(X=5600.000 Y=-1500.000 Z=800.000), Max=(X=5800.000 Y=-1300.000 Z=900.000) RuntimeGrid:None EditorOnly:0 RuntimeOnly:0 HLODRelevant:0 ListedInSceneOutliner:1 IsMainWorldOnly:0
 |   |   |- Guid:4B4C072444267468DB3555ABEFC945BE BaseClass: NativeClass:/Script/Engine.StaticMeshActor Name:StaticMeshActor_UAID_644ED76ADAC6F42502_1506885515 Label:Invisible2 SpatiallyLoaded:1 Bounds:IsValid=true, Min=(X=11750.000 Y=4880.000 Z=-50.000), Max=(X=11800.000 Y=7580.000 Z=1950.000) RuntimeGrid:None EditorOnly:0 RuntimeOnly:0 HLODRelevant:1 ListedInSceneOutliner:1 IsMainWorldOnly:0 FolderPath:Playground FolderGuid:C73F09FC4215536B1DCE2A9E0A830C70
 |   |   |- Guid:4D5512E14619D9A7DFA67CA2C6163F9B BaseClass: NativeClass:/Script/Engine.SkyLight Name:SkyLight_1 Label:SkyLight SpatiallyLoaded:0 Bounds:IsValid=true, Min=(X=0.000 Y=0.000 Z=690.000), Max=(X=0.000 Y=0.000 Z=690.000) RuntimeGrid:None EditorOnly:0 RuntimeOnly:0 HLODRelevant:0 ListedInSceneOutliner:1 IsMainWorldOnly:0 FolderPath:Lighting FolderGuid:963EC3EB4002CCE9759E2EBA541A873A
 |   |   |- Guid:656618E74FAFFB6D08C769A4003BEDA3 BaseClass: NativeClass:/Script/Engine.StaticMeshActor Name:StaticMeshActor_UAID_644ED76ADAC6F42502_1280279514 Label:Invisible3 SpatiallyLoaded:1 Bounds:IsValid=true, Min=(X=7650.000 Y=4870.000 Z=-100.000), Max=(X=9650.000 Y=7570.000 Z=-50.000) RuntimeGrid:None EditorOnly:0 RuntimeOnly:0 HLODRelevant:1 ListedInSceneOutliner:1 IsMainWorldOnly:0 FolderPath:Playground FolderGuid:C73F09FC4215536B1DCE2A9E0A830C70
 |   |   |- Guid:6DF461B24B0CB77C2054C0966806D68F BaseClass: NativeClass:/Script/Engine.StaticMeshActor Name:StaticMeshActor_UAID_644ED76ADAC6F42502_1518024516 Label:Invisible SpatiallyLoaded:1 Bounds:IsValid=true, Min=(X=9420.000 Y=4820.000 Z=-50.000), Max=(X=12120.000 Y=4870.000 Z=1950.000) RuntimeGrid:None EditorOnly:0 RuntimeOnly:0 HLODRelevant:1 ListedInSceneOutliner:1 IsMainWorldOnly:0 FolderPath:Playground FolderGuid:C73F09FC4215536B1DCE2A9E0A830C70
 |   |   |- Guid:71515991456E5F67EDDC8E8D779D531C BaseClass: NativeClass:/Script/Engine.StaticMeshActor Name:StaticMeshActor_UAID_644ED76ADAC6F42502_1868143519 Label:Invisible4 SpatiallyLoaded:1 Bounds:IsValid=true, Min=(X=9690.000 Y=4820.000 Z=-260.000), Max=(X=9740.000 Y=7720.000 Z=40.000) RuntimeGrid:None EditorOnly:0 RuntimeOnly:0 HLODRelevant:1 ListedInSceneOutliner:1 IsMainWorldOnly:0 FolderPath:Playground FolderGuid:C73F09FC4215536B1DCE2A9E0A830C70
 |   |   |- Guid:844ED7C74468EBD367FE4C8AD0A7DF0B BaseClass:/Game/BP_HammerButton.BP_HammerButton_C NativeClass:/Script/Engine.Actor Name:BP_HammerButton_C_UAID_089798BF50FF622E02_1197365327 Label:BP_HammerButton2 SpatiallyLoaded:1 Bounds:IsValid=true, Min=(X=4400.000 Y=-1500.000 Z=90.000), Max=(X=4500.000 Y=-1400.000 Z=190.000) RuntimeGrid:None EditorOnly:0 RuntimeOnly:0 HLODRelevant:0 ListedInSceneOutliner:1 IsMainWorldOnly:0
 |   |   |- Guid:8757338B4154128B081A1F9916061B97 BaseClass: NativeClass:/Script/Engine.WorldDataLayers Name:WorldDataLayers Label:WorldDataLayers SpatiallyLoaded:0 Bounds:Invalid RuntimeGrid:None EditorOnly:0 RuntimeOnly:0 HLODRelevant:0 ListedInSceneOutliner:1 IsMainWorldOnly:1
 |   |   |- Guid:88C9F02A42F605868B2B17942B753B5B BaseClass:/Game/BallPuzzle/BP_Bumper.BP_Bumper_C NativeClass:/Script/Engine.Actor Name:BP_Bumper_C_UAID_089798BF50FF622E02_1739912329 Label:BP_Bumper4 SpatiallyLoaded:1 Bounds:IsValid=true, Min=(X=5600.000 Y=-1100.000 Z=1200.000), Max=(X=5800.000 Y=-900.000 Z=1300.000) RuntimeGrid:None EditorOnly:0 RuntimeOnly:0 HLODRelevant:0 ListedInSceneOutliner:1 IsMainWorldOnly:0
 |   |   |- Guid:893A51B947024E8DF0E4E480C0F3AF79 BaseClass: NativeClass:/Script/Engine.PostProcessVolume Name:PostProcessVolume_0 Label:PostProcessVolume SpatiallyLoaded:0 Bounds:IsValid=true, Min=(X=0.000 Y=0.000 Z=400.000), Max=(X=200.000 Y=200.000 Z=600.000) RuntimeGrid:None EditorOnly:0 RuntimeOnly:0 HLODRelevant:0 ListedInSceneOutliner:1 IsMainWorldOnly:0 FolderPath:Lighting FolderGuid:963EC3EB4002CCE9759E2EBA541A873A
 |   |   |- Guid:89E8CD08408EE9B925670491DF8F021A BaseClass: NativeClass:/Script/Engine.ExponentialHeightFog Name:ExponentialHeightFog_0 Label:ExponentialHeightFog SpatiallyLoaded:0 Bounds:IsValid=true, Min=(X=-5600.000 Y=-50.000 Z=-6850.000), Max=(X=-5600.000 Y=-50.000 Z=-6850.000) RuntimeGrid:None EditorOnly:0 RuntimeOnly:0 HLODRelevant:0 ListedInSceneOutliner:1 IsMainWorldOnly:0 FolderPath:Lighting FolderGuid:963EC3EB4002CCE9759E2EBA541A873A
 |   |   |- Guid:98F0EE0749601D8A2E6FDFB8986B9B0C BaseClass: NativeClass:/Script/Engine.StaticMeshActor Name:StaticMeshActor_UAID_A4AE111137DC5EFB00_1110535423 Label:SM_SkySphere SpatiallyLoaded:0 Bounds:IsValid=true, Min=(X=-1638410.000 Y=-1638410.000 Z=-1638400.000), Max=(X=1638390.000 Y=1638390.000 Z=1638400.000) RuntimeGrid:None EditorOnly:0 RuntimeOnly:0 HLODRelevant:1 ListedInSceneOutliner:1 IsMainWorldOnly:0 FolderPath:Lighting FolderGuid:963EC3EB4002CCE9759E2EBA541A873A
 |   |   |- Guid:A7E91EB743417B88FCCA0DBA2B542D13 BaseClass:/Game/CustomBlueprints/BP_Breakable.BP_Breakable_C NativeClass:/Script/Engine.Actor Name:BP_Breakable_C_UAID_089798BF50FF612E02_1237739149 Label:BP_Breakable2 SpatiallyLoaded:1 Bounds:IsValid=true, Min=(X=4500.000 Y=-700.000 Z=100.000), Max=(X=4700.000 Y=-600.000 Z=300.000) RuntimeGrid:None EditorOnly:0 RuntimeOnly:0 HLODRelevant:0 ListedInSceneOutliner:1 IsMainWorldOnly:0
 |   |   |- Guid:B258AACB428984CB7F6BE8A34E297DC9 BaseClass:/Game/BallPuzzle/BP_Bumper.BP_Bumper_C NativeClass:/Script/Engine.Actor Name:BP_Bumper_C_UAID_089798BF50FF622E02_1129372326 Label:BP_Bumper2 SpatiallyLoaded:1 Bounds:IsValid=true, Min=(X=4800.000 Y=-1300.000 Z=400.000), Max=(X=5000.000 Y=-1100.000 Z=500.000) RuntimeGrid:None EditorOnly:0 RuntimeOnly:0 HLODRelevant:0 ListedInSceneOutliner:1 IsMainWorldOnly:0
 |   |   |- Guid:CE61E05741145D2E05BA83A14337CF5E BaseClass:/Game/BP_HammerButton.BP_HammerButton_C NativeClass:/Script/Engine.Actor Name:BP_HammerButton_C_UAID_089798BF50FF622E02_1773002330 Label:BP_HammerButton3 SpatiallyLoaded:1 Bounds:IsValid=true, Min=(X=5190.000 Y=-1450.000 Z=490.000), Max=(X=5290.000 Y=-1350.000 Z=590.000) RuntimeGrid:None EditorOnly:0 RuntimeOnly:0 HLODRelevant:0 ListedInSceneOutliner:1 IsMainWorldOnly:0
 |   |   |- Guid:D4C110D84B1A7D1E511503B558BB0CD1 BaseClass: NativeClass:/Script/NavigationSystem.RecastNavMesh Name:RecastNavMesh_UAID_089798BF50FFBE2402-Default Label:RecastNavMesh-Default SpatiallyLoaded:0 Bounds:IsValid=true, Min=(X=0.000 Y=0.000 Z=0.000), Max=(X=0.000 Y=0.000 Z=0.000) RuntimeGrid:None EditorOnly:0 RuntimeOnly:0 HLODRelevant:0 ListedInSceneOutliner:1 IsMainWorldOnly:0
 |   |   |- Guid:DC0B4B1441E1F81E5F1D3AA6E449D8D8 BaseClass: NativeClass:/Script/Engine.VolumetricCloud Name:VolumetricCloud_0 Label:VolumetricCloud SpatiallyLoaded:0 Bounds:IsValid=true, Min=(X=0.000 Y=0.000 Z=820.000), Max=(X=0.000 Y=0.000 Z=820.000) RuntimeGrid:None EditorOnly:0 RuntimeOnly:0 HLODRelevant:0 ListedInSceneOutliner:1 IsMainWorldOnly:0 FolderPath:Lighting FolderGuid:963EC3EB4002CCE9759E2EBA541A873A
 |   |   |- Guid:DD2B9898446D05D12EB8BBA2416478EB BaseClass: NativeClass:/Script/Engine.DirectionalLight Name:DirectionalLight_0 Label:DirectionalLight SpatiallyLoaded:0 Bounds:IsValid=true, Min=(X=-4398046511104.000 Y=-4398046511104.000 Z=-4398046511104.000), Max=(X=4398046511104.000 Y=4398046511104.000 Z=4398046511104.000) RuntimeGrid:None EditorOnly:0 RuntimeOnly:0 HLODRelevant:0 ListedInSceneOutliner:1 IsMainWorldOnly:0 FolderPath:Lighting FolderGuid:963EC3EB4002CCE9759E2EBA541A873A
 |   |   |- Guid:E195AB21462C7ADEF0B7EDAE74A59103 BaseClass: NativeClass:/Script/Engine.StaticMeshActor Name:StaticMeshActor_UAID_644ED76ADAC6F42502_1848459518 Label:Invisible5 SpatiallyLoaded:1 Bounds:IsValid=true, Min=(X=9540.000 Y=7570.000 Z=-280.000), Max=(X=11715.000 Y=7620.000 Z=20.000) RuntimeGrid:None EditorOnly:0 RuntimeOnly:0 HLODRelevant:1 ListedInSceneOutliner:1 IsMainWorldOnly:0 FolderPath:Playground FolderGuid:C73F09FC4215536B1DCE2A9E0A830C70
 |   |   |- Guid:F2E88B3D435EB1562544DBB5A16187E4 BaseClass: NativeClass:/Script/Engine.StaticMeshActor Name:StaticMeshActor_UAID_644ED76ADAC6F42502_1530119517 Label:Invisible6 SpatiallyLoaded:1 Bounds:IsValid=true, Min=(X=9430.000 Y=7560.000 Z=-100.000), Max=(X=12130.000 Y=9560.000 Z=-50.000) RuntimeGrid:None EditorOnly:0 RuntimeOnly:0 HLODRelevant:1 ListedInSceneOutliner:1 IsMainWorldOnly:0 FolderPath:Playground FolderGuid:C73F09FC4215536B1DCE2A9E0A830C70
 |   |- [+] Clusters:
 |   |   |- [+] [  0]
 |   |   |   |- Guid:0226293D4F53F248E03BE9B528E5BA36 BaseClass: NativeClass:/Script/Engine.StaticMeshActor Name:StaticMeshActor_UAID_089798BF50FF5F2E02_1087819791 Label:CubeGridToolOutput SpatiallyLoaded:1 Bounds:IsValid=true, Min=(X=2100.000 Y=-1700.000 Z=-200.000), Max=(X=6700.000 Y=1500.000 Z=1300.000) RuntimeGrid:None EditorOnly:0 RuntimeOnly:0 HLODRelevant:1 ListedInSceneOutliner:1 IsMainWorldOnly:0
 |   |   |- [+] [  1]
 |   |   |   |- Guid:0F8C13F6489EFAA31D2CBEAE502E522C BaseClass:/Game/BP_HammerButton.BP_HammerButton_C NativeClass:/Script/Engine.Actor Name:BP_HammerButton_C_UAID_089798BF50FF5F2E02_1698283794 Label:BP_HammerButton SpatiallyLoaded:1 Bounds:IsValid=true, Min=(X=3100.000 Y=-400.000 Z=90.000), Max=(X=3200.000 Y=-300.000 Z=190.000) RuntimeGrid:None EditorOnly:0 RuntimeOnly:0 HLODRelevant:0 ListedInSceneOutliner:1 IsMainWorldOnly:0
 |   |   |   |- Guid:1348D48B4A09697EE5D268945B923C01 BaseClass:/Game/BallPuzzle/BP_Bumper.BP_Bumper_C NativeClass:/Script/Engine.Actor Name:BP_Bumper_C_UAID_089798BF50FF5F2E02_1657923793 Label:BP_Bumper SpatiallyLoaded:1 Bounds:IsValid=true, Min=(X=3667.500 Y=-162.500 Z=-368.750), Max=(X=3992.500 Y=162.500 Z=-231.250) RuntimeGrid:None EditorOnly:0 RuntimeOnly:0 HLODRelevant:0 ListedInSceneOutliner:1 IsMainWorldOnly:0
 |   |   |- [+] [  2]
 |   |   |   |- Guid:1D18E37B4323E81A82732592E9389283 BaseClass: NativeClass:/Script/Engine.StaticMeshActor Name:StaticMeshActor_UAID_644ED76AD861952702_1440859903 Label:Door_Test SpatiallyLoaded:1 Bounds:IsValid=true, Min=(X=4700.000 Y=680.000 Z=430.000), Max=(X=4700.000 Y=680.000 Z=430.000) RuntimeGrid:None EditorOnly:0 RuntimeOnly:0 HLODRelevant:0 ListedInSceneOutliner:1 IsMainWorldOnly:0
 |   |   |- [+] [  3]
 |   |   |   |- Guid:2F8DE96D491A8DEFE45E4781DD818906 BaseClass:/Game/BP_HammerButton.BP_HammerButton_C NativeClass:/Script/Engine.Actor Name:BP_HammerButton_C_UAID_089798BF50FF622E02_1789513331 Label:BP_HammerButton4 SpatiallyLoaded:1 Bounds:IsValid=true, Min=(X=5200.000 Y=-1050.000 Z=490.000), Max=(X=5300.000 Y=-950.000 Z=590.000) RuntimeGrid:None EditorOnly:0 RuntimeOnly:0 HLODRelevant:0 ListedInSceneOutliner:1 IsMainWorldOnly:0
 |   |   |   |- Guid:88C9F02A42F605868B2B17942B753B5B BaseClass:/Game/BallPuzzle/BP_Bumper.BP_Bumper_C NativeClass:/Script/Engine.Actor Name:BP_Bumper_C_UAID_089798BF50FF622E02_1739912329 Label:BP_Bumper4 SpatiallyLoaded:1 Bounds:IsValid=true, Min=(X=5600.000 Y=-1100.000 Z=1200.000), Max=(X=5800.000 Y=-900.000 Z=1300.000) RuntimeGrid:None EditorOnly:0 RuntimeOnly:0 HLODRelevant:0 ListedInSceneOutliner:1 IsMainWorldOnly:0
 |   |   |- [+] [  4]
 |   |   |   |- Guid:30A48309479341A0D5693B8244963CF7 BaseClass: NativeClass:/Script/Engine.SkyAtmosphere Name:SkyAtmosphere_0 Label:SkyAtmosphere SpatiallyLoaded:0 Bounds:IsValid=true, Min=(X=0.000 Y=0.000 Z=1020.000), Max=(X=0.000 Y=0.000 Z=1020.000) RuntimeGrid:None EditorOnly:0 RuntimeOnly:0 HLODRelevant:0 ListedInSceneOutliner:1 IsMainWorldOnly:0 FolderPath:Lighting FolderGuid:963EC3EB4002CCE9759E2EBA541A873A
 |   |   |- [+] [  5]
 |   |   |   |- Guid:338D3C174F0A0AA3C0B58AA029D038E9 BaseClass:/Game/CustomBlueprints/BP_Breakable.BP_Breakable_C NativeClass:/Script/Engine.Actor Name:BP_Breakable_C_UAID_089798BF50FF5F2E02_1272708792 Label:BP_Breakable SpatiallyLoaded:1 Bounds:IsValid=true, Min=(X=3000.000 Y=600.000 Z=100.000), Max=(X=3200.000 Y=700.000 Z=300.000) RuntimeGrid:None EditorOnly:0 RuntimeOnly:0 HLODRelevant:0 ListedInSceneOutliner:1 IsMainWorldOnly:0
 |   |   |- [+] [  6]
 |   |   |   |- Guid:3846AB4A4278F4CC2DA51B9B6768FFE6 BaseClass: NativeClass:/Script/Engine.PlayerStart Name:PlayerStart_0 Label:PlayerStart SpatiallyLoaded:0 Bounds:IsValid=true, Min=(X=3150.000 Y=800.000 Z=90.013), Max=(X=3230.000 Y=880.000 Z=274.013) RuntimeGrid:None EditorOnly:0 RuntimeOnly:0 HLODRelevant:0 ListedInSceneOutliner:1 IsMainWorldOnly:0
 |   |   |- [+] [  7]
 |   |   |   |- Guid:4753810042B2D5CB8FEA24B2C4B72DC8 BaseClass:/Game/BallPuzzle/BP_Bumper.BP_Bumper_C NativeClass:/Script/Engine.Actor Name:BP_Bumper_C_UAID_089798BF50FF622E02_1699338328 Label:BP_Bumper3 SpatiallyLoaded:1 Bounds:IsValid=true, Min=(X=5600.000 Y=-1500.000 Z=800.000), Max=(X=5800.000 Y=-1300.000 Z=900.000) RuntimeGrid:None EditorOnly:0 RuntimeOnly:0 HLODRelevant:0 ListedInSceneOutliner:1 IsMainWorldOnly:0
 |   |   |   |- Guid:CE61E05741145D2E05BA83A14337CF5E BaseClass:/Game/BP_HammerButton.BP_HammerButton_C NativeClass:/Script/Engine.Actor Name:BP_HammerButton_C_UAID_089798BF50FF622E02_1773002330 Label:BP_HammerButton3 SpatiallyLoaded:1 Bounds:IsValid=true, Min=(X=5190.000 Y=-1450.000 Z=490.000), Max=(X=5290.000 Y=-1350.000 Z=590.000) RuntimeGrid:None EditorOnly:0 RuntimeOnly:0 HLODRelevant:0 ListedInSceneOutliner:1 IsMainWorldOnly:0
 |   |   |- [+] [  8]
 |   |   |   |- Guid:4B4C072444267468DB3555ABEFC945BE BaseClass: NativeClass:/Script/Engine.StaticMeshActor Name:StaticMeshActor_UAID_644ED76ADAC6F42502_1506885515 Label:Invisible2 SpatiallyLoaded:1 Bounds:IsValid=true, Min=(X=11750.000 Y=4880.000 Z=-50.000), Max=(X=11800.000 Y=7580.000 Z=1950.000) RuntimeGrid:None EditorOnly:0 RuntimeOnly:0 HLODRelevant:1 ListedInSceneOutliner:1 IsMainWorldOnly:0 FolderPath:Playground FolderGuid:C73F09FC4215536B1DCE2A9E0A830C70
 |   |   |- [+] [  9]
 |   |   |   |- Guid:4D5512E14619D9A7DFA67CA2C6163F9B BaseClass: NativeClass:/Script/Engine.SkyLight Name:SkyLight_1 Label:SkyLight SpatiallyLoaded:0 Bounds:IsValid=true, Min=(X=0.000 Y=0.000 Z=690.000), Max=(X=0.000 Y=0.000 Z=690.000) RuntimeGrid:None EditorOnly:0 RuntimeOnly:0 HLODRelevant:0 ListedInSceneOutliner:1 IsMainWorldOnly:0 FolderPath:Lighting FolderGuid:963EC3EB4002CCE9759E2EBA541A873A
 |   |   |- [+] [ 10]
 |   |   |   |- Guid:656618E74FAFFB6D08C769A4003BEDA3 BaseClass: NativeClass:/Script/Engine.StaticMeshActor Name:StaticMeshActor_UAID_644ED76ADAC6F42502_1280279514 Label:Invisible3 SpatiallyLoaded:1 Bounds:IsValid=true, Min=(X=7650.000 Y=4870.000 Z=-100.000), Max=(X=9650.000 Y=7570.000 Z=-50.000) RuntimeGrid:None EditorOnly:0 RuntimeOnly:0 HLODRelevant:1 ListedInSceneOutliner:1 IsMainWorldOnly:0 FolderPath:Playground FolderGuid:C73F09FC4215536B1DCE2A9E0A830C70
 |   |   |- [+] [ 11]
 |   |   |   |- Guid:6DF461B24B0CB77C2054C0966806D68F BaseClass: NativeClass:/Script/Engine.StaticMeshActor Name:StaticMeshActor_UAID_644ED76ADAC6F42502_1518024516 Label:Invisible SpatiallyLoaded:1 Bounds:IsValid=true, Min=(X=9420.000 Y=4820.000 Z=-50.000), Max=(X=12120.000 Y=4870.000 Z=1950.000) RuntimeGrid:None EditorOnly:0 RuntimeOnly:0 HLODRelevant:1 ListedInSceneOutliner:1 IsMainWorldOnly:0 FolderPath:Playground FolderGuid:C73F09FC4215536B1DCE2A9E0A830C70
 |   |   |- [+] [ 12]
 |   |   |   |- Guid:71515991456E5F67EDDC8E8D779D531C BaseClass: NativeClass:/Script/Engine.StaticMeshActor Name:StaticMeshActor_UAID_644ED76ADAC6F42502_1868143519 Label:Invisible4 SpatiallyLoaded:1 Bounds:IsValid=true, Min=(X=9690.000 Y=4820.000 Z=-260.000), Max=(X=9740.000 Y=7720.000 Z=40.000) RuntimeGrid:None EditorOnly:0 RuntimeOnly:0 HLODRelevant:1 ListedInSceneOutliner:1 IsMainWorldOnly:0 FolderPath:Playground FolderGuid:C73F09FC4215536B1DCE2A9E0A830C70
 |   |   |- [+] [ 13]
 |   |   |   |- Guid:844ED7C74468EBD367FE4C8AD0A7DF0B BaseClass:/Game/BP_HammerButton.BP_HammerButton_C NativeClass:/Script/Engine.Actor Name:BP_HammerButton_C_UAID_089798BF50FF622E02_1197365327 Label:BP_HammerButton2 SpatiallyLoaded:1 Bounds:IsValid=true, Min=(X=4400.000 Y=-1500.000 Z=90.000), Max=(X=4500.000 Y=-1400.000 Z=190.000) RuntimeGrid:None EditorOnly:0 RuntimeOnly:0 HLODRelevant:0 ListedInSceneOutliner:1 IsMainWorldOnly:0
 |   |   |   |- Guid:B258AACB428984CB7F6BE8A34E297DC9 BaseClass:/Game/BallPuzzle/BP_Bumper.BP_Bumper_C NativeClass:/Script/Engine.Actor Name:BP_Bumper_C_UAID_089798BF50FF622E02_1129372326 Label:BP_Bumper2 SpatiallyLoaded:1 Bounds:IsValid=true, Min=(X=4800.000 Y=-1300.000 Z=400.000), Max=(X=5000.000 Y=-1100.000 Z=500.000) RuntimeGrid:None EditorOnly:0 RuntimeOnly:0 HLODRelevant:0 ListedInSceneOutliner:1 IsMainWorldOnly:0
 |   |   |- [+] [ 14]
 |   |   |   |- Guid:8757338B4154128B081A1F9916061B97 BaseClass: NativeClass:/Script/Engine.WorldDataLayers Name:WorldDataLayers Label:WorldDataLayers SpatiallyLoaded:0 Bounds:Invalid RuntimeGrid:None EditorOnly:0 RuntimeOnly:0 HLODRelevant:0 ListedInSceneOutliner:1 IsMainWorldOnly:1
 |   |   |- [+] [ 15]
 |   |   |   |- Guid:893A51B947024E8DF0E4E480C0F3AF79 BaseClass: NativeClass:/Script/Engine.PostProcessVolume Name:PostProcessVolume_0 Label:PostProcessVolume SpatiallyLoaded:0 Bounds:IsValid=true, Min=(X=0.000 Y=0.000 Z=400.000), Max=(X=200.000 Y=200.000 Z=600.000) RuntimeGrid:None EditorOnly:0 RuntimeOnly:0 HLODRelevant:0 ListedInSceneOutliner:1 IsMainWorldOnly:0 FolderPath:Lighting FolderGuid:963EC3EB4002CCE9759E2EBA541A873A
 |   |   |- [+] [ 16]
 |   |   |   |- Guid:89E8CD08408EE9B925670491DF8F021A BaseClass: NativeClass:/Script/Engine.ExponentialHeightFog Name:ExponentialHeightFog_0 Label:ExponentialHeightFog SpatiallyLoaded:0 Bounds:IsValid=true, Min=(X=-5600.000 Y=-50.000 Z=-6850.000), Max=(X=-5600.000 Y=-50.000 Z=-6850.000) RuntimeGrid:None EditorOnly:0 RuntimeOnly:0 HLODRelevant:0 ListedInSceneOutliner:1 IsMainWorldOnly:0 FolderPath:Lighting FolderGuid:963EC3EB4002CCE9759E2EBA541A873A
 |   |   |- [+] [ 17]
 |   |   |   |- Guid:98F0EE0749601D8A2E6FDFB8986B9B0C BaseClass: NativeClass:/Script/Engine.StaticMeshActor Name:StaticMeshActor_UAID_A4AE111137DC5EFB00_1110535423 Label:SM_SkySphere SpatiallyLoaded:0 Bounds:IsValid=true, Min=(X=-1638410.000 Y=-1638410.000 Z=-1638400.000), Max=(X=1638390.000 Y=1638390.000 Z=1638400.000) RuntimeGrid:None EditorOnly:0 RuntimeOnly:0 HLODRelevant:1 ListedInSceneOutliner:1 IsMainWorldOnly:0 FolderPath:Lighting FolderGuid:963EC3EB4002CCE9759E2EBA541A873A
 |   |   |- [+] [ 18]
 |   |   |   |- Guid:A7E91EB743417B88FCCA0DBA2B542D13 BaseClass:/Game/CustomBlueprints/BP_Breakable.BP_Breakable_C NativeClass:/Script/Engine.Actor Name:BP_Breakable_C_UAID_089798BF50FF612E02_1237739149 Label:BP_Breakable2 SpatiallyLoaded:1 Bounds:IsValid=true, Min=(X=4500.000 Y=-700.000 Z=100.000), Max=(X=4700.000 Y=-600.000 Z=300.000) RuntimeGrid:None EditorOnly:0 RuntimeOnly:0 HLODRelevant:0 ListedInSceneOutliner:1 IsMainWorldOnly:0
 |   |   |- [+] [ 19]
 |   |   |   |- Guid:D4C110D84B1A7D1E511503B558BB0CD1 BaseClass: NativeClass:/Script/NavigationSystem.RecastNavMesh Name:RecastNavMesh_UAID_089798BF50FFBE2402-Default Label:RecastNavMesh-Default SpatiallyLoaded:0 Bounds:IsValid=true, Min=(X=0.000 Y=0.000 Z=0.000), Max=(X=0.000 Y=0.000 Z=0.000) RuntimeGrid:None EditorOnly:0 RuntimeOnly:0 HLODRelevant:0 ListedInSceneOutliner:1 IsMainWorldOnly:0
 |   |   |- [+] [ 20]
 |   |   |   |- Guid:DC0B4B1441E1F81E5F1D3AA6E449D8D8 BaseClass: NativeClass:/Script/Engine.VolumetricCloud Name:VolumetricCloud_0 Label:VolumetricCloud SpatiallyLoaded:0 Bounds:IsValid=true, Min=(X=0.000 Y=0.000 Z=820.000), Max=(X=0.000 Y=0.000 Z=820.000) RuntimeGrid:None EditorOnly:0 RuntimeOnly:0 HLODRelevant:0 ListedInSceneOutliner:1 IsMainWorldOnly:0 FolderPath:Lighting FolderGuid:963EC3EB4002CCE9759E2EBA541A873A
 |   |   |- [+] [ 21]
 |   |   |   |- Guid:DD2B9898446D05D12EB8BBA2416478EB BaseClass: NativeClass:/Script/Engine.DirectionalLight Name:DirectionalLight_0 Label:DirectionalLight SpatiallyLoaded:0 Bounds:IsValid=true, Min=(X=-4398046511104.000 Y=-4398046511104.000 Z=-4398046511104.000), Max=(X=4398046511104.000 Y=4398046511104.000 Z=4398046511104.000) RuntimeGrid:None EditorOnly:0 RuntimeOnly:0 HLODRelevant:0 ListedInSceneOutliner:1 IsMainWorldOnly:0 FolderPath:Lighting FolderGuid:963EC3EB4002CCE9759E2EBA541A873A
 |   |   |- [+] [ 22]
 |   |   |   |- Guid:E195AB21462C7ADEF0B7EDAE74A59103 BaseClass: NativeClass:/Script/Engine.StaticMeshActor Name:StaticMeshActor_UAID_644ED76ADAC6F42502_1848459518 Label:Invisible5 SpatiallyLoaded:1 Bounds:IsValid=true, Min=(X=9540.000 Y=7570.000 Z=-280.000), Max=(X=11715.000 Y=7620.000 Z=20.000) RuntimeGrid:None EditorOnly:0 RuntimeOnly:0 HLODRelevant:1 ListedInSceneOutliner:1 IsMainWorldOnly:0 FolderPath:Playground FolderGuid:C73F09FC4215536B1DCE2A9E0A830C70
 |   |   |- [+] [ 23]
 |   |   |   |- Guid:F2E88B3D435EB1562544DBB5A16187E4 BaseClass: NativeClass:/Script/Engine.StaticMeshActor Name:StaticMeshActor_UAID_644ED76ADAC6F42502_1530119517 Label:Invisible6 SpatiallyLoaded:1 Bounds:IsValid=true, Min=(X=9430.000 Y=7560.000 Z=-100.000), Max=(X=12130.000 Y=9560.000 Z=-50.000) RuntimeGrid:None EditorOnly:0 RuntimeOnly:0 HLODRelevant:1 ListedInSceneOutliner:1 IsMainWorldOnly:0 FolderPath:Playground FolderGuid:C73F09FC4215536B1DCE2A9E0A830C70
 |- ContainerInstances:
 |- [+] MainContainer:
 |   |-        ID: 00000000000000000000000000000000
 |   |-  ParentID: 00000000000000000000000000000000
 |   |-    Bounds: IsValid=false, Min=(X=0.000 Y=0.000 Z=0.000), Max=(X=0.000 Y=0.000 Z=0.000)
 |   |- Transform: 0.000000,0.000000,0.000000|0.000000,0.000000,-0.000000|1.000000,1.000000,1.000000
 |   |- Container: /Game/Levels/SimplePuzzles
----------------------------------------------------------------------------------------------------------------
SimplePuzzles - Persistent Level
----------------------------------------------------------------------------------------------------------------
[+] Content of SimplePuzzles Persistent Level
 |- Always loaded Actor Count: 35 
 |- Actor Path: /Game/Levels/SimplePuzzles.SimplePuzzles:PersistentLevel.AbstractNavData-Default
 |- Actor Package: /Game/Levels/SimplePuzzles
 |- Actor Path: /Game/Levels/SimplePuzzles.SimplePuzzles:PersistentLevel.BenJosh_C_1
 |- Actor Package: /Game/Levels/SimplePuzzles
 |- Actor Path: /Game/Levels/SimplePuzzles.SimplePuzzles:PersistentLevel.BP_Breakable_C_UAID_089798BF50FF5F2E02_1272708792
 |- Actor Package: /Game/__ExternalActors__/Levels/SimplePuzzles/8/YB/ST34LSHU23OHXVOEFCWITC
 |- Actor Path: /Game/Levels/SimplePuzzles.SimplePuzzles:PersistentLevel.BP_Breakable_C_UAID_089798BF50FF612E02_1237739149
 |- Actor Package: /Game/__ExternalActors__/Levels/SimplePuzzles/B/IP/RTUKHLRG90NO4NQVXTJA5Z
 |- Actor Path: /Game/Levels/SimplePuzzles.SimplePuzzles:PersistentLevel.BP_Bumper_C_UAID_089798BF50FF5F2E02_1657923793
 |- Actor Package: /Game/__ExternalActors__/Levels/SimplePuzzles/0/WJ/93U2EBBCY5ALL8RNMQCNHJ
 |- Actor Path: /Game/Levels/SimplePuzzles.SimplePuzzles:PersistentLevel.BP_Bumper_C_UAID_089798BF50FF622E02_1129372326
 |- Actor Package: /Game/__ExternalActors__/Levels/SimplePuzzles/1/VH/EUZFZYBH6LTK5KD6LPKMU0
 |- Actor Path: /Game/Levels/SimplePuzzles.SimplePuzzles:PersistentLevel.BP_Bumper_C_UAID_089798BF50FF622E02_1699338328
 |- Actor Package: /Game/__ExternalActors__/Levels/SimplePuzzles/E/O3/UCQTHWF5VYM8CPRFZTL6EG
 |- Actor Path: /Game/Levels/SimplePuzzles.SimplePuzzles:PersistentLevel.BP_Bumper_C_UAID_089798BF50FF622E02_1739912329
 |- Actor Package: /Game/__ExternalActors__/Levels/SimplePuzzles/8/JL/0W7CO2F5CBSYFF7G8P4G79
 |- Actor Path: /Game/Levels/SimplePuzzles.SimplePuzzles:PersistentLevel.BP_HammerButton_C_UAID_089798BF50FF5F2E02_1698283794
 |- Actor Package: /Game/__ExternalActors__/Levels/SimplePuzzles/B/9K/9H6ZAD1B6J5KDCX6OJTSM0
 |- Actor Path: /Game/Levels/SimplePuzzles.SimplePuzzles:PersistentLevel.BP_HammerButton_C_UAID_089798BF50FF622E02_1197365327
 |- Actor Package: /Game/__ExternalActors__/Levels/SimplePuzzles/6/7C/SMKSZGYOQATNN7ZZF2QNGV
 |- Actor Path: /Game/Levels/SimplePuzzles.SimplePuzzles:PersistentLevel.BP_HammerButton_C_UAID_089798BF50FF622E02_1773002330
 |- Actor Package: /Game/__ExternalActors__/Levels/SimplePuzzles/6/KZ/OJTCWKJGMCYG6ET24SY8M6
 |- Actor Path: /Game/Levels/SimplePuzzles.SimplePuzzles:PersistentLevel.BP_HammerButton_C_UAID_089798BF50FF622E02_1789513331
 |- Actor Package: /Game/__ExternalActors__/Levels/SimplePuzzles/0/GU/DQU7V9O4U26RFE6BSDRWBP
 |- Actor Path: /Game/Levels/SimplePuzzles.SimplePuzzles:PersistentLevel.Brush_0
 |- Actor Package: /Game/Levels/SimplePuzzles
 |- Actor Path: /Game/Levels/SimplePuzzles.SimplePuzzles:PersistentLevel.CombinedTransformGizmoActor_0
 |- Actor Package: /Game/Levels/SimplePuzzles
 |- Actor Path: /Game/Levels/SimplePuzzles.SimplePuzzles:PersistentLevel.DefaultPhysicsVolume_0
 |- Actor Package: /Game/Levels/SimplePuzzles
 |- Actor Path: /Game/Levels/SimplePuzzles.SimplePuzzles:PersistentLevel.DirectionalLight_0
 |- Actor Package: /Game/__ExternalActors__/Levels/SimplePuzzles/D/OA/M8SP1O7JBG8QD0GOME1GDE
 |- Actor Path: /Game/Levels/SimplePuzzles.SimplePuzzles:PersistentLevel.ExponentialHeightFog_0
 |- Actor Package: /Game/__ExternalActors__/Levels/SimplePuzzles/9/UH/K6N27ORWI4BABVS4SLW4TL
 |- Actor Path: /Game/Levels/SimplePuzzles.SimplePuzzles:PersistentLevel.GameplayDebuggerPlayerManager_0
 |- Actor Package: /Game/Levels/SimplePuzzles
 |- Actor Path: /Game/Levels/SimplePuzzles.SimplePuzzles:PersistentLevel.PlayerStart_0
 |- Actor Package: /Game/__ExternalActors__/Levels/SimplePuzzles/C/AJ/8B6ALC6YWMLQP1MKGELK3M
 |- Actor Path: /Game/Levels/SimplePuzzles.SimplePuzzles:PersistentLevel.PostProcessVolume_0
 |- Actor Package: /Game/__ExternalActors__/Levels/SimplePuzzles/4/B5/F76Q8GJHV1SBRA7JV6F3A4
 |- Actor Path: /Game/Levels/SimplePuzzles.SimplePuzzles:PersistentLevel.SkyAtmosphere_0
 |- Actor Package: /Game/__ExternalActors__/Levels/SimplePuzzles/E/SO/P9ASOIBCKJWWZ1ML324I2E
 |- Actor Path: /Game/Levels/SimplePuzzles.SimplePuzzles:PersistentLevel.SkyLight_1
 |- Actor Package: /Game/__ExternalActors__/Levels/SimplePuzzles/C/SH/0H6W0BS5JHBISIDT9FP14D
 |- Actor Path: /Game/Levels/SimplePuzzles.SimplePuzzles:PersistentLevel.StaticMeshActor_UAID_089798BF50FF5F2E02_1087819791
 |- Actor Package: /Game/__ExternalActors__/Levels/SimplePuzzles/0/QY/QIYYC2H0TXGVIMVFXBJ3ZN
 |- Actor Path: /Game/Levels/SimplePuzzles.SimplePuzzles:PersistentLevel.StaticMeshActor_UAID_644ED76AD861952702_1440859903
 |- Actor Package: /Game/__ExternalActors__/Levels/SimplePuzzles/8/KD/VX9G42C9USF7WFJG07FBNM
 |- Actor Path: /Game/Levels/SimplePuzzles.SimplePuzzles:PersistentLevel.StaticMeshActor_UAID_644ED76ADAC6F42502_1280279514
 |- Actor Package: /Game/__ExternalActors__/Levels/SimplePuzzles/3/E0/TFBRQGJECY0N0YQKRL63MJ
 |- Actor Path: /Game/Levels/SimplePuzzles.SimplePuzzles:PersistentLevel.StaticMeshActor_UAID_644ED76ADAC6F42502_1506885515
 |- Actor Package: /Game/__ExternalActors__/Levels/SimplePuzzles/4/PJ/0IUQVF95IUGZ2V964EEHW7
 |- Actor Path: /Game/Levels/SimplePuzzles.SimplePuzzles:PersistentLevel.StaticMeshActor_UAID_644ED76ADAC6F42502_1518024516
 |- Actor Package: /Game/__ExternalActors__/Levels/SimplePuzzles/2/P8/AXXCFY4CS198W8HZTDLJZD
 |- Actor Path: /Game/Levels/SimplePuzzles.SimplePuzzles:PersistentLevel.StaticMeshActor_UAID_644ED76ADAC6F42502_1530119517
 |- Actor Package: /Game/__ExternalActors__/Levels/SimplePuzzles/8/5O/VVGAQS9LJDCMBBQOQ822CP
 |- Actor Path: /Game/Levels/SimplePuzzles.SimplePuzzles:PersistentLevel.StaticMeshActor_UAID_644ED76ADAC6F42502_1848459518
 |- Actor Package: /Game/__ExternalActors__/Levels/SimplePuzzles/2/BG/ZYF20H1H2AKG49MEQOMXK8
 |- Actor Path: /Game/Levels/SimplePuzzles.SimplePuzzles:PersistentLevel.StaticMeshActor_UAID_644ED76ADAC6F42502_1868143519
 |- Actor Package: /Game/__ExternalActors__/Levels/SimplePuzzles/6/P9/Q6RE84C3J9B4GVYIC82ZOR
 |- Actor Path: /Game/Levels/SimplePuzzles.SimplePuzzles:PersistentLevel.StaticMeshActor_UAID_A4AE111137DC5EFB00_1110535423
 |- Actor Package: /Game/__ExternalActors__/Levels/SimplePuzzles/D/6A/59C1TDPUTZ4FRTRR2B5SQO
 |- Actor Path: /Game/Levels/SimplePuzzles.SimplePuzzles:PersistentLevel.VolumetricCloud_0
 |- Actor Package: /Game/__ExternalActors__/Levels/SimplePuzzles/C/VG/1PNW2M5KKS75YQ22QM8MLA
 |- Actor Path: /Game/Levels/SimplePuzzles.SimplePuzzles:PersistentLevel.WorldDataLayers
 |- Actor Package: /Game/__ExternalActors__/Levels/SimplePuzzles/D/VL/D3RSW7SP5W2YWI6N3ODRH5
 |- Actor Path: /Game/Levels/SimplePuzzles.SimplePuzzles:PersistentLevel.WorldInfo_0
 |- Actor Package: /Game/Levels/SimplePuzzles
 |- Actor Path: /Game/Levels/SimplePuzzles.SimplePuzzles:PersistentLevel.WorldPartitionMiniMap_0
 |- Actor Package: /Game/__ExternalActors__/Levels/SimplePuzzles/1/OC/YYDCEJQ1X3449QGEKBA2ND

----------------------------------------------------------------------------------------------------------------
SimplePuzzles - Runtime Spatial Hash - Streaming Grid - MainGrid
----------------------------------------------------------------------------------------------------------------
            Origin: X=0.000 Y=0.000 Z=0.000
         Cell Size: 12800
      World Bounds: IsValid=false, Min=(X=0.000 Y=0.000 Z=0.000), Max=(X=0.000 Y=0.000 Z=0.000)
     Loading Range: 25600.00
Block Slow Loading: No
 ClientOnlyVisible: No
            Origin: X=0.000 Y=0.000 Z=0.000

[+] Grid Levels: 1
 |- Level  0: Cell Count    0 | Cell Size   12800 | Actor Count    0 (0.0%)

[+] Content of Grid Level 0

